<?xml version="1.0" encoding="UTF-8"?>
<robot generator="Robot 7.3.2 (Python 3.9.23 on linux)" generated="2025-09-12T15:01:59.236091" rpa="false" schemaversion="5">
<suite id="s1" name="Usuarios Tests" source="/home/ec2-user/Testes Automatizados/tests/usuarios_tests.robot">
<kw name="Criar Sessao" owner="common" type="SETUP">
<kw name="Create Session" owner="RequestsLibrary">
<msg time="2025-09-12T15:01:59.585063" level="INFO">Creating Session using : alias=serverest, url=http://18.209.35.71:3000, headers={},                     cookies={}, auth=None, timeout=None, proxies=None, verify=False,                     debug=0 </msg>
<arg>serverest</arg>
<arg>${URL_BASE}</arg>
<doc>Create Session: create a HTTP session to a server</doc>
<status status="PASS" start="2025-09-12T15:01:59.584787" elapsed="0.000605"/>
</kw>
<status status="PASS" start="2025-09-12T15:01:59.583222" elapsed="0.002314"/>
</kw>
<test id="s1-t1" name="CT005: Cadastro de usuário com dados válidos" line="9">
<kw name="Criar Dados Usuario Valido" owner="dynamics">
<kw name="First Name" owner="FakerLibrary">
<msg time="2025-09-12T15:01:59.587177" level="INFO">${nome} = Ryan</msg>
<var>${nome}</var>
<status status="PASS" start="2025-09-12T15:01:59.586796" elapsed="0.000431"/>
</kw>
<kw name="Email" owner="FakerLibrary">
<msg time="2025-09-12T15:01:59.587909" level="INFO">${email} = anthony04@example.com</msg>
<var>${email}</var>
<status status="PASS" start="2025-09-12T15:01:59.587410" elapsed="0.000549"/>
</kw>
<kw name="Password" owner="FakerLibrary">
<msg time="2025-09-12T15:01:59.588441" level="INFO">${password} = (n0_I6Jo_U</msg>
<var>${password}</var>
<doc>Generate a random password of the specified ``length``.</doc>
<status status="PASS" start="2025-09-12T15:01:59.588159" elapsed="0.000337"/>
</kw>
<kw name="Boolean" owner="FakerLibrary">
<msg time="2025-09-12T15:01:59.588924" level="INFO">${administrador} = False</msg>
<var>${administrador}</var>
<doc>Generate a random boolean value based on ``chance_of_getting_true``.</doc>
<status status="PASS" start="2025-09-12T15:01:59.588683" elapsed="0.000288"/>
</kw>
<kw name="Convert To String" owner="BuiltIn">
<msg time="2025-09-12T15:01:59.589503" level="INFO">${administrador} = False</msg>
<var>${administrador}</var>
<arg>${administrador}</arg>
<doc>Converts the given item to a Unicode string.</doc>
<status status="PASS" start="2025-09-12T15:01:59.589179" elapsed="0.000377"/>
</kw>
<kw name="Create Dictionary" owner="BuiltIn">
<msg time="2025-09-12T15:01:59.590872" level="INFO">${payload} = {'nome': 'Ryan', 'email': 'anthony04@example.com', 'password': '(n0_I6Jo_U', 'administrador': 'false'}</msg>
<var>${payload}</var>
<arg>nome=${nome}</arg>
<arg>email=${email}</arg>
<arg>password=${password}</arg>
<arg>administrador=${administrador.lower()}</arg>
<doc>Creates and returns a dictionary based on the given ``items``.</doc>
<status status="PASS" start="2025-09-12T15:01:59.589784" elapsed="0.001140"/>
</kw>
<kw name="Set Global Variable" owner="BuiltIn">
<msg time="2025-09-12T15:01:59.591501" level="INFO">${payload} = {'nome': 'Ryan', 'email': 'anthony04@example.com', 'password': '(n0_I6Jo_U', 'administrador': 'false'}</msg>
<arg>${payload}</arg>
<doc>Makes a variable available globally in all tests and suites.</doc>
<status status="PASS" start="2025-09-12T15:01:59.591159" elapsed="0.000422"/>
</kw>
<status status="PASS" start="2025-09-12T15:01:59.586380" elapsed="0.005298"/>
</kw>
<kw name="POST Endpoint /usuarios" owner="usuarios_keywords">
<kw name="Create Dictionary" owner="BuiltIn">
<msg time="2025-09-12T15:01:59.592977" level="INFO">&amp;{header} = { Content-Type=application/json | Accept=application/json }</msg>
<var>&amp;{header}</var>
<arg>Content-Type=application/json</arg>
<arg>Accept=application/json</arg>
<doc>Creates and returns a dictionary based on the given ``items``.</doc>
<status status="PASS" start="2025-09-12T15:01:59.592636" elapsed="0.000393"/>
</kw>
<kw name="POST On Session" owner="RequestsLibrary">
<msg time="2025-09-12T15:01:59.612637" level="INFO">POST Request : url=http://18.209.35.71:3000/usuarios 
 path_url=/usuarios 
 headers={'User-Agent': 'python-requests/2.25.1', 'Accept-Encoding': 'gzip, deflate', 'Accept': 'application/json', 'Connection': 'keep-alive', 'Content-Type': 'application/json', 'Content-Length': '102'} 
 body=b'{"nome": "Ryan", "email": "anthony04@example.com", "password": "(n0_I6Jo_U", "administrador": "false"}' 
 </msg>
<msg time="2025-09-12T15:01:59.612780" level="INFO">POST Response : url=http://18.209.35.71:3000/usuarios 
 status=201, reason=Created 
 headers={'Access-Control-Allow-Origin': '*', 'x-dns-prefetch-control': 'off', 'x-frame-options': 'SAMEORIGIN', 'strict-transport-security': 'max-age=15552000; includeSubDomains', 'x-download-options': 'noopen', 'x-content-type-options': 'nosniff', 'x-xss-protection': '1; mode=block', 'Content-Type': 'application/json; charset=utf-8', 'Content-Length': '82', 'Date': 'Fri, 12 Sep 2025 15:01:59 GMT', 'Connection': 'keep-alive', 'Keep-Alive': 'timeout=5'} 
 body={
    "message": "Cadastro realizado com sucesso",
    "_id": "zPZngMyA6KZfqtJM"
} 
 </msg>
<msg time="2025-09-12T15:01:59.613022" level="INFO">${response} = &lt;Response [201]&gt;</msg>
<var>${response}</var>
<arg>serverest</arg>
<arg>/usuarios</arg>
<arg>json=${payload}</arg>
<arg>headers=${header}</arg>
<arg>expected_status=any</arg>
<doc>Sends a POST request on a previously created HTTP Session.</doc>
<status status="PASS" start="2025-09-12T15:01:59.593248" elapsed="0.019822"/>
</kw>
<kw name="Evaluate" owner="BuiltIn">
<msg time="2025-09-12T15:01:59.617115" level="INFO">${id} = zPZngMyA6KZfqtJM</msg>
<var>${id}</var>
<arg>$response.json().get("_id")</arg>
<doc>Evaluates the given expression in Python and returns the result.</doc>
<status status="PASS" start="2025-09-12T15:01:59.613338" elapsed="0.003829"/>
</kw>
<if>
<branch type="IF" condition="&quot;${id}&quot; != &quot;None&quot;">
<kw name="Set Global Variable" owner="BuiltIn">
<msg time="2025-09-12T15:01:59.618608" level="INFO">${ID_USUARIO} = zPZngMyA6KZfqtJM</msg>
<arg>${ID_USUARIO}</arg>
<arg>${id}</arg>
<doc>Makes a variable available globally in all tests and suites.</doc>
<status status="PASS" start="2025-09-12T15:01:59.617643" elapsed="0.001049"/>
</kw>
<status status="PASS" start="2025-09-12T15:01:59.617311" elapsed="0.001443"/>
</branch>
<status status="PASS" start="2025-09-12T15:01:59.617269" elapsed="0.001529"/>
</if>
<kw name="Set Global Variable" owner="BuiltIn">
<msg time="2025-09-12T15:01:59.619319" level="INFO">${response} = &lt;Response [201]&gt;</msg>
<arg>${response}</arg>
<doc>Makes a variable available globally in all tests and suites.</doc>
<status status="PASS" start="2025-09-12T15:01:59.618999" elapsed="0.000399"/>
</kw>
<status status="PASS" start="2025-09-12T15:01:59.592209" elapsed="0.027291"/>
</kw>
<kw name="Validar Status Code" owner="common">
<kw name="Should Be True" owner="BuiltIn">
<arg>${response.status_code}==${status_code}</arg>
<doc>Fails if the given condition is not true.</doc>
<status status="PASS" start="2025-09-12T15:01:59.623903" elapsed="0.001314"/>
</kw>
<arg>status_code=201</arg>
<status status="PASS" start="2025-09-12T15:01:59.623415" elapsed="0.001909"/>
</kw>
<kw name="Validar se a Resposta Contem &quot;_id&quot;" owner="common" source_name="Validar se a Resposta Contem &quot;${palavra}&quot;">
<kw name="Should Contain" owner="BuiltIn">
<arg>${response.json()}</arg>
<arg>${palavra}</arg>
<doc>Fails if ``container`` does not contain ``item`` one or more times.</doc>
<status status="PASS" start="2025-09-12T15:01:59.629495" elapsed="0.000673"/>
</kw>
<status status="PASS" start="2025-09-12T15:01:59.629011" elapsed="0.001268"/>
</kw>
<kw name="Validar se a Resposta Contem a Mensagem &quot;Cadastro realizado com sucesso&quot;" owner="common" source_name="Validar se a Resposta Contem a Mensagem &quot;${mensagem}&quot;">
<kw name="Should Contain" owner="BuiltIn">
<arg>${response.json()["message"]}</arg>
<arg>${mensagem}</arg>
<doc>Fails if ``container`` does not contain ``item`` one or more times.</doc>
<status status="PASS" start="2025-09-12T15:01:59.631131" elapsed="0.000641"/>
</kw>
<status status="PASS" start="2025-09-12T15:01:59.630684" elapsed="0.001262"/>
</kw>
<status status="PASS" start="2025-09-12T15:01:59.585631" elapsed="0.046622"/>
</test>
<test id="s1-t2" name="CT007: Cadastro de usuário com e-mail já utilizado por outro usuário" line="16">
<kw name="Pegar Dados Usuario com Email ja Utilizado Estatico" owner="usuarios_keywords">
<kw name="Importar JSON" owner="common">
<kw name="Load Json From File" owner="JSONLibrary">
<msg time="2025-09-12T15:01:59.634856" level="INFO">${data} = {'usuario_com_email_ja_utilizado': {'nome': 'Usuario invalido', 'email': 'fulano@qa.com', 'password': 'teste123', 'administrador': 'false'}}</msg>
<var>${data}</var>
<arg>/home/ec2-user/Testes Automatizados/support/fixtures/static/${nome_arquivo}</arg>
<doc>Load JSON from file.</doc>
<status status="PASS" start="2025-09-12T15:01:59.634370" elapsed="0.000539"/>
</kw>
<return>
<value>${data}</value>
<status status="PASS" start="2025-09-12T15:01:59.635018" elapsed="0.000065"/>
</return>
<msg time="2025-09-12T15:01:59.635311" level="INFO">${json} = {'usuario_com_email_ja_utilizado': {'nome': 'Usuario invalido', 'email': 'fulano@qa.com', 'password': 'teste123', 'administrador': 'false'}}</msg>
<var>${json}</var>
<arg>usuarios_invalidos.json</arg>
<status status="PASS" start="2025-09-12T15:01:59.633925" elapsed="0.001436"/>
</kw>
<kw name="Set Global Variable" owner="BuiltIn">
<msg time="2025-09-12T15:01:59.636264" level="INFO">${payload} = {'nome': 'Usuario invalido', 'email': 'fulano@qa.com', 'password': 'teste123', 'administrador': 'false'}</msg>
<arg>${payload}</arg>
<arg>${json["usuario_com_email_ja_utilizado"]}</arg>
<doc>Makes a variable available globally in all tests and suites.</doc>
<status status="PASS" start="2025-09-12T15:01:59.635576" elapsed="0.000774"/>
</kw>
<status status="PASS" start="2025-09-12T15:01:59.633461" elapsed="0.003001"/>
</kw>
<kw name="POST Endpoint /usuarios" owner="usuarios_keywords">
<kw name="Create Dictionary" owner="BuiltIn">
<msg time="2025-09-12T15:01:59.637668" level="INFO">&amp;{header} = { Content-Type=application/json | Accept=application/json }</msg>
<var>&amp;{header}</var>
<arg>Content-Type=application/json</arg>
<arg>Accept=application/json</arg>
<doc>Creates and returns a dictionary based on the given ``items``.</doc>
<status status="PASS" start="2025-09-12T15:01:59.637321" elapsed="0.000397"/>
</kw>
<kw name="POST On Session" owner="RequestsLibrary">
<msg time="2025-09-12T15:01:59.644156" level="INFO">POST Request : url=http://18.209.35.71:3000/usuarios 
 path_url=/usuarios 
 headers={'User-Agent': 'python-requests/2.25.1', 'Accept-Encoding': 'gzip, deflate', 'Accept': 'application/json', 'Connection': 'keep-alive', 'Content-Type': 'application/json', 'Content-Length': '104'} 
 body=b'{"nome": "Usuario invalido", "email": "fulano@qa.com", "password": "teste123", "administrador": "false"}' 
 </msg>
<msg time="2025-09-12T15:01:59.644265" level="INFO">POST Response : url=http://18.209.35.71:3000/usuarios 
 status=400, reason=Bad Request 
 headers={'Access-Control-Allow-Origin': '*', 'x-dns-prefetch-control': 'off', 'x-frame-options': 'SAMEORIGIN', 'strict-transport-security': 'max-age=15552000; includeSubDomains', 'x-download-options': 'noopen', 'x-content-type-options': 'nosniff', 'x-xss-protection': '1; mode=block', 'Content-Type': 'application/json; charset=utf-8', 'Content-Length': '53', 'Date': 'Fri, 12 Sep 2025 15:01:59 GMT', 'Connection': 'keep-alive', 'Keep-Alive': 'timeout=5'} 
 body={
    "message": "Este email já está sendo usado"
} 
 </msg>
<msg time="2025-09-12T15:01:59.644444" level="INFO">${response} = &lt;Response [400]&gt;</msg>
<var>${response}</var>
<arg>serverest</arg>
<arg>/usuarios</arg>
<arg>json=${payload}</arg>
<arg>headers=${header}</arg>
<arg>expected_status=any</arg>
<doc>Sends a POST request on a previously created HTTP Session.</doc>
<status status="PASS" start="2025-09-12T15:01:59.637944" elapsed="0.006585"/>
</kw>
<kw name="Evaluate" owner="BuiltIn">
<msg time="2025-09-12T15:01:59.645252" level="INFO">${id} = None</msg>
<var>${id}</var>
<arg>$response.json().get("_id")</arg>
<doc>Evaluates the given expression in Python and returns the result.</doc>
<status status="PASS" start="2025-09-12T15:01:59.644770" elapsed="0.000534"/>
</kw>
<if>
<branch type="IF" condition="&quot;${id}&quot; != &quot;None&quot;">
<kw name="Set Global Variable" owner="BuiltIn">
<arg>${ID_USUARIO}</arg>
<arg>${id}</arg>
<doc>Makes a variable available globally in all tests and suites.</doc>
<status status="NOT RUN" start="2025-09-12T15:01:59.645777" elapsed="0.000040"/>
</kw>
<status status="NOT RUN" start="2025-09-12T15:01:59.645437" elapsed="0.000442"/>
</branch>
<status status="PASS" start="2025-09-12T15:01:59.645401" elapsed="0.000522"/>
</if>
<kw name="Set Global Variable" owner="BuiltIn">
<msg time="2025-09-12T15:01:59.646426" level="INFO">${response} = &lt;Response [400]&gt;</msg>
<arg>${response}</arg>
<doc>Makes a variable available globally in all tests and suites.</doc>
<status status="PASS" start="2025-09-12T15:01:59.646111" elapsed="0.000397"/>
</kw>
<status status="PASS" start="2025-09-12T15:01:59.636898" elapsed="0.009708"/>
</kw>
<kw name="Validar Status Code" owner="common">
<kw name="Should Be True" owner="BuiltIn">
<arg>${response.status_code}==${status_code}</arg>
<doc>Fails if the given condition is not true.</doc>
<status status="PASS" start="2025-09-12T15:01:59.648784" elapsed="0.001067"/>
</kw>
<arg>status_code=400</arg>
<status status="PASS" start="2025-09-12T15:01:59.648290" elapsed="0.001667"/>
</kw>
<kw name="Validar se a Resposta nao Contem &quot;_id&quot;" owner="common" source_name="Validar se a Resposta nao Contem &quot;${palavra}&quot;">
<kw name="Should Not Contain" owner="BuiltIn">
<arg>${response.json()}</arg>
<arg>${palavra}</arg>
<doc>Fails if ``container`` contains ``item`` one or more times.</doc>
<status status="PASS" start="2025-09-12T15:01:59.651810" elapsed="0.000667"/>
</kw>
<status status="PASS" start="2025-09-12T15:01:59.650309" elapsed="0.002278"/>
</kw>
<kw name="Validar se a Resposta Contem a Mensagem &quot;Este email já está sendo usado&quot;" owner="common" source_name="Validar se a Resposta Contem a Mensagem &quot;${mensagem}&quot;">
<kw name="Should Contain" owner="BuiltIn">
<arg>${response.json()["message"]}</arg>
<arg>${mensagem}</arg>
<doc>Fails if ``container`` does not contain ``item`` one or more times.</doc>
<status status="PASS" start="2025-09-12T15:01:59.653385" elapsed="0.000644"/>
</kw>
<status status="PASS" start="2025-09-12T15:01:59.652945" elapsed="0.001193"/>
</kw>
<status status="PASS" start="2025-09-12T15:01:59.632780" elapsed="0.021603"/>
</test>
<test id="s1-t3" name="CT013: Edição de usuário com dados válidos" line="23">
<kw name="Criar Dados Usuario Valido" owner="dynamics">
<kw name="First Name" owner="FakerLibrary">
<msg time="2025-09-12T15:01:59.657563" level="INFO">${nome} = Victoria</msg>
<var>${nome}</var>
<status status="PASS" start="2025-09-12T15:01:59.657208" elapsed="0.000404"/>
</kw>
<kw name="Email" owner="FakerLibrary">
<msg time="2025-09-12T15:01:59.658181" level="INFO">${email} = brian45@example.org</msg>
<var>${email}</var>
<status status="PASS" start="2025-09-12T15:01:59.657803" elapsed="0.000426"/>
</kw>
<kw name="Password" owner="FakerLibrary">
<msg time="2025-09-12T15:01:59.658719" level="INFO">${password} = 4oXtP9Vf#p</msg>
<var>${password}</var>
<doc>Generate a random password of the specified ``length``.</doc>
<status status="PASS" start="2025-09-12T15:01:59.658412" elapsed="0.000354"/>
</kw>
<kw name="Boolean" owner="FakerLibrary">
<msg time="2025-09-12T15:01:59.659226" level="INFO">${administrador} = False</msg>
<var>${administrador}</var>
<doc>Generate a random boolean value based on ``chance_of_getting_true``.</doc>
<status status="PASS" start="2025-09-12T15:01:59.658949" elapsed="0.000324"/>
</kw>
<kw name="Convert To String" owner="BuiltIn">
<msg time="2025-09-12T15:01:59.659830" level="INFO">${administrador} = False</msg>
<var>${administrador}</var>
<arg>${administrador}</arg>
<doc>Converts the given item to a Unicode string.</doc>
<status status="PASS" start="2025-09-12T15:01:59.659478" elapsed="0.000398"/>
</kw>
<kw name="Create Dictionary" owner="BuiltIn">
<msg time="2025-09-12T15:01:59.661070" level="INFO">${payload} = {'nome': 'Victoria', 'email': 'brian45@example.org', 'password': '4oXtP9Vf#p', 'administrador': 'false'}</msg>
<var>${payload}</var>
<arg>nome=${nome}</arg>
<arg>email=${email}</arg>
<arg>password=${password}</arg>
<arg>administrador=${administrador.lower()}</arg>
<doc>Creates and returns a dictionary based on the given ``items``.</doc>
<status status="PASS" start="2025-09-12T15:01:59.660149" elapsed="0.000972"/>
</kw>
<kw name="Set Global Variable" owner="BuiltIn">
<msg time="2025-09-12T15:01:59.661673" level="INFO">${payload} = {'nome': 'Victoria', 'email': 'brian45@example.org', 'password': '4oXtP9Vf#p', 'administrador': 'false'}</msg>
<arg>${payload}</arg>
<doc>Makes a variable available globally in all tests and suites.</doc>
<status status="PASS" start="2025-09-12T15:01:59.661350" elapsed="0.000404"/>
</kw>
<status status="PASS" start="2025-09-12T15:01:59.656808" elapsed="0.005053"/>
</kw>
<kw name="PUT Endpoint /usuarios/id" owner="usuarios_keywords">
<kw name="Create Dictionary" owner="BuiltIn">
<msg time="2025-09-12T15:01:59.663038" level="INFO">&amp;{header} = { Content-Type=application/json | Accept=application/json }</msg>
<var>&amp;{header}</var>
<arg>Content-Type=application/json</arg>
<arg>Accept=application/json</arg>
<doc>Creates and returns a dictionary based on the given ``items``.</doc>
<status status="PASS" start="2025-09-12T15:01:59.662707" elapsed="0.000381"/>
</kw>
<kw name="PUT On Session" owner="RequestsLibrary">
<msg time="2025-09-12T15:01:59.672343" level="INFO">PUT Request : url=http://18.209.35.71:3000/usuarios/zPZngMyA6KZfqtJM 
 path_url=/usuarios/zPZngMyA6KZfqtJM 
 headers={'User-Agent': 'python-requests/2.25.1', 'Accept-Encoding': 'gzip, deflate', 'Accept': 'application/json', 'Connection': 'keep-alive', 'Content-Type': 'application/json', 'Content-Length': '104'} 
 body=b'{"nome": "Victoria", "email": "brian45@example.org", "password": "4oXtP9Vf#p", "administrador": "false"}' 
 </msg>
<msg time="2025-09-12T15:01:59.672458" level="INFO">PUT Response : url=http://18.209.35.71:3000/usuarios/zPZngMyA6KZfqtJM 
 status=200, reason=OK 
 headers={'Access-Control-Allow-Origin': '*', 'x-dns-prefetch-control': 'off', 'x-frame-options': 'SAMEORIGIN', 'strict-transport-security': 'max-age=15552000; includeSubDomains', 'x-download-options': 'noopen', 'x-content-type-options': 'nosniff', 'x-xss-protection': '1; mode=block', 'Content-Type': 'application/json; charset=utf-8', 'Content-Length': '50', 'Date': 'Fri, 12 Sep 2025 15:01:59 GMT', 'Connection': 'keep-alive', 'Keep-Alive': 'timeout=5'} 
 body={
    "message": "Registro alterado com sucesso"
} 
 </msg>
<msg time="2025-09-12T15:01:59.672625" level="INFO">${response} = &lt;Response [200]&gt;</msg>
<var>${response}</var>
<arg>serverest</arg>
<arg>/usuarios/${id_usuario}</arg>
<arg>json=${payload}</arg>
<arg>headers=${header}</arg>
<arg>expected_status=any</arg>
<doc>Sends a PUT request on a previously created HTTP Session.</doc>
<status status="PASS" start="2025-09-12T15:01:59.663317" elapsed="0.009354"/>
</kw>
<kw name="Set Global Variable" owner="BuiltIn">
<msg time="2025-09-12T15:01:59.673229" level="INFO">${response} = &lt;Response [200]&gt;</msg>
<arg>${response}</arg>
<doc>Makes a variable available globally in all tests and suites.</doc>
<status status="PASS" start="2025-09-12T15:01:59.672911" elapsed="0.000400"/>
</kw>
<arg>${ID_USUARIO}</arg>
<status status="PASS" start="2025-09-12T15:01:59.662213" elapsed="0.011197"/>
</kw>
<kw name="Validar Status Code" owner="common">
<kw name="Should Be True" owner="BuiltIn">
<arg>${response.status_code}==${status_code}</arg>
<doc>Fails if the given condition is not true.</doc>
<status status="PASS" start="2025-09-12T15:01:59.674225" elapsed="0.001110"/>
</kw>
<arg>status_code=200</arg>
<status status="PASS" start="2025-09-12T15:01:59.673751" elapsed="0.001692"/>
</kw>
<kw name="Validar se a Resposta Contem a Mensagem &quot;Registro alterado com sucesso&quot;" owner="common" source_name="Validar se a Resposta Contem a Mensagem &quot;${mensagem}&quot;">
<kw name="Should Contain" owner="BuiltIn">
<arg>${response.json()["message"]}</arg>
<arg>${mensagem}</arg>
<doc>Fails if ``container`` does not contain ``item`` one or more times.</doc>
<status status="PASS" start="2025-09-12T15:01:59.677673" elapsed="0.000641"/>
</kw>
<status status="PASS" start="2025-09-12T15:01:59.677212" elapsed="0.001214"/>
</kw>
<status status="PASS" start="2025-09-12T15:01:59.654844" elapsed="0.023827"/>
</test>
<test id="s1-t4" name="CT015: Edição de usuário com e-mail já utilizado" line="29">
<kw name="Pegar Dados Usuario com Email ja Utilizado Estatico" owner="usuarios_keywords">
<kw name="Importar JSON" owner="common">
<kw name="Load Json From File" owner="JSONLibrary">
<msg time="2025-09-12T15:01:59.681060" level="INFO">${data} = {'usuario_com_email_ja_utilizado': {'nome': 'Usuario invalido', 'email': 'fulano@qa.com', 'password': 'teste123', 'administrador': 'false'}}</msg>
<var>${data}</var>
<arg>/home/ec2-user/Testes Automatizados/support/fixtures/static/${nome_arquivo}</arg>
<doc>Load JSON from file.</doc>
<status status="PASS" start="2025-09-12T15:01:59.680601" elapsed="0.000510"/>
</kw>
<return>
<value>${data}</value>
<status status="PASS" start="2025-09-12T15:01:59.681195" elapsed="0.000058"/>
</return>
<msg time="2025-09-12T15:01:59.681466" level="INFO">${json} = {'usuario_com_email_ja_utilizado': {'nome': 'Usuario invalido', 'email': 'fulano@qa.com', 'password': 'teste123', 'administrador': 'false'}}</msg>
<var>${json}</var>
<arg>usuarios_invalidos.json</arg>
<status status="PASS" start="2025-09-12T15:01:59.680160" elapsed="0.001351"/>
</kw>
<kw name="Set Global Variable" owner="BuiltIn">
<msg time="2025-09-12T15:01:59.682426" level="INFO">${payload} = {'nome': 'Usuario invalido', 'email': 'fulano@qa.com', 'password': 'teste123', 'administrador': 'false'}</msg>
<arg>${payload}</arg>
<arg>${json["usuario_com_email_ja_utilizado"]}</arg>
<doc>Makes a variable available globally in all tests and suites.</doc>
<status status="PASS" start="2025-09-12T15:01:59.681738" elapsed="0.000772"/>
</kw>
<status status="PASS" start="2025-09-12T15:01:59.679716" elapsed="0.002896"/>
</kw>
<kw name="PUT Endpoint /usuarios/id" owner="usuarios_keywords">
<kw name="Create Dictionary" owner="BuiltIn">
<msg time="2025-09-12T15:01:59.684023" level="INFO">&amp;{header} = { Content-Type=application/json | Accept=application/json }</msg>
<var>&amp;{header}</var>
<arg>Content-Type=application/json</arg>
<arg>Accept=application/json</arg>
<doc>Creates and returns a dictionary based on the given ``items``.</doc>
<status status="PASS" start="2025-09-12T15:01:59.683465" elapsed="0.000611"/>
</kw>
<kw name="PUT On Session" owner="RequestsLibrary">
<msg time="2025-09-12T15:01:59.692216" level="INFO">PUT Request : url=http://18.209.35.71:3000/usuarios/zPZngMyA6KZfqtJM 
 path_url=/usuarios/zPZngMyA6KZfqtJM 
 headers={'User-Agent': 'python-requests/2.25.1', 'Accept-Encoding': 'gzip, deflate', 'Accept': 'application/json', 'Connection': 'keep-alive', 'Content-Type': 'application/json', 'Content-Length': '104'} 
 body=b'{"nome": "Usuario invalido", "email": "fulano@qa.com", "password": "teste123", "administrador": "false"}' 
 </msg>
<msg time="2025-09-12T15:01:59.692324" level="INFO">PUT Response : url=http://18.209.35.71:3000/usuarios/zPZngMyA6KZfqtJM 
 status=400, reason=Bad Request 
 headers={'Access-Control-Allow-Origin': '*', 'x-dns-prefetch-control': 'off', 'x-frame-options': 'SAMEORIGIN', 'strict-transport-security': 'max-age=15552000; includeSubDomains', 'x-download-options': 'noopen', 'x-content-type-options': 'nosniff', 'x-xss-protection': '1; mode=block', 'Content-Type': 'application/json; charset=utf-8', 'Content-Length': '53', 'Date': 'Fri, 12 Sep 2025 15:01:59 GMT', 'Connection': 'keep-alive', 'Keep-Alive': 'timeout=5'} 
 body={
    "message": "Este email já está sendo usado"
} 
 </msg>
<msg time="2025-09-12T15:01:59.692504" level="INFO">${response} = &lt;Response [400]&gt;</msg>
<var>${response}</var>
<arg>serverest</arg>
<arg>/usuarios/${id_usuario}</arg>
<arg>json=${payload}</arg>
<arg>headers=${header}</arg>
<arg>expected_status=any</arg>
<doc>Sends a PUT request on a previously created HTTP Session.</doc>
<status status="PASS" start="2025-09-12T15:01:59.684296" elapsed="0.008301"/>
</kw>
<kw name="Set Global Variable" owner="BuiltIn">
<msg time="2025-09-12T15:01:59.693190" level="INFO">${response} = &lt;Response [400]&gt;</msg>
<arg>${response}</arg>
<doc>Makes a variable available globally in all tests and suites.</doc>
<status status="PASS" start="2025-09-12T15:01:59.692847" elapsed="0.000428"/>
</kw>
<arg>${ID_USUARIO}</arg>
<status status="PASS" start="2025-09-12T15:01:59.682964" elapsed="0.010411"/>
</kw>
<kw name="Validar Status Code" owner="common">
<kw name="Should Be True" owner="BuiltIn">
<arg>${response.status_code}==${status_code}</arg>
<doc>Fails if the given condition is not true.</doc>
<status status="PASS" start="2025-09-12T15:01:59.694179" elapsed="0.001147"/>
</kw>
<arg>status_code=400</arg>
<status status="PASS" start="2025-09-12T15:01:59.693715" elapsed="0.001718"/>
</kw>
<kw name="Validar se a Resposta Contem a Mensagem &quot;Este email já está sendo usado&quot;" owner="common" source_name="Validar se a Resposta Contem a Mensagem &quot;${mensagem}&quot;">
<kw name="Should Contain" owner="BuiltIn">
<arg>${response.json()["message"]}</arg>
<arg>${mensagem}</arg>
<doc>Fails if ``container`` does not contain ``item`` one or more times.</doc>
<status status="PASS" start="2025-09-12T15:01:59.697737" elapsed="0.000637"/>
</kw>
<status status="PASS" start="2025-09-12T15:01:59.697275" elapsed="0.001209"/>
</kw>
<status status="PASS" start="2025-09-12T15:01:59.679097" elapsed="0.019634"/>
</test>
<test id="s1-t5" name="CT025: Busca de usuários como usuário não administrador" line="35">
<kw name="Pegar Dados Login Estatico Usuario Administrador Valido" owner="login_keywords">
<kw name="Importar JSON" owner="common">
<kw name="Load Json From File" owner="JSONLibrary">
<msg time="2025-09-12T15:01:59.701129" level="INFO">${data} = {'usuario_comum': {'email': 'usuarioteste@teste.com', 'password': 'teste'}, 'usuario_adm': {'email': 'usuarioadm@teste.com', 'password': 'teste'}}</msg>
<var>${data}</var>
<arg>/home/ec2-user/Testes Automatizados/support/fixtures/static/${nome_arquivo}</arg>
<doc>Load JSON from file.</doc>
<status status="PASS" start="2025-09-12T15:01:59.700689" elapsed="0.000491"/>
</kw>
<return>
<value>${data}</value>
<status status="PASS" start="2025-09-12T15:01:59.701262" elapsed="0.000056"/>
</return>
<msg time="2025-09-12T15:01:59.701527" level="INFO">${json} = {'usuario_comum': {'email': 'usuarioteste@teste.com', 'password': 'teste'}, 'usuario_adm': {'email': 'usuarioadm@teste.com', 'password': 'teste'}}</msg>
<var>${json}</var>
<arg>usuarios_validos.json</arg>
<status status="PASS" start="2025-09-12T15:01:59.700239" elapsed="0.001333"/>
</kw>
<kw name="Set Global Variable" owner="BuiltIn">
<msg time="2025-09-12T15:01:59.702478" level="INFO">${payload} = {'email': 'usuarioadm@teste.com', 'password': 'teste'}</msg>
<arg>${payload}</arg>
<arg>${json["usuario_adm"]}</arg>
<doc>Makes a variable available globally in all tests and suites.</doc>
<status status="PASS" start="2025-09-12T15:01:59.701793" elapsed="0.000770"/>
</kw>
<status status="PASS" start="2025-09-12T15:01:59.699799" elapsed="0.002866"/>
</kw>
<kw name="POST Endpoint /login" owner="login_keywords">
<kw name="POST On Session" owner="RequestsLibrary">
<msg time="2025-09-12T15:01:59.709815" level="INFO">POST Request : url=http://18.209.35.71:3000/login 
 path_url=/login 
 headers={'User-Agent': 'python-requests/2.25.1', 'Accept-Encoding': 'gzip, deflate', 'Accept': '*/*', 'Connection': 'keep-alive', 'Content-Length': '54', 'Content-Type': 'application/json'} 
 body=b'{"email": "usuarioadm@teste.com", "password": "teste"}' 
 </msg>
<msg time="2025-09-12T15:01:59.709924" level="INFO">POST Response : url=http://18.209.35.71:3000/login 
 status=200, reason=OK 
 headers={'Access-Control-Allow-Origin': '*', 'x-dns-prefetch-control': 'off', 'x-frame-options': 'SAMEORIGIN', 'strict-transport-security': 'max-age=15552000; includeSubDomains', 'x-download-options': 'noopen', 'x-content-type-options': 'nosniff', 'x-xss-protection': '1; mode=block', 'Content-Type': 'application/json; charset=utf-8', 'Content-Length': '275', 'Date': 'Fri, 12 Sep 2025 15:01:59 GMT', 'Connection': 'keep-alive', 'Keep-Alive': 'timeout=5'} 
 body={
    "message": "Login realizado com sucesso",
    "authorization": "Bearer eyJhbGciOiJIUzI1NiIsInR5cCI6IkpXVCJ9.eyJlbWFpbCI6InVzdWFyaW9hZG1AdGVzdGUuY29tIiwicGFzc3dvcmQiOiJ0ZXN0ZSIsImlhdCI6MTc1NzY4OTMxOSwiZXhwIjoxNzU3Njg5OTE5fQ.KdP2YBECxNpQWk51ImrRTRBYyNqe1BT92w7Gl7AoCMo"
} 
 </msg>
<msg time="2025-09-12T15:01:59.710105" level="INFO">${response} = &lt;Response [200]&gt;</msg>
<var>${response}</var>
<arg>serverest</arg>
<arg>/login</arg>
<arg>json=${payload}</arg>
<arg>expected_status=any</arg>
<doc>Sends a POST request on a previously created HTTP Session.</doc>
<status status="PASS" start="2025-09-12T15:01:59.703507" elapsed="0.006644"/>
</kw>
<kw name="Evaluate" owner="BuiltIn">
<msg time="2025-09-12T15:01:59.710902" level="INFO">${authorization} = Bearer eyJhbGciOiJIUzI1NiIsInR5cCI6IkpXVCJ9.eyJlbWFpbCI6InVzdWFyaW9hZG1AdGVzdGUuY29tIiwicGFzc3dvcmQiOiJ0ZXN0ZSIsImlhdCI6MTc1NzY4OTMxOSwiZXhwIjoxNzU3Njg5OTE5fQ.KdP2YBECxNpQWk51ImrRTRBYyNqe1BT92w7Gl7AoC...</msg>
<var>${authorization}</var>
<arg>$response.json().get("authorization")</arg>
<doc>Evaluates the given expression in Python and returns the result.</doc>
<status status="PASS" start="2025-09-12T15:01:59.710418" elapsed="0.000538"/>
</kw>
<if>
<branch type="IF" condition="&quot;${authorization}&quot; != &quot;None&quot;">
<kw name="Set Global Variable" owner="BuiltIn">
<msg time="2025-09-12T15:01:59.712460" level="INFO">${TOKEN} = Bearer eyJhbGciOiJIUzI1NiIsInR5cCI6IkpXVCJ9.eyJlbWFpbCI6InVzdWFyaW9hZG1AdGVzdGUuY29tIiwicGFzc3dvcmQiOiJ0ZXN0ZSIsImlhdCI6MTc1NzY4OTMxOSwiZXhwIjoxNzU3Njg5OTE5fQ.KdP2YBECxNpQWk51ImrRTRBYyNqe1BT92w7Gl7AoC...</msg>
<arg>${TOKEN}</arg>
<arg>${authorization}</arg>
<doc>Makes a variable available globally in all tests and suites.</doc>
<status status="PASS" start="2025-09-12T15:01:59.711450" elapsed="0.001099"/>
</kw>
<status status="PASS" start="2025-09-12T15:01:59.711113" elapsed="0.001499"/>
</branch>
<status status="PASS" start="2025-09-12T15:01:59.711061" elapsed="0.001594"/>
</if>
<kw name="Set Global Variable" owner="BuiltIn">
<msg time="2025-09-12T15:01:59.713170" level="INFO">${response} = &lt;Response [200]&gt;</msg>
<arg>${response}</arg>
<doc>Makes a variable available globally in all tests and suites.</doc>
<status status="PASS" start="2025-09-12T15:01:59.712853" elapsed="0.000397"/>
</kw>
<status status="PASS" start="2025-09-12T15:01:59.703095" elapsed="0.010254"/>
</kw>
<kw name="GET Endpoint /usuarios" owner="usuarios_keywords">
<kw name="Create Dictionary" owner="BuiltIn">
<msg time="2025-09-12T15:01:59.716301" level="INFO">&amp;{header} = { Content-Type=application/json | Accept=application/json | Authorization=Bearer eyJhbGciOiJIUzI1NiIsInR5cCI6IkpXVCJ9.eyJlbWFpbCI6InVzdWFyaW9hZG1AdGVzdGUuY29tIiwicGFzc3dvcmQiOiJ0ZXN0ZSIsImlhdCI6MTc1Nz...</msg>
<var>&amp;{header}</var>
<arg>Content-Type=application/json</arg>
<arg>Accept=application/json</arg>
<arg>Authorization=${token}</arg>
<doc>Creates and returns a dictionary based on the given ``items``.</doc>
<status status="PASS" start="2025-09-12T15:01:59.715880" elapsed="0.000473"/>
</kw>
<kw name="GET On Session" owner="RequestsLibrary">
<msg time="2025-09-12T15:01:59.723974" level="INFO">GET Request : url=http://18.209.35.71:3000/usuarios 
 path_url=/usuarios 
 headers={'User-Agent': 'python-requests/2.25.1', 'Accept-Encoding': 'gzip, deflate', 'Accept': 'application/json', 'Connection': 'keep-alive', 'Content-Type': 'application/json', 'Authorization': 'Bearer eyJhbGciOiJIUzI1NiIsInR5cCI6IkpXVCJ9.eyJlbWFpbCI6InVzdWFyaW9hZG1AdGVzdGUuY29tIiwicGFzc3dvcmQiOiJ0ZXN0ZSIsImlhdCI6MTc1NzY4OTMxOSwiZXhwIjoxNzU3Njg5OTE5fQ.KdP2YBECxNpQWk51ImrRTRBYyNqe1BT92w7Gl7AoCMo'} 
 body=None 
 </msg>
<msg time="2025-09-12T15:01:59.724131" level="INFO">GET Response : url=http://18.209.35.71:3000/usuarios 
 status=200, reason=OK 
 headers={'Access-Control-Allow-Origin': '*', 'x-dns-prefetch-control': 'off', 'x-frame-options': 'SAMEORIGIN', 'strict-transport-security': 'max-age=15552000; includeSubDomains', 'x-download-options': 'noopen', 'x-content-type-options': 'nosniff', 'x-xss-protection': '1; mode=block', 'Content-Type': 'application/json; charset=utf-8', 'Content-Length': '1096', 'Date': 'Fri, 12 Sep 2025 15:01:59 GMT', 'Connection': 'keep-alive', 'Keep-Alive': 'timeout=5'} 
 body={
    "quantidade": 5,
    "usuarios": [
        {
            "nome": "Fulano da Silva",
            "email": "fulano@qa.com",
            "password": "teste",
            "administrador": "true",
            "_id": "0uxuPY0cbmQhpEz1"
        },
        {
            "nome": "Usuario Comum",
            "email": "usuarioteste@teste.com",
            "password": "teste",
            "administrador": "false",
            "_id": "R0aCMxucMqJL85jL"
        },
        {
            "nome": "Usuario Adm",
            "email": "usuarioadm@teste.com",
            "password": "teste",
            "administrador": "true",
            "_id": "aOpHUKnOLXzuJD5T"
        },
        {
            "nome": "Milan",
            "email": "Eric@icloud.com",
            "password": "qqlRaDf1yZrHZTu",
            "administrador": "false",
            "_id": "mcg2IJ62CuoG385H"
        },
        {
            "nome": "Victoria",
            "email": "brian45@example.org",
            "password": "4oXtP9Vf#p",
            "administrador": "false",
            "_id": "zPZngMyA6KZfqtJM"
        }
    ]
} 
 </msg>
<msg time="2025-09-12T15:01:59.724312" level="INFO">${response} = &lt;Response [200]&gt;</msg>
<var>${response}</var>
<arg>serverest</arg>
<arg>/usuarios</arg>
<arg>headers=${header}</arg>
<doc>Sends a GET request on a previously created HTTP Session.</doc>
<status status="PASS" start="2025-09-12T15:01:59.716582" elapsed="0.007786"/>
</kw>
<kw name="Set Global Variable" owner="BuiltIn">
<msg time="2025-09-12T15:01:59.724947" level="INFO">${response} = &lt;Response [200]&gt;</msg>
<arg>${response}</arg>
<doc>Makes a variable available globally in all tests and suites.</doc>
<status status="PASS" start="2025-09-12T15:01:59.724628" elapsed="0.000400"/>
</kw>
<arg>${TOKEN}</arg>
<status status="PASS" start="2025-09-12T15:01:59.715378" elapsed="0.009749"/>
</kw>
<kw name="Validar Status Code" owner="common">
<kw name="Should Be True" owner="BuiltIn">
<msg time="2025-09-12T15:01:59.727071" level="FAIL">'200==403' should be true.</msg>
<arg>${response.status_code}==${status_code}</arg>
<doc>Fails if the given condition is not true.</doc>
<status status="FAIL" start="2025-09-12T15:01:59.725927" elapsed="0.001284">'200==403' should be true.</status>
</kw>
<arg>status_code=403</arg>
<status status="FAIL" start="2025-09-12T15:01:59.725455" elapsed="0.002175">'200==403' should be true.</status>
</kw>
<kw name="Validar se a Resposta Contem a Mensagem &quot;Rota exclusiva para administradores&quot;" owner="common" source_name="Validar se a Resposta Contem a Mensagem &quot;${mensagem}&quot;">
<status status="NOT RUN" start="2025-09-12T15:01:59.729686" elapsed="0.000065"/>
</kw>
<status status="FAIL" start="2025-09-12T15:01:59.699158" elapsed="0.030902">'200==403' should be true.</status>
</test>
<test id="s1-t6" name="CT029: Exclusão de usuário com parâmetro de _id válido" line="42">
<kw name="DELETE Endpoint /usuarios/id" owner="usuarios_keywords">
<kw name="Create Dictionary" owner="BuiltIn">
<msg time="2025-09-12T15:01:59.732018" level="INFO">&amp;{header} = { Content-Type=application/json | Accept=application/json }</msg>
<var>&amp;{header}</var>
<arg>Content-Type=application/json</arg>
<arg>Accept=application/json</arg>
<doc>Creates and returns a dictionary based on the given ``items``.</doc>
<status status="PASS" start="2025-09-12T15:01:59.731683" elapsed="0.000386"/>
</kw>
<kw name="DELETE On Session" owner="RequestsLibrary">
<msg time="2025-09-12T15:01:59.747985" level="INFO">DELETE Request : url=http://18.209.35.71:3000/usuarios/zPZngMyA6KZfqtJM 
 path_url=/usuarios/zPZngMyA6KZfqtJM 
 headers={'User-Agent': 'python-requests/2.25.1', 'Accept-Encoding': 'gzip, deflate', 'Accept': 'application/json', 'Connection': 'keep-alive', 'Content-Type': 'application/json', 'Content-Length': '0'} 
 body=None 
 </msg>
<msg time="2025-09-12T15:01:59.748110" level="INFO">DELETE Response : url=http://18.209.35.71:3000/usuarios/zPZngMyA6KZfqtJM 
 status=200, reason=OK 
 headers={'Access-Control-Allow-Origin': '*', 'x-dns-prefetch-control': 'off', 'x-frame-options': 'SAMEORIGIN', 'strict-transport-security': 'max-age=15552000; includeSubDomains', 'x-download-options': 'noopen', 'x-content-type-options': 'nosniff', 'x-xss-protection': '1; mode=block', 'Content-Type': 'application/json; charset=utf-8', 'Content-Length': '51', 'Date': 'Fri, 12 Sep 2025 15:01:59 GMT', 'Connection': 'keep-alive', 'Keep-Alive': 'timeout=5'} 
 body={
    "message": "Registro excluído com sucesso"
} 
 </msg>
<msg time="2025-09-12T15:01:59.748305" level="INFO">${response} = &lt;Response [200]&gt;</msg>
<var>${response}</var>
<arg>serverest</arg>
<arg>/usuarios/${id_usuario}</arg>
<arg>headers=${header}</arg>
<arg>expected_status=any</arg>
<doc>Sends a DELETE request on a previously created HTTP Session.</doc>
<status status="PASS" start="2025-09-12T15:01:59.732287" elapsed="0.016074"/>
</kw>
<kw name="Set Global Variable" owner="BuiltIn">
<msg time="2025-09-12T15:01:59.748986" level="INFO">${response} = &lt;Response [200]&gt;</msg>
<arg>${response}</arg>
<doc>Makes a variable available globally in all tests and suites.</doc>
<status status="PASS" start="2025-09-12T15:01:59.748641" elapsed="0.000425"/>
</kw>
<arg>${ID_USUARIO}</arg>
<status status="PASS" start="2025-09-12T15:01:59.731186" elapsed="0.017984"/>
</kw>
<kw name="Validar Status Code" owner="common">
<kw name="Should Be True" owner="BuiltIn">
<arg>${response.status_code}==${status_code}</arg>
<doc>Fails if the given condition is not true.</doc>
<status status="PASS" start="2025-09-12T15:01:59.750035" elapsed="0.001147"/>
</kw>
<arg>status_code=200</arg>
<status status="PASS" start="2025-09-12T15:01:59.749533" elapsed="0.001755"/>
</kw>
<kw name="Validar se a Resposta Contem a Mensagem &quot;Registro excluído com sucesso&quot;" owner="common" source_name="Validar se a Resposta Contem a Mensagem &quot;${mensagem}&quot;">
<kw name="Should Contain" owner="BuiltIn">
<arg>${response.json()["message"]}</arg>
<arg>${mensagem}</arg>
<doc>Fails if ``container`` does not contain ``item`` one or more times.</doc>
<status status="PASS" start="2025-09-12T15:01:59.752104" elapsed="0.000652"/>
</kw>
<status status="PASS" start="2025-09-12T15:01:59.751654" elapsed="0.001211"/>
</kw>
<status status="PASS" start="2025-09-12T15:01:59.730533" elapsed="0.023869"/>
</test>
<test id="s1-t7" name="CT030: Exclusão de usuário com carrinho" line="47">
<kw name="DELETE Endpoint /usuarios/id" owner="usuarios_keywords">
<kw name="Create Dictionary" owner="BuiltIn">
<msg time="2025-09-12T15:01:59.756330" level="INFO">&amp;{header} = { Content-Type=application/json | Accept=application/json }</msg>
<var>&amp;{header}</var>
<arg>Content-Type=application/json</arg>
<arg>Accept=application/json</arg>
<doc>Creates and returns a dictionary based on the given ``items``.</doc>
<status status="PASS" start="2025-09-12T15:01:59.755986" elapsed="0.000403"/>
</kw>
<kw name="DELETE On Session" owner="RequestsLibrary">
<msg time="2025-09-12T15:01:59.763044" level="INFO">DELETE Request : url=http://18.209.35.71:3000/usuarios/0uxuPY0cbmQhpEz1 
 path_url=/usuarios/0uxuPY0cbmQhpEz1 
 headers={'User-Agent': 'python-requests/2.25.1', 'Accept-Encoding': 'gzip, deflate', 'Accept': 'application/json', 'Connection': 'keep-alive', 'Content-Type': 'application/json', 'Content-Length': '0'} 
 body=None 
 </msg>
<msg time="2025-09-12T15:01:59.763200" level="INFO">DELETE Response : url=http://18.209.35.71:3000/usuarios/0uxuPY0cbmQhpEz1 
 status=400, reason=Bad Request 
 headers={'Access-Control-Allow-Origin': '*', 'x-dns-prefetch-control': 'off', 'x-frame-options': 'SAMEORIGIN', 'strict-transport-security': 'max-age=15552000; includeSubDomains', 'x-download-options': 'noopen', 'x-content-type-options': 'nosniff', 'x-xss-protection': '1; mode=block', 'Content-Type': 'application/json; charset=utf-8', 'Content-Length': '117', 'Date': 'Fri, 12 Sep 2025 15:01:59 GMT', 'Connection': 'keep-alive', 'Keep-Alive': 'timeout=5'} 
 body={
    "message": "Não é permitido excluir usuário com carrinho cadastrado",
    "idCarrinho": "qbMqntef4iTOwWfg"
} 
 </msg>
<msg time="2025-09-12T15:01:59.763377" level="INFO">${response} = &lt;Response [400]&gt;</msg>
<var>${response}</var>
<arg>serverest</arg>
<arg>/usuarios/${id_usuario}</arg>
<arg>headers=${header}</arg>
<arg>expected_status=any</arg>
<doc>Sends a DELETE request on a previously created HTTP Session.</doc>
<status status="PASS" start="2025-09-12T15:01:59.756617" elapsed="0.006807"/>
</kw>
<kw name="Set Global Variable" owner="BuiltIn">
<msg time="2025-09-12T15:01:59.764016" level="INFO">${response} = &lt;Response [400]&gt;</msg>
<arg>${response}</arg>
<doc>Makes a variable available globally in all tests and suites.</doc>
<status status="PASS" start="2025-09-12T15:01:59.763697" elapsed="0.000399"/>
</kw>
<arg>0uxuPY0cbmQhpEz1</arg>
<status status="PASS" start="2025-09-12T15:01:59.755520" elapsed="0.008676"/>
</kw>
<kw name="Validar Status Code" owner="common">
<kw name="Should Be True" owner="BuiltIn">
<arg>${response.status_code}==${status_code}</arg>
<doc>Fails if the given condition is not true.</doc>
<status status="PASS" start="2025-09-12T15:01:59.765242" elapsed="0.001131"/>
</kw>
<arg>status_code=400</arg>
<status status="PASS" start="2025-09-12T15:01:59.764740" elapsed="0.001739"/>
</kw>
<kw name="Validar se a Resposta Contem a Mensagem &quot;Não é permitido excluir usuário com carrinho cadastrado&quot;" owner="common" source_name="Validar se a Resposta Contem a Mensagem &quot;${mensagem}&quot;">
<kw name="Should Contain" owner="BuiltIn">
<arg>${response.json()["message"]}</arg>
<arg>${mensagem}</arg>
<doc>Fails if ``container`` does not contain ``item`` one or more times.</doc>
<status status="PASS" start="2025-09-12T15:01:59.768480" elapsed="0.000686"/>
</kw>
<status status="PASS" start="2025-09-12T15:01:59.768015" elapsed="0.001260"/>
</kw>
<status status="PASS" start="2025-09-12T15:01:59.754887" elapsed="0.014643"/>
</test>
<test id="s1-t8" name="CT072: Edição de usuário não cadastrado com e-mail já existente" line="52">
<kw name="Pegar Dados Usuario com Email ja Utilizado Estatico" owner="usuarios_keywords">
<kw name="Importar JSON" owner="common">
<kw name="Load Json From File" owner="JSONLibrary">
<msg time="2025-09-12T15:01:59.772205" level="INFO">${data} = {'usuario_com_email_ja_utilizado': {'nome': 'Usuario invalido', 'email': 'fulano@qa.com', 'password': 'teste123', 'administrador': 'false'}}</msg>
<var>${data}</var>
<arg>/home/ec2-user/Testes Automatizados/support/fixtures/static/${nome_arquivo}</arg>
<doc>Load JSON from file.</doc>
<status status="PASS" start="2025-09-12T15:01:59.771747" elapsed="0.000510"/>
</kw>
<return>
<value>${data}</value>
<status status="PASS" start="2025-09-12T15:01:59.772339" elapsed="0.000069"/>
</return>
<msg time="2025-09-12T15:01:59.772625" level="INFO">${json} = {'usuario_com_email_ja_utilizado': {'nome': 'Usuario invalido', 'email': 'fulano@qa.com', 'password': 'teste123', 'administrador': 'false'}}</msg>
<var>${json}</var>
<arg>usuarios_invalidos.json</arg>
<status status="PASS" start="2025-09-12T15:01:59.771074" elapsed="0.001597"/>
</kw>
<kw name="Set Global Variable" owner="BuiltIn">
<msg time="2025-09-12T15:01:59.773573" level="INFO">${payload} = {'nome': 'Usuario invalido', 'email': 'fulano@qa.com', 'password': 'teste123', 'administrador': 'false'}</msg>
<arg>${payload}</arg>
<arg>${json["usuario_com_email_ja_utilizado"]}</arg>
<doc>Makes a variable available globally in all tests and suites.</doc>
<status status="PASS" start="2025-09-12T15:01:59.772881" elapsed="0.000777"/>
</kw>
<status status="PASS" start="2025-09-12T15:01:59.770619" elapsed="0.003151"/>
</kw>
<kw name="PUT Endpoint /usuarios/id" owner="usuarios_keywords">
<kw name="Create Dictionary" owner="BuiltIn">
<msg time="2025-09-12T15:01:59.774965" level="INFO">&amp;{header} = { Content-Type=application/json | Accept=application/json }</msg>
<var>&amp;{header}</var>
<arg>Content-Type=application/json</arg>
<arg>Accept=application/json</arg>
<doc>Creates and returns a dictionary based on the given ``items``.</doc>
<status status="PASS" start="2025-09-12T15:01:59.774624" elapsed="0.000393"/>
</kw>
<kw name="PUT On Session" owner="RequestsLibrary">
<msg time="2025-09-12T15:01:59.780928" level="INFO">PUT Request : url=http://18.209.35.71:3000/usuarios/Gerar%20ID%20Aleatorio 
 path_url=/usuarios/Gerar%20ID%20Aleatorio 
 headers={'User-Agent': 'python-requests/2.25.1', 'Accept-Encoding': 'gzip, deflate', 'Accept': 'application/json', 'Connection': 'keep-alive', 'Content-Type': 'application/json', 'Content-Length': '104'} 
 body=b'{"nome": "Usuario invalido", "email": "fulano@qa.com", "password": "teste123", "administrador": "false"}' 
 </msg>
<msg time="2025-09-12T15:01:59.781035" level="INFO">PUT Response : url=http://18.209.35.71:3000/usuarios/Gerar%20ID%20Aleatorio 
 status=400, reason=Bad Request 
 headers={'Access-Control-Allow-Origin': '*', 'x-dns-prefetch-control': 'off', 'x-frame-options': 'SAMEORIGIN', 'strict-transport-security': 'max-age=15552000; includeSubDomains', 'x-download-options': 'noopen', 'x-content-type-options': 'nosniff', 'x-xss-protection': '1; mode=block', 'Content-Type': 'application/json; charset=utf-8', 'Content-Length': '53', 'Date': 'Fri, 12 Sep 2025 15:01:59 GMT', 'Connection': 'keep-alive', 'Keep-Alive': 'timeout=5'} 
 body={
    "message": "Este email já está sendo usado"
} 
 </msg>
<msg time="2025-09-12T15:01:59.781206" level="INFO">${response} = &lt;Response [400]&gt;</msg>
<var>${response}</var>
<arg>serverest</arg>
<arg>/usuarios/${id_usuario}</arg>
<arg>json=${payload}</arg>
<arg>headers=${header}</arg>
<arg>expected_status=any</arg>
<doc>Sends a PUT request on a previously created HTTP Session.</doc>
<status status="PASS" start="2025-09-12T15:01:59.775244" elapsed="0.006008"/>
</kw>
<kw name="Set Global Variable" owner="BuiltIn">
<msg time="2025-09-12T15:01:59.781848" level="INFO">${response} = &lt;Response [400]&gt;</msg>
<arg>${response}</arg>
<doc>Makes a variable available globally in all tests and suites.</doc>
<status status="PASS" start="2025-09-12T15:01:59.781519" elapsed="0.000410"/>
</kw>
<arg>Gerar ID Aleatorio</arg>
<status status="PASS" start="2025-09-12T15:01:59.774127" elapsed="0.007901"/>
</kw>
<kw name="Validar Status Code" owner="common">
<kw name="Should Be True" owner="BuiltIn">
<arg>${response.status_code}==${status_code}</arg>
<doc>Fails if the given condition is not true.</doc>
<status status="PASS" start="2025-09-12T15:01:59.784284" elapsed="0.001153"/>
</kw>
<arg>status_code=400</arg>
<status status="PASS" start="2025-09-12T15:01:59.783810" elapsed="0.001734"/>
</kw>
<kw name="Validar se a Resposta nao Contem &quot;_id&quot;" owner="common" source_name="Validar se a Resposta nao Contem &quot;${palavra}&quot;">
<kw name="Should Not Contain" owner="BuiltIn">
<arg>${response.json()}</arg>
<arg>${palavra}</arg>
<doc>Fails if ``container`` contains ``item`` one or more times.</doc>
<status status="PASS" start="2025-09-12T15:01:59.786356" elapsed="0.000655"/>
</kw>
<status status="PASS" start="2025-09-12T15:01:59.785911" elapsed="0.001220"/>
</kw>
<kw name="Validar se a Resposta Contem a Mensagem &quot;Este email já está sendo usado&quot;" owner="common" source_name="Validar se a Resposta Contem a Mensagem &quot;${mensagem}&quot;">
<kw name="Should Contain" owner="BuiltIn">
<arg>${response.json()["message"]}</arg>
<arg>${mensagem}</arg>
<doc>Fails if ``container`` does not contain ``item`` one or more times.</doc>
<status status="PASS" start="2025-09-12T15:01:59.787985" elapsed="0.000676"/>
</kw>
<status status="PASS" start="2025-09-12T15:01:59.787486" elapsed="0.001290"/>
</kw>
<status status="PASS" start="2025-09-12T15:01:59.769977" elapsed="0.019046"/>
</test>
<doc>Execução dos casos de teste do endpoint /usuarios</doc>
<status status="FAIL" start="2025-09-12T15:01:59.237202" elapsed="0.552559"/>
</suite>
<statistics>
<total>
<stat pass="7" fail="1" skip="0">All Tests</stat>
</total>
<tag>
</tag>
<suite>
<stat name="Usuarios Tests" id="s1" pass="7" fail="1" skip="0">Usuarios Tests</stat>
</suite>
</statistics>
<errors>
</errors>
</robot>
