<?xml version="1.0" encoding="UTF-8"?>
<robot generator="Robot 7.3.2 (Python 3.9.23 on linux)" generated="2025-09-12T15:00:03.048533" rpa="false" schemaversion="5">
<suite id="s1" name="Login Tests" source="/home/ec2-user/Testes Automatizados/tests/login_tests.robot">
<kw name="Criar Sessao" owner="common" type="SETUP">
<kw name="Create Session" owner="RequestsLibrary">
<msg time="2025-09-12T15:00:03.555493" level="INFO">Creating Session using : alias=serverest, url=http://18.209.35.71:3000, headers={},                     cookies={}, auth=None, timeout=None, proxies=None, verify=False,                     debug=0 </msg>
<arg>serverest</arg>
<arg>${URL_BASE}</arg>
<doc>Create Session: create a HTTP session to a server</doc>
<status status="PASS" start="2025-09-12T15:00:03.555227" elapsed="0.000579"/>
</kw>
<status status="PASS" start="2025-09-12T15:00:03.553648" elapsed="0.002285"/>
</kw>
<test id="s1-t1" name="CT001: Login de usuário comum com credenciais válidas" line="9">
<kw name="Pegar Dados Login Estatico Usuario Comum Valido" owner="login_keywords">
<kw name="Importar JSON" owner="common">
<kw name="Load Json From File" owner="JSONLibrary">
<msg time="2025-09-12T15:00:03.558127" level="INFO">${data} = {'usuario_comum': {'email': 'usuarioteste@teste.com', 'password': 'teste'}, 'usuario_adm': {'email': 'usuarioadm@teste.com', 'password': 'teste'}}</msg>
<var>${data}</var>
<arg>/home/ec2-user/Testes Automatizados/support/fixtures/static/${nome_arquivo}</arg>
<doc>Load JSON from file.</doc>
<status status="PASS" start="2025-09-12T15:00:03.557669" elapsed="0.000506"/>
</kw>
<return>
<value>${data}</value>
<status status="PASS" start="2025-09-12T15:00:03.558256" elapsed="0.000067"/>
</return>
<msg time="2025-09-12T15:00:03.558529" level="INFO">${json} = {'usuario_comum': {'email': 'usuarioteste@teste.com', 'password': 'teste'}, 'usuario_adm': {'email': 'usuarioadm@teste.com', 'password': 'teste'}}</msg>
<var>${json}</var>
<arg>usuarios_validos.json</arg>
<status status="PASS" start="2025-09-12T15:00:03.557248" elapsed="0.001325"/>
</kw>
<kw name="Set Global Variable" owner="BuiltIn">
<msg time="2025-09-12T15:00:03.560071" level="INFO">${payload} = {'email': 'usuarioteste@teste.com', 'password': 'teste'}</msg>
<arg>${payload}</arg>
<arg>${json["usuario_comum"]}</arg>
<doc>Makes a variable available globally in all tests and suites.</doc>
<status status="PASS" start="2025-09-12T15:00:03.558794" elapsed="0.001360"/>
</kw>
<status status="PASS" start="2025-09-12T15:00:03.556809" elapsed="0.003442"/>
</kw>
<kw name="POST Endpoint /login" owner="login_keywords">
<kw name="POST On Session" owner="RequestsLibrary">
<msg time="2025-09-12T15:00:03.665517" level="INFO">POST Request : url=http://18.209.35.71:3000/login 
 path_url=/login 
 headers={'User-Agent': 'python-requests/2.25.1', 'Accept-Encoding': 'gzip, deflate', 'Accept': '*/*', 'Connection': 'keep-alive', 'Content-Length': '56', 'Content-Type': 'application/json'} 
 body=b'{"email": "usuarioteste@teste.com", "password": "teste"}' 
 </msg>
<msg time="2025-09-12T15:00:03.665697" level="INFO">POST Response : url=http://18.209.35.71:3000/login 
 status=200, reason=OK 
 headers={'Access-Control-Allow-Origin': '*', 'x-dns-prefetch-control': 'off', 'x-frame-options': 'SAMEORIGIN', 'strict-transport-security': 'max-age=15552000; includeSubDomains', 'x-download-options': 'noopen', 'x-content-type-options': 'nosniff', 'x-xss-protection': '1; mode=block', 'Content-Type': 'application/json; charset=utf-8', 'Content-Length': '277', 'Date': 'Fri, 12 Sep 2025 15:00:03 GMT', 'Connection': 'keep-alive', 'Keep-Alive': 'timeout=5'} 
 body={
    "message": "Login realizado com sucesso",
    "authorization": "Bearer eyJhbGciOiJIUzI1NiIsInR5cCI6IkpXVCJ9.eyJlbWFpbCI6InVzdWFyaW90ZXN0ZUB0ZXN0ZS5jb20iLCJwYXNzd29yZCI6InRlc3RlIiwiaWF0IjoxNzU3Njg5MjAzLCJleHAiOjE3NTc2ODk4MDN9.I1j6O88Fjd77bxoW9C2d2lHSVRzkXGJx6h5Jk49Bbl0"
} 
 </msg>
<msg time="2025-09-12T15:00:03.665933" level="INFO">${response} = &lt;Response [200]&gt;</msg>
<var>${response}</var>
<arg>serverest</arg>
<arg>/login</arg>
<arg>json=${payload}</arg>
<arg>expected_status=any</arg>
<doc>Sends a POST request on a previously created HTTP Session.</doc>
<status status="PASS" start="2025-09-12T15:00:03.561095" elapsed="0.104888"/>
</kw>
<kw name="Evaluate" owner="BuiltIn">
<msg time="2025-09-12T15:00:03.670075" level="INFO">${authorization} = Bearer eyJhbGciOiJIUzI1NiIsInR5cCI6IkpXVCJ9.eyJlbWFpbCI6InVzdWFyaW90ZXN0ZUB0ZXN0ZS5jb20iLCJwYXNzd29yZCI6InRlc3RlIiwiaWF0IjoxNzU3Njg5MjAzLCJleHAiOjE3NTc2ODk4MDN9.I1j6O88Fjd77bxoW9C2d2lHSVRzkXGJx6h5Jk49...</msg>
<var>${authorization}</var>
<arg>$response.json().get("authorization")</arg>
<doc>Evaluates the given expression in Python and returns the result.</doc>
<status status="PASS" start="2025-09-12T15:00:03.666311" elapsed="0.003816"/>
</kw>
<if>
<branch type="IF" condition="&quot;${authorization}&quot; != &quot;None&quot;">
<kw name="Set Global Variable" owner="BuiltIn">
<msg time="2025-09-12T15:00:03.671569" level="INFO">${TOKEN} = Bearer eyJhbGciOiJIUzI1NiIsInR5cCI6IkpXVCJ9.eyJlbWFpbCI6InVzdWFyaW90ZXN0ZUB0ZXN0ZS5jb20iLCJwYXNzd29yZCI6InRlc3RlIiwiaWF0IjoxNzU3Njg5MjAzLCJleHAiOjE3NTc2ODk4MDN9.I1j6O88Fjd77bxoW9C2d2lHSVRzkXGJx6h5Jk49...</msg>
<arg>${TOKEN}</arg>
<arg>${authorization}</arg>
<doc>Makes a variable available globally in all tests and suites.</doc>
<status status="PASS" start="2025-09-12T15:00:03.670597" elapsed="0.001053"/>
</kw>
<status status="PASS" start="2025-09-12T15:00:03.670269" elapsed="0.001440"/>
</branch>
<status status="PASS" start="2025-09-12T15:00:03.670228" elapsed="0.001522"/>
</if>
<kw name="Set Global Variable" owner="BuiltIn">
<msg time="2025-09-12T15:00:03.672240" level="INFO">${response} = &lt;Response [200]&gt;</msg>
<arg>${response}</arg>
<doc>Makes a variable available globally in all tests and suites.</doc>
<status status="PASS" start="2025-09-12T15:00:03.671938" elapsed="0.000377"/>
</kw>
<status status="PASS" start="2025-09-12T15:00:03.560702" elapsed="0.111714"/>
</kw>
<kw name="Validar Status Code" owner="common">
<kw name="Should Be True" owner="BuiltIn">
<arg>${response.status_code}==${status_code}</arg>
<doc>Fails if the given condition is not true.</doc>
<status status="PASS" start="2025-09-12T15:00:03.674720" elapsed="0.001045"/>
</kw>
<arg>status_code=200</arg>
<status status="PASS" start="2025-09-12T15:00:03.674200" elapsed="0.001666"/>
</kw>
<kw name="Validar se a Resposta Contem &quot;authorization&quot;" owner="common" source_name="Validar se a Resposta Contem &quot;${palavra}&quot;">
<kw name="Should Contain" owner="BuiltIn">
<arg>${response.json()}</arg>
<arg>${palavra}</arg>
<doc>Fails if ``container`` does not contain ``item`` one or more times.</doc>
<status status="PASS" start="2025-09-12T15:00:03.676680" elapsed="0.000628"/>
</kw>
<status status="PASS" start="2025-09-12T15:00:03.676257" elapsed="0.001165"/>
</kw>
<kw name="Validar se a Resposta Contem a Mensagem &quot;Login realizado com sucesso&quot;" owner="common" source_name="Validar se a Resposta Contem a Mensagem &quot;${mensagem}&quot;">
<kw name="Should Contain" owner="BuiltIn">
<arg>${response.json()["message"]}</arg>
<arg>${mensagem}</arg>
<doc>Fails if ``container`` does not contain ``item`` one or more times.</doc>
<status status="PASS" start="2025-09-12T15:00:03.678205" elapsed="0.000627"/>
</kw>
<status status="PASS" start="2025-09-12T15:00:03.677791" elapsed="0.001145"/>
</kw>
<tag>POST</tag>
<status status="PASS" start="2025-09-12T15:00:03.556037" elapsed="0.123179"/>
</test>
<test id="s1-t2" name="CT001: Login de usuário administrador com credenciais válidas" line="17">
<kw name="Pegar Dados Login Estatico Usuario Administrador Valido" owner="login_keywords">
<kw name="Importar JSON" owner="common">
<kw name="Load Json From File" owner="JSONLibrary">
<msg time="2025-09-12T15:00:03.681679" level="INFO">${data} = {'usuario_comum': {'email': 'usuarioteste@teste.com', 'password': 'teste'}, 'usuario_adm': {'email': 'usuarioadm@teste.com', 'password': 'teste'}}</msg>
<var>${data}</var>
<arg>/home/ec2-user/Testes Automatizados/support/fixtures/static/${nome_arquivo}</arg>
<doc>Load JSON from file.</doc>
<status status="PASS" start="2025-09-12T15:00:03.681219" elapsed="0.000515"/>
</kw>
<return>
<value>${data}</value>
<status status="PASS" start="2025-09-12T15:00:03.681871" elapsed="0.000059"/>
</return>
<msg time="2025-09-12T15:00:03.682138" level="INFO">${json} = {'usuario_comum': {'email': 'usuarioteste@teste.com', 'password': 'teste'}, 'usuario_adm': {'email': 'usuarioadm@teste.com', 'password': 'teste'}}</msg>
<var>${json}</var>
<arg>usuarios_validos.json</arg>
<status status="PASS" start="2025-09-12T15:00:03.680796" elapsed="0.001386"/>
</kw>
<kw name="Set Global Variable" owner="BuiltIn">
<msg time="2025-09-12T15:00:03.683067" level="INFO">${payload} = {'email': 'usuarioadm@teste.com', 'password': 'teste'}</msg>
<arg>${payload}</arg>
<arg>${json["usuario_adm"]}</arg>
<doc>Makes a variable available globally in all tests and suites.</doc>
<status status="PASS" start="2025-09-12T15:00:03.682382" elapsed="0.000765"/>
</kw>
<status status="PASS" start="2025-09-12T15:00:03.680380" elapsed="0.002865"/>
</kw>
<kw name="POST Endpoint /login" owner="login_keywords">
<kw name="POST On Session" owner="RequestsLibrary">
<msg time="2025-09-12T15:00:03.691595" level="INFO">POST Request : url=http://18.209.35.71:3000/login 
 path_url=/login 
 headers={'User-Agent': 'python-requests/2.25.1', 'Accept-Encoding': 'gzip, deflate', 'Accept': '*/*', 'Connection': 'keep-alive', 'Content-Length': '54', 'Content-Type': 'application/json'} 
 body=b'{"email": "usuarioadm@teste.com", "password": "teste"}' 
 </msg>
<msg time="2025-09-12T15:00:03.691703" level="INFO">POST Response : url=http://18.209.35.71:3000/login 
 status=200, reason=OK 
 headers={'Access-Control-Allow-Origin': '*', 'x-dns-prefetch-control': 'off', 'x-frame-options': 'SAMEORIGIN', 'strict-transport-security': 'max-age=15552000; includeSubDomains', 'x-download-options': 'noopen', 'x-content-type-options': 'nosniff', 'x-xss-protection': '1; mode=block', 'Content-Type': 'application/json; charset=utf-8', 'Content-Length': '275', 'Date': 'Fri, 12 Sep 2025 15:00:03 GMT', 'Connection': 'keep-alive', 'Keep-Alive': 'timeout=5'} 
 body={
    "message": "Login realizado com sucesso",
    "authorization": "Bearer eyJhbGciOiJIUzI1NiIsInR5cCI6IkpXVCJ9.eyJlbWFpbCI6InVzdWFyaW9hZG1AdGVzdGUuY29tIiwicGFzc3dvcmQiOiJ0ZXN0ZSIsImlhdCI6MTc1NzY4OTIwMywiZXhwIjoxNzU3Njg5ODAzfQ.BMbT_WUTzR4Uv0e-2D1o_8P_a1jidSRkhv23iQSsMIk"
} 
 </msg>
<msg time="2025-09-12T15:00:03.691876" level="INFO">${response} = &lt;Response [200]&gt;</msg>
<var>${response}</var>
<arg>serverest</arg>
<arg>/login</arg>
<arg>json=${payload}</arg>
<arg>expected_status=any</arg>
<doc>Sends a POST request on a previously created HTTP Session.</doc>
<status status="PASS" start="2025-09-12T15:00:03.684046" elapsed="0.007876"/>
</kw>
<kw name="Evaluate" owner="BuiltIn">
<msg time="2025-09-12T15:00:03.692636" level="INFO">${authorization} = Bearer eyJhbGciOiJIUzI1NiIsInR5cCI6IkpXVCJ9.eyJlbWFpbCI6InVzdWFyaW9hZG1AdGVzdGUuY29tIiwicGFzc3dvcmQiOiJ0ZXN0ZSIsImlhdCI6MTc1NzY4OTIwMywiZXhwIjoxNzU3Njg5ODAzfQ.BMbT_WUTzR4Uv0e-2D1o_8P_a1jidSRkhv23iQSsM...</msg>
<var>${authorization}</var>
<arg>$response.json().get("authorization")</arg>
<doc>Evaluates the given expression in Python and returns the result.</doc>
<status status="PASS" start="2025-09-12T15:00:03.692173" elapsed="0.000513"/>
</kw>
<if>
<branch type="IF" condition="&quot;${authorization}&quot; != &quot;None&quot;">
<kw name="Set Global Variable" owner="BuiltIn">
<msg time="2025-09-12T15:00:03.693470" level="INFO">${TOKEN} = Bearer eyJhbGciOiJIUzI1NiIsInR5cCI6IkpXVCJ9.eyJlbWFpbCI6InVzdWFyaW9hZG1AdGVzdGUuY29tIiwicGFzc3dvcmQiOiJ0ZXN0ZSIsImlhdCI6MTc1NzY4OTIwMywiZXhwIjoxNzU3Njg5ODAzfQ.BMbT_WUTzR4Uv0e-2D1o_8P_a1jidSRkhv23iQSsM...</msg>
<arg>${TOKEN}</arg>
<arg>${authorization}</arg>
<doc>Makes a variable available globally in all tests and suites.</doc>
<status status="PASS" start="2025-09-12T15:00:03.693147" elapsed="0.000400"/>
</kw>
<status status="PASS" start="2025-09-12T15:00:03.692810" elapsed="0.000796"/>
</branch>
<status status="PASS" start="2025-09-12T15:00:03.692777" elapsed="0.000869"/>
</if>
<kw name="Set Global Variable" owner="BuiltIn">
<msg time="2025-09-12T15:00:03.694123" level="INFO">${response} = &lt;Response [200]&gt;</msg>
<arg>${response}</arg>
<doc>Makes a variable available globally in all tests and suites.</doc>
<status status="PASS" start="2025-09-12T15:00:03.693835" elapsed="0.000362"/>
</kw>
<status status="PASS" start="2025-09-12T15:00:03.683646" elapsed="0.010646"/>
</kw>
<kw name="Validar Status Code" owner="common">
<kw name="Should Be True" owner="BuiltIn">
<arg>${response.status_code}==${status_code}</arg>
<doc>Fails if the given condition is not true.</doc>
<status status="PASS" start="2025-09-12T15:00:03.696807" elapsed="0.001075"/>
</kw>
<arg>status_code=200</arg>
<status status="PASS" start="2025-09-12T15:00:03.696348" elapsed="0.001635"/>
</kw>
<kw name="Validar se a Resposta Contem &quot;authorization&quot;" owner="common" source_name="Validar se a Resposta Contem &quot;${palavra}&quot;">
<kw name="Should Contain" owner="BuiltIn">
<arg>${response.json()}</arg>
<arg>${palavra}</arg>
<doc>Fails if ``container`` does not contain ``item`` one or more times.</doc>
<status status="PASS" start="2025-09-12T15:00:03.698739" elapsed="0.000814"/>
</kw>
<status status="PASS" start="2025-09-12T15:00:03.698318" elapsed="0.001340"/>
</kw>
<kw name="Validar se a Resposta Contem a Mensagem &quot;Login realizado com sucesso&quot;" owner="common" source_name="Validar se a Resposta Contem a Mensagem &quot;${mensagem}&quot;">
<kw name="Should Contain" owner="BuiltIn">
<arg>${response.json()["message"]}</arg>
<arg>${mensagem}</arg>
<doc>Fails if ``container`` does not contain ``item`` one or more times.</doc>
<status status="PASS" start="2025-09-12T15:00:03.700404" elapsed="0.000602"/>
</kw>
<status status="PASS" start="2025-09-12T15:00:03.699995" elapsed="0.001115"/>
</kw>
<tag>POST</tag>
<status status="PASS" start="2025-09-12T15:00:03.679717" elapsed="0.021643"/>
</test>
<test id="s1-t3" name="CT002: Login de usuário não cadastrado" line="25">
<kw name="Criar Dados Login Invalido" owner="dynamics">
<kw name="Email" owner="FakerLibrary">
<msg time="2025-09-12T15:00:03.703423" level="INFO">${email} = campbelltroy@example.com</msg>
<var>${email}</var>
<status status="PASS" start="2025-09-12T15:00:03.702784" elapsed="0.000689"/>
</kw>
<kw name="Password" owner="FakerLibrary">
<msg time="2025-09-12T15:00:03.703919" level="INFO">${password} = _FS7sVhUFR</msg>
<var>${password}</var>
<doc>Generate a random password of the specified ``length``.</doc>
<status status="PASS" start="2025-09-12T15:00:03.703649" elapsed="0.000315"/>
</kw>
<kw name="Create Dictionary" owner="BuiltIn">
<msg time="2025-09-12T15:00:03.704747" level="INFO">${payload} = {'email': 'campbelltroy@example.com', 'password': '_FS7sVhUFR'}</msg>
<var>${payload}</var>
<arg>email=${email}</arg>
<arg>password=${password}</arg>
<doc>Creates and returns a dictionary based on the given ``items``.</doc>
<status status="PASS" start="2025-09-12T15:00:03.704179" elapsed="0.000617"/>
</kw>
<kw name="Set Global Variable" owner="BuiltIn">
<msg time="2025-09-12T15:00:03.705319" level="INFO">${payload} = {'email': 'campbelltroy@example.com', 'password': '_FS7sVhUFR'}</msg>
<arg>${payload}</arg>
<doc>Makes a variable available globally in all tests and suites.</doc>
<status status="PASS" start="2025-09-12T15:00:03.705008" elapsed="0.000392"/>
</kw>
<status status="PASS" start="2025-09-12T15:00:03.702413" elapsed="0.003080"/>
</kw>
<kw name="POST Endpoint /login" owner="login_keywords">
<kw name="POST On Session" owner="RequestsLibrary">
<msg time="2025-09-12T15:00:03.712238" level="INFO">POST Request : url=http://18.209.35.71:3000/login 
 path_url=/login 
 headers={'User-Agent': 'python-requests/2.25.1', 'Accept-Encoding': 'gzip, deflate', 'Accept': '*/*', 'Connection': 'keep-alive', 'Content-Length': '63', 'Content-Type': 'application/json'} 
 body=b'{"email": "campbelltroy@example.com", "password": "_FS7sVhUFR"}' 
 </msg>
<msg time="2025-09-12T15:00:03.712343" level="INFO">POST Response : url=http://18.209.35.71:3000/login 
 status=401, reason=Unauthorized 
 headers={'Access-Control-Allow-Origin': '*', 'x-dns-prefetch-control': 'off', 'x-frame-options': 'SAMEORIGIN', 'strict-transport-security': 'max-age=15552000; includeSubDomains', 'x-download-options': 'noopen', 'x-content-type-options': 'nosniff', 'x-xss-protection': '1; mode=block', 'Content-Type': 'application/json; charset=utf-8', 'Content-Length': '48', 'Date': 'Fri, 12 Sep 2025 15:00:03 GMT', 'Connection': 'keep-alive', 'Keep-Alive': 'timeout=5'} 
 body={
    "message": "Email e/ou senha inválidos"
} 
 </msg>
<msg time="2025-09-12T15:00:03.712567" level="INFO">${response} = &lt;Response [401]&gt;</msg>
<var>${response}</var>
<arg>serverest</arg>
<arg>/login</arg>
<arg>json=${payload}</arg>
<arg>expected_status=any</arg>
<doc>Sends a POST request on a previously created HTTP Session.</doc>
<status status="PASS" start="2025-09-12T15:00:03.706289" elapsed="0.006325"/>
</kw>
<kw name="Evaluate" owner="BuiltIn">
<msg time="2025-09-12T15:00:03.713301" level="INFO">${authorization} = None</msg>
<var>${authorization}</var>
<arg>$response.json().get("authorization")</arg>
<doc>Evaluates the given expression in Python and returns the result.</doc>
<status status="PASS" start="2025-09-12T15:00:03.712849" elapsed="0.000503"/>
</kw>
<if>
<branch type="IF" condition="&quot;${authorization}&quot; != &quot;None&quot;">
<kw name="Set Global Variable" owner="BuiltIn">
<arg>${TOKEN}</arg>
<arg>${authorization}</arg>
<doc>Makes a variable available globally in all tests and suites.</doc>
<status status="NOT RUN" start="2025-09-12T15:00:03.713793" elapsed="0.000036"/>
</kw>
<status status="NOT RUN" start="2025-09-12T15:00:03.713478" elapsed="0.000437"/>
</branch>
<status status="PASS" start="2025-09-12T15:00:03.713443" elapsed="0.000514"/>
</if>
<kw name="Set Global Variable" owner="BuiltIn">
<msg time="2025-09-12T15:00:03.714435" level="INFO">${response} = &lt;Response [401]&gt;</msg>
<arg>${response}</arg>
<doc>Makes a variable available globally in all tests and suites.</doc>
<status status="PASS" start="2025-09-12T15:00:03.714136" elapsed="0.003172"/>
</kw>
<status status="PASS" start="2025-09-12T15:00:03.705889" elapsed="0.011530"/>
</kw>
<kw name="Validar Status Code" owner="common">
<kw name="Should Be True" owner="BuiltIn">
<arg>${response.status_code}==${status_code}</arg>
<doc>Fails if the given condition is not true.</doc>
<status status="PASS" start="2025-09-12T15:00:03.718261" elapsed="0.001078"/>
</kw>
<arg>status_code=401</arg>
<status status="PASS" start="2025-09-12T15:00:03.717803" elapsed="0.001637"/>
</kw>
<kw name="Validar se a Resposta nao Contem &quot;authorization&quot;" owner="common" source_name="Validar se a Resposta nao Contem &quot;${palavra}&quot;">
<kw name="Should Not Contain" owner="BuiltIn">
<arg>${response.json()}</arg>
<arg>${palavra}</arg>
<doc>Fails if ``container`` contains ``item`` one or more times.</doc>
<status status="PASS" start="2025-09-12T15:00:03.720269" elapsed="0.000645"/>
</kw>
<status status="PASS" start="2025-09-12T15:00:03.719833" elapsed="0.001187"/>
</kw>
<kw name="Validar se a Resposta Contem a Mensagem &quot;Email e/ou senha inválidos&quot;" owner="common" source_name="Validar se a Resposta Contem a Mensagem &quot;${mensagem}&quot;">
<kw name="Should Contain" owner="BuiltIn">
<arg>${response.json()["message"]}</arg>
<arg>${mensagem}</arg>
<doc>Fails if ``container`` does not contain ``item`` one or more times.</doc>
<status status="PASS" start="2025-09-12T15:00:03.721841" elapsed="0.000601"/>
</kw>
<status status="PASS" start="2025-09-12T15:00:03.721414" elapsed="0.001135"/>
</kw>
<tag>POST</tag>
<status status="PASS" start="2025-09-12T15:00:03.701794" elapsed="0.021047"/>
</test>
<doc>Execução dos casos de teste do endpoint /login</doc>
<status status="PASS" start="2025-09-12T15:00:03.049732" elapsed="0.673944"/>
</suite>
<statistics>
<total>
<stat pass="3" fail="0" skip="0">All Tests</stat>
</total>
<tag>
<stat pass="3" fail="0" skip="0">POST</stat>
</tag>
<suite>
<stat name="Login Tests" id="s1" pass="3" fail="0" skip="0">Login Tests</stat>
</suite>
</statistics>
<errors>
</errors>
</robot>
