<?xml version="1.0" encoding="UTF-8"?>
<robot generator="Robot 7.3.2 (Python 3.13.3 on win32)" generated="2025-09-11T12:17:29.274397" rpa="false" schemaversion="5">
<suite id="s1" name="Produtos Tests" source="C:\Users\Lívia\pb-compass-quality-engineering\Documentos\Sprint 06\Semana 12\Challenge 03\Testes Automatizados\tests\produtos_tests.robot">
<kw name="Criar Sessao" owner="common" type="SETUP">
<kw name="Create Session" owner="RequestsLibrary">
<msg time="2025-09-11T12:17:29.738211" level="INFO">Creating Session using : alias=serverest, url=https://compassuol.serverest.dev/, headers={},                     cookies={}, auth=None, timeout=None, proxies=None, verify=False,                     debug=0 </msg>
<arg>serverest</arg>
<arg>${URL_BASE}</arg>
<doc>Create Session: create a HTTP session to a server</doc>
<status status="PASS" start="2025-09-11T12:17:29.738057" elapsed="0.000318"/>
</kw>
<status status="PASS" start="2025-09-11T12:17:29.737368" elapsed="0.001076"/>
</kw>
<test id="s1-t1" name="CT033: Cadastro de produto com dados válidos" line="10">
<kw name="Pegar Dados Login Estatico Usuario Administrador Valido" owner="login_keywords">
<kw name="Importar JSON" owner="common">
<kw name="Load Json From File" owner="JSONLibrary">
<msg time="2025-09-11T12:17:29.739767" level="INFO">${data} = {'usuario_comum': {'email': 'usuarioteste@teste.com', 'password': 'teste'}, 'usuario_adm': {'email': 'usuarioadm@teste.com', 'password': 'teste'}}</msg>
<var>${data}</var>
<arg>${EXECDIR}/Documentos/Sprint 06/Semana 12/Challenge 03/Testes Automatizados/support/fixtures/static/${nome_arquivo}</arg>
<doc>Load JSON from file.</doc>
<status status="PASS" start="2025-09-11T12:17:29.739255" elapsed="0.000538"/>
</kw>
<return>
<value>${data}</value>
<status status="PASS" start="2025-09-11T12:17:29.739839" elapsed="0.000037"/>
</return>
<msg time="2025-09-11T12:17:29.739967" level="INFO">${json} = {'usuario_comum': {'email': 'usuarioteste@teste.com', 'password': 'teste'}, 'usuario_adm': {'email': 'usuarioadm@teste.com', 'password': 'teste'}}</msg>
<var>${json}</var>
<arg>usuarios_validos.json</arg>
<status status="PASS" start="2025-09-11T12:17:29.739096" elapsed="0.000887"/>
</kw>
<kw name="Set Global Variable" owner="BuiltIn">
<msg time="2025-09-11T12:17:29.740648" level="INFO">${payload} = {'email': 'usuarioadm@teste.com', 'password': 'teste'}</msg>
<arg>${payload}</arg>
<arg>${json["usuario_adm"]}</arg>
<doc>Makes a variable available globally in all tests and suites.</doc>
<status status="PASS" start="2025-09-11T12:17:29.740079" elapsed="0.000602"/>
</kw>
<status status="PASS" start="2025-09-11T12:17:29.738909" elapsed="0.001812"/>
</kw>
<kw name="POST Endpoint /login" owner="login_keywords">
<kw name="POST On Session" owner="RequestsLibrary">
<msg time="2025-09-11T12:17:30.382408" level="INFO">POST Request : url=https://compassuol.serverest.dev/login 
 path_url=/login 
 headers={'User-Agent': 'python-requests/2.32.5', 'Accept-Encoding': 'gzip, deflate', 'Accept': '*/*', 'Connection': 'keep-alive', 'Content-Length': '54', 'Content-Type': 'application/json'} 
 body=b'{"email": "usuarioadm@teste.com", "password": "teste"}' 
 </msg>
<msg time="2025-09-11T12:17:30.382545" level="INFO">POST Response : url=https://compassuol.serverest.dev/login 
 status=200, reason=OK 
 headers={'access-control-allow-origin': '*', 'x-dns-prefetch-control': 'off', 'x-frame-options': 'SAMEORIGIN', 'strict-transport-security': 'max-age=15552000; includeSubDomains', 'x-download-options': 'noopen', 'x-content-type-options': 'nosniff', 'x-xss-protection': '1; mode=block', 'content-type': 'application/json; charset=utf-8', 'x-cloud-trace-context': '20ff28138f2fcf12da188b719092660d;o=1', 'date': 'Thu, 11 Sep 2025 15:17:29 GMT', 'server': 'Google Frontend', 'Content-Length': '275'} 
 body={
    "message": "Login realizado com sucesso",
    "authorization": "Bearer eyJhbGciOiJIUzI1NiIsInR5cCI6IkpXVCJ9.eyJlbWFpbCI6InVzdWFyaW9hZG1AdGVzdGUuY29tIiwicGFzc3dvcmQiOiJ0ZXN0ZSIsImlhdCI6MTc1NzYwMzg0OSwiZXhwIjoxNzU3NjA0NDQ5fQ.1C1gxzzEPVB-8ExxsBQxlLV4qYmb_dqK-mIfxxxopeo"
} 
 </msg>
<msg time="2025-09-11T12:17:30.382623" level="INFO">C:\Users\Lívia\AppData\Local\Programs\Python\Python313\Lib\site-packages\urllib3\connectionpool.py:1097: InsecureRequestWarning: Unverified HTTPS request is being made to host 'compassuol.serverest.dev'. Adding certificate verification is strongly advised. See: https://urllib3.readthedocs.io/en/latest/advanced-usage.html#tls-warnings
  warnings.warn(</msg>
<msg time="2025-09-11T12:17:30.383005" level="INFO">${response} = &lt;Response [200]&gt;</msg>
<var>${response}</var>
<arg>serverest</arg>
<arg>/login</arg>
<arg>json=${payload}</arg>
<arg>expected_status=any</arg>
<doc>Sends a POST request on a previously created HTTP Session.</doc>
<status status="PASS" start="2025-09-11T12:17:29.741122" elapsed="0.641942"/>
</kw>
<kw name="Evaluate" owner="BuiltIn">
<msg time="2025-09-11T12:17:30.383890" level="INFO">${authorization} = Bearer eyJhbGciOiJIUzI1NiIsInR5cCI6IkpXVCJ9.eyJlbWFpbCI6InVzdWFyaW9hZG1AdGVzdGUuY29tIiwicGFzc3dvcmQiOiJ0ZXN0ZSIsImlhdCI6MTc1NzYwMzg0OSwiZXhwIjoxNzU3NjA0NDQ5fQ.1C1gxzzEPVB-8ExxsBQxlLV4qYmb_dqK-mIfxxxop...</msg>
<var>${authorization}</var>
<arg>$response.json().get("authorization")</arg>
<doc>Evaluates the given expression in Python and returns the result.</doc>
<status status="PASS" start="2025-09-11T12:17:30.383359" elapsed="0.000573"/>
</kw>
<if>
<branch type="IF" condition="&quot;${authorization}&quot; != &quot;None&quot;">
<kw name="Set Global Variable" owner="BuiltIn">
<msg time="2025-09-11T12:17:30.385968" level="INFO">${TOKEN} = Bearer eyJhbGciOiJIUzI1NiIsInR5cCI6IkpXVCJ9.eyJlbWFpbCI6InVzdWFyaW9hZG1AdGVzdGUuY29tIiwicGFzc3dvcmQiOiJ0ZXN0ZSIsImlhdCI6MTc1NzYwMzg0OSwiZXhwIjoxNzU3NjA0NDQ5fQ.1C1gxzzEPVB-8ExxsBQxlLV4qYmb_dqK-mIfxxxop...</msg>
<arg>${TOKEN}</arg>
<arg>${authorization}</arg>
<doc>Makes a variable available globally in all tests and suites.</doc>
<status status="PASS" start="2025-09-11T12:17:30.384976" elapsed="0.001078"/>
</kw>
<status status="PASS" start="2025-09-11T12:17:30.384425" elapsed="0.001688"/>
</branch>
<status status="PASS" start="2025-09-11T12:17:30.384358" elapsed="0.001801"/>
</if>
<kw name="Set Global Variable" owner="BuiltIn">
<msg time="2025-09-11T12:17:30.386719" level="INFO">${response} = &lt;Response [200]&gt;</msg>
<arg>${response}</arg>
<doc>Makes a variable available globally in all tests and suites.</doc>
<status status="PASS" start="2025-09-11T12:17:30.386397" elapsed="0.000409"/>
</kw>
<status status="PASS" start="2025-09-11T12:17:29.740968" elapsed="0.645931"/>
</kw>
<kw name="Criar Dados Produto Valido" owner="dynamics">
<kw name="Word" owner="FakerLibrary">
<msg time="2025-09-11T12:17:30.388563" level="INFO">${nome} = see</msg>
<var>${nome}</var>
<doc>Generate a word.</doc>
<status status="PASS" start="2025-09-11T12:17:30.388158" elapsed="0.000467"/>
</kw>
<kw name="Random Int" owner="FakerLibrary">
<msg time="2025-09-11T12:17:30.389133" level="INFO">${preco} = 4333</msg>
<var>${preco}</var>
<doc>Generate a random integer between two integers ``min`` and ``max`` inclusive
while observing the provided ``step`` value.</doc>
<status status="PASS" start="2025-09-11T12:17:30.388841" elapsed="0.000341"/>
</kw>
<kw name="Text" owner="FakerLibrary">
<msg time="2025-09-11T12:17:30.389880" level="INFO">${descricao} = Often fire skill fact account. Future leg lot begin debate age strong people. Focus risk black answer tend police thank town.
Action by discuss star not. Away another ago safe per environmental.</msg>
<var>${descricao}</var>
<doc>Generate a text string.</doc>
<status status="PASS" start="2025-09-11T12:17:30.389441" elapsed="0.000481"/>
</kw>
<kw name="Random Int" owner="FakerLibrary">
<msg time="2025-09-11T12:17:30.390336" level="INFO">${quantidade} = 5620</msg>
<var>${quantidade}</var>
<doc>Generate a random integer between two integers ``min`` and ``max`` inclusive
while observing the provided ``step`` value.</doc>
<status status="PASS" start="2025-09-11T12:17:30.390116" elapsed="0.000268"/>
</kw>
<kw name="Create Dictionary" owner="BuiltIn">
<msg time="2025-09-11T12:17:30.391549" level="INFO">${payload} = {'nome': 'see', 'preco': 4333, 'descricao': 'Often fire skill fact account. Future leg lot begin debate age strong people. Focus risk black answer tend police thank town.\nAction by discuss star not. ...</msg>
<var>${payload}</var>
<arg>nome=${nome}</arg>
<arg>preco=${preco}</arg>
<arg>descricao=${descricao}</arg>
<arg>quantidade=${quantidade}</arg>
<doc>Creates and returns a dictionary based on the given ``items``.</doc>
<status status="PASS" start="2025-09-11T12:17:30.390903" elapsed="0.000706"/>
</kw>
<kw name="Set Global Variable" owner="BuiltIn">
<msg time="2025-09-11T12:17:30.392174" level="INFO">${payload} = {'nome': 'see', 'preco': 4333, 'descricao': 'Often fire skill fact account. Future leg lot begin debate age strong people. Focus risk black answer tend police thank town.\nAction by discuss star not. ...</msg>
<arg>${payload}</arg>
<doc>Makes a variable available globally in all tests and suites.</doc>
<status status="PASS" start="2025-09-11T12:17:30.391881" elapsed="0.000360"/>
</kw>
<status status="PASS" start="2025-09-11T12:17:30.387614" elapsed="0.004742"/>
</kw>
<kw name="POST Endpoint /produtos" owner="produtos_keywords">
<kw name="Create Dictionary" owner="BuiltIn">
<msg time="2025-09-11T12:17:30.393836" level="INFO">&amp;{header} = { Content-Type=application/json | Accept=application/json | Authorization=Bearer eyJhbGciOiJIUzI1NiIsInR5cCI6IkpXVCJ9.eyJlbWFpbCI6InVzdWFyaW9hZG1AdGVzdGUuY29tIiwicGFzc3dvcmQiOiJ0ZXN0ZSIsImlhdCI6MTc1Nz...</msg>
<var>&amp;{header}</var>
<arg>Content-Type=application/json</arg>
<arg>Accept=application/json</arg>
<arg>Authorization=${token}</arg>
<doc>Creates and returns a dictionary based on the given ``items``.</doc>
<status status="PASS" start="2025-09-11T12:17:30.393547" elapsed="0.000328"/>
</kw>
<kw name="POST On Session" owner="RequestsLibrary">
<msg time="2025-09-11T12:17:30.618875" level="INFO">POST Request : url=https://compassuol.serverest.dev/produtos 
 path_url=/produtos 
 headers={'User-Agent': 'python-requests/2.32.5', 'Accept-Encoding': 'gzip, deflate', 'Accept': 'application/json', 'Connection': 'keep-alive', 'Content-Type': 'application/json', 'Authorization': 'Bearer eyJhbGciOiJIUzI1NiIsInR5cCI6IkpXVCJ9.eyJlbWFpbCI6InVzdWFyaW9hZG1AdGVzdGUuY29tIiwicGFzc3dvcmQiOiJ0ZXN0ZSIsImlhdCI6MTc1NzYwMzg0OSwiZXhwIjoxNzU3NjA0NDQ5fQ.1C1gxzzEPVB-8ExxsBQxlLV4qYmb_dqK-mIfxxxopeo', 'Content-Length': '262'} 
 body=b'{"nome": "see", "preco": 4333, "descricao": "Often fire skill fact account. Future leg lot begin debate age strong people. Focus risk black answer tend police thank town.\\nAction by discuss star not. Away another ago safe per environmental.", "quantidade": 5620}' 
 </msg>
<msg time="2025-09-11T12:17:30.618962" level="INFO">POST Response : url=https://compassuol.serverest.dev/produtos 
 status=201, reason=Created 
 headers={'access-control-allow-origin': '*', 'x-dns-prefetch-control': 'off', 'x-frame-options': 'SAMEORIGIN', 'strict-transport-security': 'max-age=15552000; includeSubDomains', 'x-download-options': 'noopen', 'x-content-type-options': 'nosniff', 'x-xss-protection': '1; mode=block', 'content-type': 'application/json; charset=utf-8', 'x-cloud-trace-context': '3fb285dd46a67846da188b7190926144', 'date': 'Thu, 11 Sep 2025 15:17:29 GMT', 'server': 'Google Frontend', 'Content-Length': '82'} 
 body={
    "message": "Cadastro realizado com sucesso",
    "_id": "KLmoCHkbuXsUH39r"
} 
 </msg>
<msg time="2025-09-11T12:17:30.619743" level="INFO">C:\Users\Lívia\AppData\Local\Programs\Python\Python313\Lib\site-packages\urllib3\connectionpool.py:1097: InsecureRequestWarning: Unverified HTTPS request is being made to host 'compassuol.serverest.dev'. Adding certificate verification is strongly advised. See: https://urllib3.readthedocs.io/en/latest/advanced-usage.html#tls-warnings
  warnings.warn(</msg>
<msg time="2025-09-11T12:17:30.620191" level="INFO">${response} = &lt;Response [201]&gt;</msg>
<var>${response}</var>
<arg>serverest</arg>
<arg>/produtos</arg>
<arg>json=${payload}</arg>
<arg>headers=${header}</arg>
<arg>expected_status=any</arg>
<doc>Sends a POST request on a previously created HTTP Session.</doc>
<status status="PASS" start="2025-09-11T12:17:30.394012" elapsed="0.226238"/>
</kw>
<kw name="Evaluate" owner="BuiltIn">
<msg time="2025-09-11T12:17:30.620736" level="INFO">${id} = KLmoCHkbuXsUH39r</msg>
<var>${id}</var>
<arg>$response.json().get("_id")</arg>
<doc>Evaluates the given expression in Python and returns the result.</doc>
<status status="PASS" start="2025-09-11T12:17:30.620438" elapsed="0.000317"/>
</kw>
<if>
<branch type="IF" condition="&quot;${id}&quot; != &quot;None&quot;">
<kw name="Set Global Variable" owner="BuiltIn">
<msg time="2025-09-11T12:17:30.621447" level="INFO">${ID_PRODUTO} = KLmoCHkbuXsUH39r</msg>
<arg>${ID_PRODUTO}</arg>
<arg>${id}</arg>
<doc>Makes a variable available globally in all tests and suites.</doc>
<status status="PASS" start="2025-09-11T12:17:30.621038" elapsed="0.000434"/>
</kw>
<status status="PASS" start="2025-09-11T12:17:30.620850" elapsed="0.000643"/>
</branch>
<status status="PASS" start="2025-09-11T12:17:30.620827" elapsed="0.000684"/>
</if>
<kw name="Set Global Variable" owner="BuiltIn">
<msg time="2025-09-11T12:17:30.621664" level="INFO">${response} = &lt;Response [201]&gt;</msg>
<arg>${response}</arg>
<doc>Makes a variable available globally in all tests and suites.</doc>
<status status="PASS" start="2025-09-11T12:17:30.621580" elapsed="0.000105"/>
</kw>
<arg>${TOKEN}</arg>
<status status="PASS" start="2025-09-11T12:17:30.392990" elapsed="0.228727"/>
</kw>
<kw name="Validar Status Code" owner="common">
<kw name="Should Be True" owner="BuiltIn">
<arg>${response.status_code}==${status_code}</arg>
<doc>Fails if the given condition is not true.</doc>
<status status="PASS" start="2025-09-11T12:17:30.622275" elapsed="0.000383"/>
</kw>
<arg>status_code=201</arg>
<status status="PASS" start="2025-09-11T12:17:30.622104" elapsed="0.000588"/>
</kw>
<kw name="Validar se a Resposta Contem &quot;_id&quot;" owner="common" source_name="Validar se a Resposta Contem &quot;${palavra}&quot;">
<kw name="Should Contain" owner="BuiltIn">
<arg>${response.json()}</arg>
<arg>${palavra}</arg>
<doc>Fails if ``container`` does not contain ``item`` one or more times.</doc>
<status status="PASS" start="2025-09-11T12:17:30.623218" elapsed="0.000233"/>
</kw>
<status status="PASS" start="2025-09-11T12:17:30.623066" elapsed="0.000420"/>
</kw>
<kw name="Validar se a Resposta Contem a Mensagem &quot;Cadastro realizado com sucesso&quot;" owner="common" source_name="Validar se a Resposta Contem a Mensagem &quot;${mensagem}&quot;">
<kw name="Should Contain" owner="BuiltIn">
<arg>${response.json()["message"]}</arg>
<arg>${mensagem}</arg>
<doc>Fails if ``container`` does not contain ``item`` one or more times.</doc>
<status status="PASS" start="2025-09-11T12:17:30.624016" elapsed="0.000217"/>
</kw>
<status status="PASS" start="2025-09-11T12:17:30.623867" elapsed="0.000400"/>
</kw>
<status status="PASS" start="2025-09-11T12:17:29.738493" elapsed="0.886123"/>
</test>
<test id="s1-t2" name="CT034: Cadastro de produto como usuário não autenticado" line="19">
<kw name="Criar Dados Produto Valido" owner="dynamics">
<kw name="Word" owner="FakerLibrary">
<msg time="2025-09-11T12:17:30.627652" level="INFO">${nome} = language</msg>
<var>${nome}</var>
<doc>Generate a word.</doc>
<status status="PASS" start="2025-09-11T12:17:30.627268" elapsed="0.000432"/>
</kw>
<kw name="Random Int" owner="FakerLibrary">
<msg time="2025-09-11T12:17:30.628014" level="INFO">${preco} = 6303</msg>
<var>${preco}</var>
<doc>Generate a random integer between two integers ``min`` and ``max`` inclusive
while observing the provided ``step`` value.</doc>
<status status="PASS" start="2025-09-11T12:17:30.627838" elapsed="0.000205"/>
</kw>
<kw name="Text" owner="FakerLibrary">
<msg time="2025-09-11T12:17:30.628531" level="INFO">${descricao} = New paper economy bad business record. More me nice way east film.
Significant help account message least understand. Pick protect stuff room material.</msg>
<var>${descricao}</var>
<doc>Generate a text string.</doc>
<status status="PASS" start="2025-09-11T12:17:30.628159" elapsed="0.000504"/>
</kw>
<kw name="Random Int" owner="FakerLibrary">
<msg time="2025-09-11T12:17:30.628881" level="INFO">${quantidade} = 9640</msg>
<var>${quantidade}</var>
<doc>Generate a random integer between two integers ``min`` and ``max`` inclusive
while observing the provided ``step`` value.</doc>
<status status="PASS" start="2025-09-11T12:17:30.628768" elapsed="0.000127"/>
</kw>
<kw name="Create Dictionary" owner="BuiltIn">
<msg time="2025-09-11T12:17:30.629144" level="INFO">${payload} = {'nome': 'language', 'preco': 6303, 'descricao': 'New paper economy bad business record. More me nice way east film.\nSignificant help account message least understand. Pick protect stuff room materia...</msg>
<var>${payload}</var>
<arg>nome=${nome}</arg>
<arg>preco=${preco}</arg>
<arg>descricao=${descricao}</arg>
<arg>quantidade=${quantidade}</arg>
<doc>Creates and returns a dictionary based on the given ``items``.</doc>
<status status="PASS" start="2025-09-11T12:17:30.628974" elapsed="0.000184"/>
</kw>
<kw name="Set Global Variable" owner="BuiltIn">
<msg time="2025-09-11T12:17:30.629320" level="INFO">${payload} = {'nome': 'language', 'preco': 6303, 'descricao': 'New paper economy bad business record. More me nice way east film.\nSignificant help account message least understand. Pick protect stuff room materia...</msg>
<arg>${payload}</arg>
<doc>Makes a variable available globally in all tests and suites.</doc>
<status status="PASS" start="2025-09-11T12:17:30.629229" elapsed="0.000111"/>
</kw>
<status status="PASS" start="2025-09-11T12:17:30.626647" elapsed="0.002724"/>
</kw>
<kw name="POST Endpoint /produtos" owner="produtos_keywords">
<kw name="Create Dictionary" owner="BuiltIn">
<msg time="2025-09-11T12:17:30.630213" level="INFO">&amp;{header} = { Content-Type=application/json | Accept=application/json | Authorization= }</msg>
<var>&amp;{header}</var>
<arg>Content-Type=application/json</arg>
<arg>Accept=application/json</arg>
<arg>Authorization=${token}</arg>
<doc>Creates and returns a dictionary based on the given ``items``.</doc>
<status status="PASS" start="2025-09-11T12:17:30.630091" elapsed="0.000138"/>
</kw>
<kw name="POST On Session" owner="RequestsLibrary">
<msg time="2025-09-11T12:17:30.828815" level="INFO">POST Request : url=https://compassuol.serverest.dev/produtos 
 path_url=/produtos 
 headers={'User-Agent': 'python-requests/2.32.5', 'Accept-Encoding': 'gzip, deflate', 'Accept': 'application/json', 'Connection': 'keep-alive', 'Content-Type': 'application/json', 'Authorization': '', 'Content-Length': '224'} 
 body=b'{"nome": "language", "preco": 6303, "descricao": "New paper economy bad business record. More me nice way east film.\\nSignificant help account message least understand. Pick protect stuff room material.", "quantidade": 9640}' 
 </msg>
<msg time="2025-09-11T12:17:30.828884" level="INFO">POST Response : url=https://compassuol.serverest.dev/produtos 
 status=401, reason=Unauthorized 
 headers={'access-control-allow-origin': '*', 'x-dns-prefetch-control': 'off', 'x-frame-options': 'SAMEORIGIN', 'strict-transport-security': 'max-age=15552000; includeSubDomains', 'x-download-options': 'noopen', 'x-content-type-options': 'nosniff', 'x-xss-protection': '1; mode=block', 'content-type': 'application/json; charset=utf-8', 'x-cloud-trace-context': '41d90061179c15f8da188b7190926e84', 'date': 'Thu, 11 Sep 2025 15:17:29 GMT', 'server': 'Google Frontend', 'Content-Length': '103'} 
 body={
    "message": "Token de acesso ausente, inválido, expirado ou usuário do token não existe mais"
} 
 </msg>
<msg time="2025-09-11T12:17:30.828931" level="INFO">C:\Users\Lívia\AppData\Local\Programs\Python\Python313\Lib\site-packages\urllib3\connectionpool.py:1097: InsecureRequestWarning: Unverified HTTPS request is being made to host 'compassuol.serverest.dev'. Adding certificate verification is strongly advised. See: https://urllib3.readthedocs.io/en/latest/advanced-usage.html#tls-warnings
  warnings.warn(</msg>
<msg time="2025-09-11T12:17:30.829355" level="INFO">${response} = &lt;Response [401]&gt;</msg>
<var>${response}</var>
<arg>serverest</arg>
<arg>/produtos</arg>
<arg>json=${payload}</arg>
<arg>headers=${header}</arg>
<arg>expected_status=any</arg>
<doc>Sends a POST request on a previously created HTTP Session.</doc>
<status status="PASS" start="2025-09-11T12:17:30.630296" elapsed="0.199096"/>
</kw>
<kw name="Evaluate" owner="BuiltIn">
<msg time="2025-09-11T12:17:30.829774" level="INFO">${id} = None</msg>
<var>${id}</var>
<arg>$response.json().get("_id")</arg>
<doc>Evaluates the given expression in Python and returns the result.</doc>
<status status="PASS" start="2025-09-11T12:17:30.829543" elapsed="0.000252"/>
</kw>
<if>
<branch type="IF" condition="&quot;${id}&quot; != &quot;None&quot;">
<kw name="Set Global Variable" owner="BuiltIn">
<arg>${ID_PRODUTO}</arg>
<arg>${id}</arg>
<doc>Makes a variable available globally in all tests and suites.</doc>
<status status="NOT RUN" start="2025-09-11T12:17:30.830016" elapsed="0.000015"/>
</kw>
<status status="NOT RUN" start="2025-09-11T12:17:30.829858" elapsed="0.000197"/>
</branch>
<status status="PASS" start="2025-09-11T12:17:30.829843" elapsed="0.000228"/>
</if>
<kw name="Set Global Variable" owner="BuiltIn">
<msg time="2025-09-11T12:17:30.830246" level="INFO">${response} = &lt;Response [401]&gt;</msg>
<arg>${response}</arg>
<doc>Makes a variable available globally in all tests and suites.</doc>
<status status="PASS" start="2025-09-11T12:17:30.830133" elapsed="0.000138"/>
</kw>
<arg>${EMPTY}</arg>
<status status="PASS" start="2025-09-11T12:17:30.629781" elapsed="0.200526"/>
</kw>
<kw name="Validar Status Code" owner="common">
<kw name="Should Be True" owner="BuiltIn">
<arg>${response.status_code}==${status_code}</arg>
<doc>Fails if the given condition is not true.</doc>
<status status="PASS" start="2025-09-11T12:17:30.830708" elapsed="0.000424"/>
</kw>
<arg>status_code=401</arg>
<status status="PASS" start="2025-09-11T12:17:30.830529" elapsed="0.000641"/>
</kw>
<kw name="Validar se a Resposta nao Contem &quot;_id&quot;" owner="common" source_name="Validar se a Resposta nao Contem &quot;${palavra}&quot;">
<kw name="Should Not Contain" owner="BuiltIn">
<arg>${response.json()}</arg>
<arg>${palavra}</arg>
<doc>Fails if ``container`` contains ``item`` one or more times.</doc>
<status status="PASS" start="2025-09-11T12:17:30.831530" elapsed="0.000244"/>
</kw>
<status status="PASS" start="2025-09-11T12:17:30.831372" elapsed="0.000437"/>
</kw>
<kw name="Validar se a Resposta Contem a Mensagem &quot;Token de acesso ausente, inválido, expirado ou usuário do token não existe mais&quot;" owner="common" source_name="Validar se a Resposta Contem a Mensagem &quot;${mensagem}&quot;">
<kw name="Should Contain" owner="BuiltIn">
<arg>${response.json()["message"]}</arg>
<arg>${mensagem}</arg>
<doc>Fails if ``container`` does not contain ``item`` one or more times.</doc>
<status status="PASS" start="2025-09-11T12:17:30.832628" elapsed="0.000387"/>
</kw>
<status status="PASS" start="2025-09-11T12:17:30.832347" elapsed="0.000731"/>
</kw>
<status status="PASS" start="2025-09-11T12:17:30.625640" elapsed="0.207640"/>
</test>
<test id="s1-t3" name="CT035: Cadastro de produto como usuário não administrador" line="26">
<kw name="Pegar Dados Login Estatico Usuario Comum Valido" owner="login_keywords">
<kw name="Importar JSON" owner="common">
<kw name="Load Json From File" owner="JSONLibrary">
<msg time="2025-09-11T12:17:30.835932" level="INFO">${data} = {'usuario_comum': {'email': 'usuarioteste@teste.com', 'password': 'teste'}, 'usuario_adm': {'email': 'usuarioadm@teste.com', 'password': 'teste'}}</msg>
<var>${data}</var>
<arg>${EXECDIR}/Documentos/Sprint 06/Semana 12/Challenge 03/Testes Automatizados/support/fixtures/static/${nome_arquivo}</arg>
<doc>Load JSON from file.</doc>
<status status="PASS" start="2025-09-11T12:17:30.835500" elapsed="0.000456"/>
</kw>
<return>
<value>${data}</value>
<status status="PASS" start="2025-09-11T12:17:30.835998" elapsed="0.000078"/>
</return>
<msg time="2025-09-11T12:17:30.836162" level="INFO">${json} = {'usuario_comum': {'email': 'usuarioteste@teste.com', 'password': 'teste'}, 'usuario_adm': {'email': 'usuarioadm@teste.com', 'password': 'teste'}}</msg>
<var>${json}</var>
<arg>usuarios_validos.json</arg>
<status status="PASS" start="2025-09-11T12:17:30.835334" elapsed="0.000844"/>
</kw>
<kw name="Set Global Variable" owner="BuiltIn">
<msg time="2025-09-11T12:17:30.836558" level="INFO">${payload} = {'email': 'usuarioteste@teste.com', 'password': 'teste'}</msg>
<arg>${payload}</arg>
<arg>${json["usuario_comum"]}</arg>
<doc>Makes a variable available globally in all tests and suites.</doc>
<status status="PASS" start="2025-09-11T12:17:30.836266" elapsed="0.000323"/>
</kw>
<status status="PASS" start="2025-09-11T12:17:30.835132" elapsed="0.001493"/>
</kw>
<kw name="POST Endpoint /login" owner="login_keywords">
<kw name="POST On Session" owner="RequestsLibrary">
<msg time="2025-09-11T12:17:31.063169" level="INFO">POST Request : url=https://compassuol.serverest.dev/login 
 path_url=/login 
 headers={'User-Agent': 'python-requests/2.32.5', 'Accept-Encoding': 'gzip, deflate', 'Accept': '*/*', 'Connection': 'keep-alive', 'Content-Length': '56', 'Content-Type': 'application/json'} 
 body=b'{"email": "usuarioteste@teste.com", "password": "teste"}' 
 </msg>
<msg time="2025-09-11T12:17:31.063260" level="INFO">POST Response : url=https://compassuol.serverest.dev/login 
 status=200, reason=OK 
 headers={'access-control-allow-origin': '*', 'x-dns-prefetch-control': 'off', 'x-frame-options': 'SAMEORIGIN', 'strict-transport-security': 'max-age=15552000; includeSubDomains', 'x-download-options': 'noopen', 'x-content-type-options': 'nosniff', 'x-xss-protection': '1; mode=block', 'content-type': 'application/json; charset=utf-8', 'x-cloud-trace-context': '3844f24b419fbf17da188b7190926f51', 'date': 'Thu, 11 Sep 2025 15:17:30 GMT', 'server': 'Google Frontend', 'Content-Length': '277'} 
 body={
    "message": "Login realizado com sucesso",
    "authorization": "Bearer eyJhbGciOiJIUzI1NiIsInR5cCI6IkpXVCJ9.eyJlbWFpbCI6InVzdWFyaW90ZXN0ZUB0ZXN0ZS5jb20iLCJwYXNzd29yZCI6InRlc3RlIiwiaWF0IjoxNzU3NjAzODUwLCJleHAiOjE3NTc2MDQ0NTB9.aIptvtVcSHdcFd5PMVkXMza_LfyqERu-_f_ZLc7aO3s"
} 
 </msg>
<msg time="2025-09-11T12:17:31.063322" level="INFO">C:\Users\Lívia\AppData\Local\Programs\Python\Python313\Lib\site-packages\urllib3\connectionpool.py:1097: InsecureRequestWarning: Unverified HTTPS request is being made to host 'compassuol.serverest.dev'. Adding certificate verification is strongly advised. See: https://urllib3.readthedocs.io/en/latest/advanced-usage.html#tls-warnings
  warnings.warn(</msg>
<msg time="2025-09-11T12:17:31.063870" level="INFO">${response} = &lt;Response [200]&gt;</msg>
<var>${response}</var>
<arg>serverest</arg>
<arg>/login</arg>
<arg>json=${payload}</arg>
<arg>expected_status=any</arg>
<doc>Sends a POST request on a previously created HTTP Session.</doc>
<status status="PASS" start="2025-09-11T12:17:30.837005" elapsed="0.226917"/>
</kw>
<kw name="Evaluate" owner="BuiltIn">
<msg time="2025-09-11T12:17:31.064653" level="INFO">${authorization} = Bearer eyJhbGciOiJIUzI1NiIsInR5cCI6IkpXVCJ9.eyJlbWFpbCI6InVzdWFyaW90ZXN0ZUB0ZXN0ZS5jb20iLCJwYXNzd29yZCI6InRlc3RlIiwiaWF0IjoxNzU3NjAzODUwLCJleHAiOjE3NTc2MDQ0NTB9.aIptvtVcSHdcFd5PMVkXMza_LfyqERu-_f_ZLc7...</msg>
<var>${authorization}</var>
<arg>$response.json().get("authorization")</arg>
<doc>Evaluates the given expression in Python and returns the result.</doc>
<status status="PASS" start="2025-09-11T12:17:31.064324" elapsed="0.000361"/>
</kw>
<if>
<branch type="IF" condition="&quot;${authorization}&quot; != &quot;None&quot;">
<kw name="Set Global Variable" owner="BuiltIn">
<msg time="2025-09-11T12:17:31.065088" level="INFO">${TOKEN} = Bearer eyJhbGciOiJIUzI1NiIsInR5cCI6IkpXVCJ9.eyJlbWFpbCI6InVzdWFyaW90ZXN0ZUB0ZXN0ZS5jb20iLCJwYXNzd29yZCI6InRlc3RlIiwiaWF0IjoxNzU3NjAzODUwLCJleHAiOjE3NTc2MDQ0NTB9.aIptvtVcSHdcFd5PMVkXMza_LfyqERu-_f_ZLc7...</msg>
<arg>${TOKEN}</arg>
<arg>${authorization}</arg>
<doc>Makes a variable available globally in all tests and suites.</doc>
<status status="PASS" start="2025-09-11T12:17:31.064952" elapsed="0.000166"/>
</kw>
<status status="PASS" start="2025-09-11T12:17:31.064768" elapsed="0.000377"/>
</branch>
<status status="PASS" start="2025-09-11T12:17:31.064751" elapsed="0.000412"/>
</if>
<kw name="Set Global Variable" owner="BuiltIn">
<msg time="2025-09-11T12:17:31.065328" level="INFO">${response} = &lt;Response [200]&gt;</msg>
<arg>${response}</arg>
<doc>Makes a variable available globally in all tests and suites.</doc>
<status status="PASS" start="2025-09-11T12:17:31.065234" elapsed="0.000118"/>
</kw>
<status status="PASS" start="2025-09-11T12:17:30.836858" elapsed="0.228533"/>
</kw>
<kw name="Criar Dados Produto Valido" owner="dynamics">
<kw name="Word" owner="FakerLibrary">
<msg time="2025-09-11T12:17:31.066097" level="INFO">${nome} = hotel</msg>
<var>${nome}</var>
<doc>Generate a word.</doc>
<status status="PASS" start="2025-09-11T12:17:31.065971" elapsed="0.000148"/>
</kw>
<kw name="Random Int" owner="FakerLibrary">
<msg time="2025-09-11T12:17:31.066311" level="INFO">${preco} = 141</msg>
<var>${preco}</var>
<doc>Generate a random integer between two integers ``min`` and ``max`` inclusive
while observing the provided ``step`` value.</doc>
<status status="PASS" start="2025-09-11T12:17:31.066225" elapsed="0.000101"/>
</kw>
<kw name="Text" owner="FakerLibrary">
<msg time="2025-09-11T12:17:31.066595" level="INFO">${descricao} = Their pull speak group blue figure likely name. Cover us community bag kid.
Only should concern thank arrive however enter. Best piece moment line drive.
Government case ready discuss.</msg>
<var>${descricao}</var>
<doc>Generate a text string.</doc>
<status status="PASS" start="2025-09-11T12:17:31.066391" elapsed="0.000225"/>
</kw>
<kw name="Random Int" owner="FakerLibrary">
<msg time="2025-09-11T12:17:31.066783" level="INFO">${quantidade} = 6388</msg>
<var>${quantidade}</var>
<doc>Generate a random integer between two integers ``min`` and ``max`` inclusive
while observing the provided ``step`` value.</doc>
<status status="PASS" start="2025-09-11T12:17:31.066695" elapsed="0.000109"/>
</kw>
<kw name="Create Dictionary" owner="BuiltIn">
<msg time="2025-09-11T12:17:31.067285" level="INFO">${payload} = {'nome': 'hotel', 'preco': 141, 'descricao': 'Their pull speak group blue figure likely name. Cover us community bag kid.\nOnly should concern thank arrive however enter. Best piece moment line drive....</msg>
<var>${payload}</var>
<arg>nome=${nome}</arg>
<arg>preco=${preco}</arg>
<arg>descricao=${descricao}</arg>
<arg>quantidade=${quantidade}</arg>
<doc>Creates and returns a dictionary based on the given ``items``.</doc>
<status status="PASS" start="2025-09-11T12:17:31.066899" elapsed="0.000413"/>
</kw>
<kw name="Set Global Variable" owner="BuiltIn">
<msg time="2025-09-11T12:17:31.067503" level="INFO">${payload} = {'nome': 'hotel', 'preco': 141, 'descricao': 'Their pull speak group blue figure likely name. Cover us community bag kid.\nOnly should concern thank arrive however enter. Best piece moment line drive....</msg>
<arg>${payload}</arg>
<doc>Makes a variable available globally in all tests and suites.</doc>
<status status="PASS" start="2025-09-11T12:17:31.067404" elapsed="0.000120"/>
</kw>
<status status="PASS" start="2025-09-11T12:17:31.065802" elapsed="0.001750"/>
</kw>
<kw name="POST Endpoint /produtos" owner="produtos_keywords">
<kw name="Create Dictionary" owner="BuiltIn">
<msg time="2025-09-11T12:17:31.068390" level="INFO">&amp;{header} = { Content-Type=application/json | Accept=application/json | Authorization=Bearer eyJhbGciOiJIUzI1NiIsInR5cCI6IkpXVCJ9.eyJlbWFpbCI6InVzdWFyaW90ZXN0ZUB0ZXN0ZS5jb20iLCJwYXNzd29yZCI6InRlc3RlIiwiaWF0IjoxNz...</msg>
<var>&amp;{header}</var>
<arg>Content-Type=application/json</arg>
<arg>Accept=application/json</arg>
<arg>Authorization=${token}</arg>
<doc>Creates and returns a dictionary based on the given ``items``.</doc>
<status status="PASS" start="2025-09-11T12:17:31.068247" elapsed="0.000165"/>
</kw>
<kw name="POST On Session" owner="RequestsLibrary">
<msg time="2025-09-11T12:17:31.285114" level="INFO">POST Request : url=https://compassuol.serverest.dev/produtos 
 path_url=/produtos 
 headers={'User-Agent': 'python-requests/2.32.5', 'Accept-Encoding': 'gzip, deflate', 'Accept': 'application/json', 'Connection': 'keep-alive', 'Content-Type': 'application/json', 'Authorization': 'Bearer eyJhbGciOiJIUzI1NiIsInR5cCI6IkpXVCJ9.eyJlbWFpbCI6InVzdWFyaW90ZXN0ZUB0ZXN0ZS5jb20iLCJwYXNzd29yZCI6InRlc3RlIiwiaWF0IjoxNzU3NjAzODUwLCJleHAiOjE3NTc2MDQ0NTB9.aIptvtVcSHdcFd5PMVkXMza_LfyqERu-_f_ZLc7aO3s', 'Content-Length': '254'} 
 body=b'{"nome": "hotel", "preco": 141, "descricao": "Their pull speak group blue figure likely name. Cover us community bag kid.\\nOnly should concern thank arrive however enter. Best piece moment line drive.\\nGovernment case ready discuss.", "quantidade": 6388}' 
 </msg>
<msg time="2025-09-11T12:17:31.285262" level="INFO">POST Response : url=https://compassuol.serverest.dev/produtos 
 status=403, reason=Forbidden 
 headers={'access-control-allow-origin': '*', 'x-dns-prefetch-control': 'off', 'x-frame-options': 'SAMEORIGIN', 'strict-transport-security': 'max-age=15552000; includeSubDomains', 'x-download-options': 'noopen', 'x-content-type-options': 'nosniff', 'x-xss-protection': '1; mode=block', 'content-type': 'application/json; charset=utf-8', 'x-cloud-trace-context': 'b883c5ca52fed211da188b71909264b5', 'date': 'Thu, 11 Sep 2025 15:17:30 GMT', 'server': 'Google Frontend', 'Content-Length': '56'} 
 body={
    "message": "Rota exclusiva para administradores"
} 
 </msg>
<msg time="2025-09-11T12:17:31.285363" level="INFO">C:\Users\Lívia\AppData\Local\Programs\Python\Python313\Lib\site-packages\urllib3\connectionpool.py:1097: InsecureRequestWarning: Unverified HTTPS request is being made to host 'compassuol.serverest.dev'. Adding certificate verification is strongly advised. See: https://urllib3.readthedocs.io/en/latest/advanced-usage.html#tls-warnings
  warnings.warn(</msg>
<msg time="2025-09-11T12:17:31.286268" level="INFO">${response} = &lt;Response [403]&gt;</msg>
<var>${response}</var>
<arg>serverest</arg>
<arg>/produtos</arg>
<arg>json=${payload}</arg>
<arg>headers=${header}</arg>
<arg>expected_status=any</arg>
<doc>Sends a POST request on a previously created HTTP Session.</doc>
<status status="PASS" start="2025-09-11T12:17:31.068615" elapsed="0.217768"/>
</kw>
<kw name="Evaluate" owner="BuiltIn">
<msg time="2025-09-11T12:17:31.287225" level="INFO">${id} = None</msg>
<var>${id}</var>
<arg>$response.json().get("_id")</arg>
<doc>Evaluates the given expression in Python and returns the result.</doc>
<status status="PASS" start="2025-09-11T12:17:31.286721" elapsed="0.000550"/>
</kw>
<if>
<branch type="IF" condition="&quot;${id}&quot; != &quot;None&quot;">
<kw name="Set Global Variable" owner="BuiltIn">
<arg>${ID_PRODUTO}</arg>
<arg>${id}</arg>
<doc>Makes a variable available globally in all tests and suites.</doc>
<status status="NOT RUN" start="2025-09-11T12:17:31.287733" elapsed="0.000036"/>
</kw>
<status status="NOT RUN" start="2025-09-11T12:17:31.287404" elapsed="0.000423"/>
</branch>
<status status="PASS" start="2025-09-11T12:17:31.287374" elapsed="0.000491"/>
</if>
<kw name="Set Global Variable" owner="BuiltIn">
<msg time="2025-09-11T12:17:31.288336" level="INFO">${response} = &lt;Response [403]&gt;</msg>
<arg>${response}</arg>
<doc>Makes a variable available globally in all tests and suites.</doc>
<status status="PASS" start="2025-09-11T12:17:31.288064" elapsed="0.000335"/>
</kw>
<arg>${TOKEN}</arg>
<status status="PASS" start="2025-09-11T12:17:31.068047" elapsed="0.220439"/>
</kw>
<kw name="Validar Status Code" owner="common">
<kw name="Should Be True" owner="BuiltIn">
<arg>${response.status_code}==${status_code}</arg>
<doc>Fails if the given condition is not true.</doc>
<status status="PASS" start="2025-09-11T12:17:31.289623" elapsed="0.001094"/>
</kw>
<arg>status_code=403</arg>
<status status="PASS" start="2025-09-11T12:17:31.289150" elapsed="0.001668"/>
</kw>
<kw name="Validar se a Resposta nao Contem &quot;_id&quot;" owner="common" source_name="Validar se a Resposta nao Contem &quot;${palavra}&quot;">
<kw name="Should Not Contain" owner="BuiltIn">
<arg>${response.json()}</arg>
<arg>${palavra}</arg>
<doc>Fails if ``container`` contains ``item`` one or more times.</doc>
<status status="PASS" start="2025-09-11T12:17:31.291896" elapsed="0.000658"/>
</kw>
<status status="PASS" start="2025-09-11T12:17:31.291468" elapsed="0.001182"/>
</kw>
<kw name="Validar se a Resposta Contem a Mensagem &quot;Rota exclusiva para administradores&quot;" owner="common" source_name="Validar se a Resposta Contem a Mensagem &quot;${mensagem}&quot;">
<kw name="Should Contain" owner="BuiltIn">
<arg>${response.json()["message"]}</arg>
<arg>${mensagem}</arg>
<doc>Fails if ``container`` does not contain ``item`` one or more times.</doc>
<status status="PASS" start="2025-09-11T12:17:31.293579" elapsed="0.000481"/>
</kw>
<status status="PASS" start="2025-09-11T12:17:31.293230" elapsed="0.000898"/>
</kw>
<status status="PASS" start="2025-09-11T12:17:30.834406" elapsed="0.460145"/>
</test>
<test id="s1-t4" name="CT038: Edição de produto com dados válidos" line="35">
<kw name="Pegar Dados Login Estatico Usuario Administrador Valido" owner="login_keywords">
<kw name="Importar JSON" owner="common">
<kw name="Load Json From File" owner="JSONLibrary">
<msg time="2025-09-11T12:17:31.297643" level="INFO">${data} = {'usuario_comum': {'email': 'usuarioteste@teste.com', 'password': 'teste'}, 'usuario_adm': {'email': 'usuarioadm@teste.com', 'password': 'teste'}}</msg>
<var>${data}</var>
<arg>${EXECDIR}/Documentos/Sprint 06/Semana 12/Challenge 03/Testes Automatizados/support/fixtures/static/${nome_arquivo}</arg>
<doc>Load JSON from file.</doc>
<status status="PASS" start="2025-09-11T12:17:31.297167" elapsed="0.000512"/>
</kw>
<return>
<value>${data}</value>
<status status="PASS" start="2025-09-11T12:17:31.297732" elapsed="0.000034"/>
</return>
<msg time="2025-09-11T12:17:31.297858" level="INFO">${json} = {'usuario_comum': {'email': 'usuarioteste@teste.com', 'password': 'teste'}, 'usuario_adm': {'email': 'usuarioadm@teste.com', 'password': 'teste'}}</msg>
<var>${json}</var>
<arg>usuarios_validos.json</arg>
<status status="PASS" start="2025-09-11T12:17:31.296948" elapsed="0.000927"/>
</kw>
<kw name="Set Global Variable" owner="BuiltIn">
<msg time="2025-09-11T12:17:31.298331" level="INFO">${payload} = {'email': 'usuarioadm@teste.com', 'password': 'teste'}</msg>
<arg>${payload}</arg>
<arg>${json["usuario_adm"]}</arg>
<doc>Makes a variable available globally in all tests and suites.</doc>
<status status="PASS" start="2025-09-11T12:17:31.297979" elapsed="0.000386"/>
</kw>
<status status="PASS" start="2025-09-11T12:17:31.296706" elapsed="0.001699"/>
</kw>
<kw name="POST Endpoint /login" owner="login_keywords">
<kw name="POST On Session" owner="RequestsLibrary">
<msg time="2025-09-11T12:17:31.517000" level="INFO">POST Request : url=https://compassuol.serverest.dev/login 
 path_url=/login 
 headers={'User-Agent': 'python-requests/2.32.5', 'Accept-Encoding': 'gzip, deflate', 'Accept': '*/*', 'Connection': 'keep-alive', 'Content-Length': '54', 'Content-Type': 'application/json'} 
 body=b'{"email": "usuarioadm@teste.com", "password": "teste"}' 
 </msg>
<msg time="2025-09-11T12:17:31.517173" level="INFO">POST Response : url=https://compassuol.serverest.dev/login 
 status=200, reason=OK 
 headers={'access-control-allow-origin': '*', 'x-dns-prefetch-control': 'off', 'x-frame-options': 'SAMEORIGIN', 'strict-transport-security': 'max-age=15552000; includeSubDomains', 'x-download-options': 'noopen', 'x-content-type-options': 'nosniff', 'x-xss-protection': '1; mode=block', 'content-type': 'application/json; charset=utf-8', 'x-cloud-trace-context': 'c0939e93f7fe099ada188b71909260ae', 'date': 'Thu, 11 Sep 2025 15:17:30 GMT', 'server': 'Google Frontend', 'Content-Length': '275'} 
 body={
    "message": "Login realizado com sucesso",
    "authorization": "Bearer eyJhbGciOiJIUzI1NiIsInR5cCI6IkpXVCJ9.eyJlbWFpbCI6InVzdWFyaW9hZG1AdGVzdGUuY29tIiwicGFzc3dvcmQiOiJ0ZXN0ZSIsImlhdCI6MTc1NzYwMzg1MCwiZXhwIjoxNzU3NjA0NDUwfQ.EERP4JvCV8heLCwDDsGe9F4ErGbCO1L5Gb8QEt0tBDg"
} 
 </msg>
<msg time="2025-09-11T12:17:31.517439" level="INFO">C:\Users\Lívia\AppData\Local\Programs\Python\Python313\Lib\site-packages\urllib3\connectionpool.py:1097: InsecureRequestWarning: Unverified HTTPS request is being made to host 'compassuol.serverest.dev'. Adding certificate verification is strongly advised. See: https://urllib3.readthedocs.io/en/latest/advanced-usage.html#tls-warnings
  warnings.warn(</msg>
<msg time="2025-09-11T12:17:31.518291" level="INFO">${response} = &lt;Response [200]&gt;</msg>
<var>${response}</var>
<arg>serverest</arg>
<arg>/login</arg>
<arg>json=${payload}</arg>
<arg>expected_status=any</arg>
<doc>Sends a POST request on a previously created HTTP Session.</doc>
<status status="PASS" start="2025-09-11T12:17:31.299610" elapsed="0.218907"/>
</kw>
<kw name="Evaluate" owner="BuiltIn">
<msg time="2025-09-11T12:17:31.519526" level="INFO">${authorization} = Bearer eyJhbGciOiJIUzI1NiIsInR5cCI6IkpXVCJ9.eyJlbWFpbCI6InVzdWFyaW9hZG1AdGVzdGUuY29tIiwicGFzc3dvcmQiOiJ0ZXN0ZSIsImlhdCI6MTc1NzYwMzg1MCwiZXhwIjoxNzU3NjA0NDUwfQ.EERP4JvCV8heLCwDDsGe9F4ErGbCO1L5Gb8QEt0tB...</msg>
<var>${authorization}</var>
<arg>$response.json().get("authorization")</arg>
<doc>Evaluates the given expression in Python and returns the result.</doc>
<status status="PASS" start="2025-09-11T12:17:31.518953" elapsed="0.000630"/>
</kw>
<if>
<branch type="IF" condition="&quot;${authorization}&quot; != &quot;None&quot;">
<kw name="Set Global Variable" owner="BuiltIn">
<msg time="2025-09-11T12:17:31.520501" level="INFO">${TOKEN} = Bearer eyJhbGciOiJIUzI1NiIsInR5cCI6IkpXVCJ9.eyJlbWFpbCI6InVzdWFyaW9hZG1AdGVzdGUuY29tIiwicGFzc3dvcmQiOiJ0ZXN0ZSIsImlhdCI6MTc1NzYwMzg1MCwiZXhwIjoxNzU3NjA0NDUwfQ.EERP4JvCV8heLCwDDsGe9F4ErGbCO1L5Gb8QEt0tB...</msg>
<arg>${TOKEN}</arg>
<arg>${authorization}</arg>
<doc>Makes a variable available globally in all tests and suites.</doc>
<status status="PASS" start="2025-09-11T12:17:31.520129" elapsed="0.000453"/>
</kw>
<status status="PASS" start="2025-09-11T12:17:31.519736" elapsed="0.000915"/>
</branch>
<status status="PASS" start="2025-09-11T12:17:31.519700" elapsed="0.000997"/>
</if>
<kw name="Set Global Variable" owner="BuiltIn">
<msg time="2025-09-11T12:17:31.521174" level="INFO">${response} = &lt;Response [200]&gt;</msg>
<arg>${response}</arg>
<doc>Makes a variable available globally in all tests and suites.</doc>
<status status="PASS" start="2025-09-11T12:17:31.520896" elapsed="0.000337"/>
</kw>
<status status="PASS" start="2025-09-11T12:17:31.299392" elapsed="0.221924"/>
</kw>
<kw name="Criar Dados Produto Valido" owner="dynamics">
<kw name="Word" owner="FakerLibrary">
<msg time="2025-09-11T12:17:31.522802" level="INFO">${nome} = few</msg>
<var>${nome}</var>
<doc>Generate a word.</doc>
<status status="PASS" start="2025-09-11T12:17:31.522459" elapsed="0.000398"/>
</kw>
<kw name="Random Int" owner="FakerLibrary">
<msg time="2025-09-11T12:17:31.523165" level="INFO">${preco} = 9074</msg>
<var>${preco}</var>
<doc>Generate a random integer between two integers ``min`` and ``max`` inclusive
while observing the provided ``step`` value.</doc>
<status status="PASS" start="2025-09-11T12:17:31.523013" elapsed="0.000183"/>
</kw>
<kw name="Text" owner="FakerLibrary">
<msg time="2025-09-11T12:17:31.523553" level="INFO">${descricao} = Hot avoid capital age occur. Mention professional yourself card push machine special.</msg>
<var>${descricao}</var>
<doc>Generate a text string.</doc>
<status status="PASS" start="2025-09-11T12:17:31.523300" elapsed="0.000281"/>
</kw>
<kw name="Random Int" owner="FakerLibrary">
<msg time="2025-09-11T12:17:31.523814" level="INFO">${quantidade} = 3716</msg>
<var>${quantidade}</var>
<doc>Generate a random integer between two integers ``min`` and ``max`` inclusive
while observing the provided ``step`` value.</doc>
<status status="PASS" start="2025-09-11T12:17:31.523685" elapsed="0.000154"/>
</kw>
<kw name="Create Dictionary" owner="BuiltIn">
<msg time="2025-09-11T12:17:31.524264" level="INFO">${payload} = {'nome': 'few', 'preco': 9074, 'descricao': 'Hot avoid capital age occur. Mention professional yourself card push machine special.', 'quantidade': 3716}</msg>
<var>${payload}</var>
<arg>nome=${nome}</arg>
<arg>preco=${preco}</arg>
<arg>descricao=${descricao}</arg>
<arg>quantidade=${quantidade}</arg>
<doc>Creates and returns a dictionary based on the given ``items``.</doc>
<status status="PASS" start="2025-09-11T12:17:31.523967" elapsed="0.000324"/>
</kw>
<kw name="Set Global Variable" owner="BuiltIn">
<msg time="2025-09-11T12:17:31.524557" level="INFO">${payload} = {'nome': 'few', 'preco': 9074, 'descricao': 'Hot avoid capital age occur. Mention professional yourself card push machine special.', 'quantidade': 3716}</msg>
<arg>${payload}</arg>
<doc>Makes a variable available globally in all tests and suites.</doc>
<status status="PASS" start="2025-09-11T12:17:31.524415" elapsed="0.000176"/>
</kw>
<status status="PASS" start="2025-09-11T12:17:31.522011" elapsed="0.002625"/>
</kw>
<kw name="PUT Endpoint /produtos/id" owner="produtos_keywords">
<kw name="Create Dictionary" owner="BuiltIn">
<msg time="2025-09-11T12:17:31.525538" level="INFO">&amp;{header} = { Content-Type=application/json | Accept=application/json | Authorization=Bearer eyJhbGciOiJIUzI1NiIsInR5cCI6IkpXVCJ9.eyJlbWFpbCI6InVzdWFyaW9hZG1AdGVzdGUuY29tIiwicGFzc3dvcmQiOiJ0ZXN0ZSIsImlhdCI6MTc1Nz...</msg>
<var>&amp;{header}</var>
<arg>Content-Type=application/json</arg>
<arg>Accept=application/json</arg>
<arg>Authorization=${token}</arg>
<doc>Creates and returns a dictionary based on the given ``items``.</doc>
<status status="PASS" start="2025-09-11T12:17:31.525362" elapsed="0.000198"/>
</kw>
<kw name="PUT On Session" owner="RequestsLibrary">
<msg time="2025-09-11T12:17:31.740699" level="INFO">PUT Request : url=https://compassuol.serverest.dev/produtos/KLmoCHkbuXsUH39r 
 path_url=/produtos/KLmoCHkbuXsUH39r 
 headers={'User-Agent': 'python-requests/2.32.5', 'Accept-Encoding': 'gzip, deflate', 'Accept': 'application/json', 'Connection': 'keep-alive', 'Content-Type': 'application/json', 'Authorization': 'Bearer eyJhbGciOiJIUzI1NiIsInR5cCI6IkpXVCJ9.eyJlbWFpbCI6InVzdWFyaW9hZG1AdGVzdGUuY29tIiwicGFzc3dvcmQiOiJ0ZXN0ZSIsImlhdCI6MTc1NzYwMzg1MCwiZXhwIjoxNzU3NjA0NDUwfQ.EERP4JvCV8heLCwDDsGe9F4ErGbCO1L5Gb8QEt0tBDg', 'Content-Length': '152'} 
 body=b'{"nome": "few", "preco": 9074, "descricao": "Hot avoid capital age occur. Mention professional yourself card push machine special.", "quantidade": 3716}' 
 </msg>
<msg time="2025-09-11T12:17:31.740811" level="INFO">PUT Response : url=https://compassuol.serverest.dev/produtos/KLmoCHkbuXsUH39r 
 status=200, reason=OK 
 headers={'access-control-allow-origin': '*', 'x-dns-prefetch-control': 'off', 'x-frame-options': 'SAMEORIGIN', 'strict-transport-security': 'max-age=15552000; includeSubDomains', 'x-download-options': 'noopen', 'x-content-type-options': 'nosniff', 'x-xss-protection': '1; mode=block', 'content-type': 'application/json; charset=utf-8', 'x-cloud-trace-context': 'ea6c53bdaca46c4fda188b719092691a', 'date': 'Thu, 11 Sep 2025 15:17:30 GMT', 'server': 'Google Frontend', 'Content-Length': '50'} 
 body={
    "message": "Registro alterado com sucesso"
} 
 </msg>
<msg time="2025-09-11T12:17:31.740887" level="INFO">C:\Users\Lívia\AppData\Local\Programs\Python\Python313\Lib\site-packages\urllib3\connectionpool.py:1097: InsecureRequestWarning: Unverified HTTPS request is being made to host 'compassuol.serverest.dev'. Adding certificate verification is strongly advised. See: https://urllib3.readthedocs.io/en/latest/advanced-usage.html#tls-warnings
  warnings.warn(</msg>
<msg time="2025-09-11T12:17:31.741652" level="INFO">${response} = &lt;Response [200]&gt;</msg>
<var>${response}</var>
<arg>serverest</arg>
<arg>/produtos/${id_produto}</arg>
<arg>json=${payload}</arg>
<arg>headers=${header}</arg>
<arg>expected_status=any</arg>
<doc>Sends a PUT request on a previously created HTTP Session.</doc>
<status status="PASS" start="2025-09-11T12:17:31.525652" elapsed="0.216094"/>
</kw>
<kw name="Set Global Variable" owner="BuiltIn">
<msg time="2025-09-11T12:17:31.742740" level="INFO">${response} = &lt;Response [200]&gt;</msg>
<arg>${response}</arg>
<doc>Makes a variable available globally in all tests and suites.</doc>
<status status="PASS" start="2025-09-11T12:17:31.742232" elapsed="0.000580"/>
</kw>
<arg>${TOKEN}</arg>
<arg>${ID_PRODUTO}</arg>
<status status="PASS" start="2025-09-11T12:17:31.525096" elapsed="0.217806"/>
</kw>
<kw name="Validar Status Code" owner="common">
<kw name="Should Be True" owner="BuiltIn">
<arg>${response.status_code}==${status_code}</arg>
<doc>Fails if the given condition is not true.</doc>
<status status="PASS" start="2025-09-11T12:17:31.743882" elapsed="0.000938"/>
</kw>
<arg>status_code=200</arg>
<status status="PASS" start="2025-09-11T12:17:31.743489" elapsed="0.001462"/>
</kw>
<kw name="Validar se a Resposta Contem a Mensagem &quot;Registro alterado com sucesso&quot;" owner="common" source_name="Validar se a Resposta Contem a Mensagem &quot;${mensagem}&quot;">
<kw name="Should Contain" owner="BuiltIn">
<arg>${response.json()["message"]}</arg>
<arg>${mensagem}</arg>
<doc>Fails if ``container`` does not contain ``item`` one or more times.</doc>
<status status="PASS" start="2025-09-11T12:17:31.745979" elapsed="0.000451"/>
</kw>
<status status="PASS" start="2025-09-11T12:17:31.745535" elapsed="0.000964"/>
</kw>
<status status="PASS" start="2025-09-11T12:17:31.296024" elapsed="0.450794"/>
</test>
<test id="s1-t5" name="CT040: Edição de produto como usuário não autenticado" line="43">
<kw name="Criar Dados Produto Valido" owner="dynamics">
<kw name="Word" owner="FakerLibrary">
<msg time="2025-09-11T12:17:31.749123" level="INFO">${nome} = yourself</msg>
<var>${nome}</var>
<doc>Generate a word.</doc>
<status status="PASS" start="2025-09-11T12:17:31.748951" elapsed="0.000205"/>
</kw>
<kw name="Random Int" owner="FakerLibrary">
<msg time="2025-09-11T12:17:31.749385" level="INFO">${preco} = 6824</msg>
<var>${preco}</var>
<doc>Generate a random integer between two integers ``min`` and ``max`` inclusive
while observing the provided ``step`` value.</doc>
<status status="PASS" start="2025-09-11T12:17:31.749275" elapsed="0.000127"/>
</kw>
<kw name="Text" owner="FakerLibrary">
<msg time="2025-09-11T12:17:31.749621" level="INFO">${descricao} = Rise down be establish oil security there. Never section full rise stop better. Fly station how leader.</msg>
<var>${descricao}</var>
<doc>Generate a text string.</doc>
<status status="PASS" start="2025-09-11T12:17:31.749468" elapsed="0.000170"/>
</kw>
<kw name="Random Int" owner="FakerLibrary">
<msg time="2025-09-11T12:17:31.749805" level="INFO">${quantidade} = 2152</msg>
<var>${quantidade}</var>
<doc>Generate a random integer between two integers ``min`` and ``max`` inclusive
while observing the provided ``step`` value.</doc>
<status status="PASS" start="2025-09-11T12:17:31.749717" elapsed="0.000103"/>
</kw>
<kw name="Create Dictionary" owner="BuiltIn">
<msg time="2025-09-11T12:17:31.750123" level="INFO">${payload} = {'nome': 'yourself', 'preco': 6824, 'descricao': 'Rise down be establish oil security there. Never section full rise stop better. Fly station how leader.', 'quantidade': 2152}</msg>
<var>${payload}</var>
<arg>nome=${nome}</arg>
<arg>preco=${preco}</arg>
<arg>descricao=${descricao}</arg>
<arg>quantidade=${quantidade}</arg>
<doc>Creates and returns a dictionary based on the given ``items``.</doc>
<status status="PASS" start="2025-09-11T12:17:31.749912" elapsed="0.000229"/>
</kw>
<kw name="Set Global Variable" owner="BuiltIn">
<msg time="2025-09-11T12:17:31.751423" level="INFO">${payload} = {'nome': 'yourself', 'preco': 6824, 'descricao': 'Rise down be establish oil security there. Never section full rise stop better. Fly station how leader.', 'quantidade': 2152}</msg>
<arg>${payload}</arg>
<doc>Makes a variable available globally in all tests and suites.</doc>
<status status="PASS" start="2025-09-11T12:17:31.750228" elapsed="0.001285"/>
</kw>
<status status="PASS" start="2025-09-11T12:17:31.748741" elapsed="0.002859"/>
</kw>
<kw name="PUT Endpoint /produtos/id" owner="produtos_keywords">
<kw name="Create Dictionary" owner="BuiltIn">
<msg time="2025-09-11T12:17:31.752830" level="INFO">&amp;{header} = { Content-Type=application/json | Accept=application/json | Authorization= }</msg>
<var>&amp;{header}</var>
<arg>Content-Type=application/json</arg>
<arg>Accept=application/json</arg>
<arg>Authorization=${token}</arg>
<doc>Creates and returns a dictionary based on the given ``items``.</doc>
<status status="PASS" start="2025-09-11T12:17:31.752650" elapsed="0.000206"/>
</kw>
<kw name="PUT On Session" owner="RequestsLibrary">
<msg time="2025-09-11T12:17:31.958142" level="INFO">PUT Request : url=https://compassuol.serverest.dev/produtos/KLmoCHkbuXsUH39r 
 path_url=/produtos/KLmoCHkbuXsUH39r 
 headers={'User-Agent': 'python-requests/2.32.5', 'Accept-Encoding': 'gzip, deflate', 'Accept': 'application/json', 'Connection': 'keep-alive', 'Content-Type': 'application/json', 'Authorization': '', 'Content-Length': '175'} 
 body=b'{"nome": "yourself", "preco": 6824, "descricao": "Rise down be establish oil security there. Never section full rise stop better. Fly station how leader.", "quantidade": 2152}' 
 </msg>
<msg time="2025-09-11T12:17:31.958248" level="INFO">PUT Response : url=https://compassuol.serverest.dev/produtos/KLmoCHkbuXsUH39r 
 status=401, reason=Unauthorized 
 headers={'access-control-allow-origin': '*', 'x-dns-prefetch-control': 'off', 'x-frame-options': 'SAMEORIGIN', 'strict-transport-security': 'max-age=15552000; includeSubDomains', 'x-download-options': 'noopen', 'x-content-type-options': 'nosniff', 'x-xss-protection': '1; mode=block', 'content-type': 'application/json; charset=utf-8', 'x-cloud-trace-context': 'a003f5bcfde67897da188b7190926248', 'date': 'Thu, 11 Sep 2025 15:17:31 GMT', 'server': 'Google Frontend', 'Content-Length': '103'} 
 body={
    "message": "Token de acesso ausente, inválido, expirado ou usuário do token não existe mais"
} 
 </msg>
<msg time="2025-09-11T12:17:31.958318" level="INFO">C:\Users\Lívia\AppData\Local\Programs\Python\Python313\Lib\site-packages\urllib3\connectionpool.py:1097: InsecureRequestWarning: Unverified HTTPS request is being made to host 'compassuol.serverest.dev'. Adding certificate verification is strongly advised. See: https://urllib3.readthedocs.io/en/latest/advanced-usage.html#tls-warnings
  warnings.warn(</msg>
<msg time="2025-09-11T12:17:31.958959" level="INFO">${response} = &lt;Response [401]&gt;</msg>
<var>${response}</var>
<arg>serverest</arg>
<arg>/produtos/${id_produto}</arg>
<arg>json=${payload}</arg>
<arg>headers=${header}</arg>
<arg>expected_status=any</arg>
<doc>Sends a PUT request on a previously created HTTP Session.</doc>
<status status="PASS" start="2025-09-11T12:17:31.752936" elapsed="0.206088"/>
</kw>
<kw name="Set Global Variable" owner="BuiltIn">
<msg time="2025-09-11T12:17:31.959402" level="INFO">${response} = &lt;Response [401]&gt;</msg>
<arg>${response}</arg>
<doc>Makes a variable available globally in all tests and suites.</doc>
<status status="PASS" start="2025-09-11T12:17:31.959227" elapsed="0.000213"/>
</kw>
<arg>${EMPTY}</arg>
<arg>${ID_PRODUTO}</arg>
<status status="PASS" start="2025-09-11T12:17:31.752063" elapsed="0.207427"/>
</kw>
<kw name="Validar Status Code" owner="common">
<kw name="Should Be True" owner="BuiltIn">
<arg>${response.status_code}==${status_code}</arg>
<doc>Fails if the given condition is not true.</doc>
<status status="PASS" start="2025-09-11T12:17:31.960122" elapsed="0.000649"/>
</kw>
<arg>status_code=401</arg>
<status status="PASS" start="2025-09-11T12:17:31.959853" elapsed="0.000975"/>
</kw>
<kw name="Validar se a Resposta Contem a Mensagem &quot;Token de acesso ausente, inválido, expirado ou usuário do token não existe mais&quot;" owner="common" source_name="Validar se a Resposta Contem a Mensagem &quot;${mensagem}&quot;">
<kw name="Should Contain" owner="BuiltIn">
<arg>${response.json()["message"]}</arg>
<arg>${mensagem}</arg>
<doc>Fails if ``container`` does not contain ``item`` one or more times.</doc>
<status status="PASS" start="2025-09-11T12:17:31.961581" elapsed="0.000420"/>
</kw>
<status status="PASS" start="2025-09-11T12:17:31.961308" elapsed="0.000827"/>
</kw>
<status status="PASS" start="2025-09-11T12:17:31.748027" elapsed="0.214526"/>
</test>
<test id="s1-t6" name="CT041: Edição de produto como usuário não administrador" line="49">
<kw name="Pegar Dados Login Estatico Usuario Comum Valido" owner="login_keywords">
<kw name="Importar JSON" owner="common">
<kw name="Load Json From File" owner="JSONLibrary">
<msg time="2025-09-11T12:17:31.967085" level="INFO">${data} = {'usuario_comum': {'email': 'usuarioteste@teste.com', 'password': 'teste'}, 'usuario_adm': {'email': 'usuarioadm@teste.com', 'password': 'teste'}}</msg>
<var>${data}</var>
<arg>${EXECDIR}/Documentos/Sprint 06/Semana 12/Challenge 03/Testes Automatizados/support/fixtures/static/${nome_arquivo}</arg>
<doc>Load JSON from file.</doc>
<status status="PASS" start="2025-09-11T12:17:31.966545" elapsed="0.000570"/>
</kw>
<return>
<value>${data}</value>
<status status="PASS" start="2025-09-11T12:17:31.967165" elapsed="0.000035"/>
</return>
<msg time="2025-09-11T12:17:31.967290" level="INFO">${json} = {'usuario_comum': {'email': 'usuarioteste@teste.com', 'password': 'teste'}, 'usuario_adm': {'email': 'usuarioadm@teste.com', 'password': 'teste'}}</msg>
<var>${json}</var>
<arg>usuarios_validos.json</arg>
<status status="PASS" start="2025-09-11T12:17:31.966337" elapsed="0.000970"/>
</kw>
<kw name="Set Global Variable" owner="BuiltIn">
<msg time="2025-09-11T12:17:31.968419" level="INFO">${payload} = {'email': 'usuarioteste@teste.com', 'password': 'teste'}</msg>
<arg>${payload}</arg>
<arg>${json["usuario_comum"]}</arg>
<doc>Makes a variable available globally in all tests and suites.</doc>
<status status="PASS" start="2025-09-11T12:17:31.967533" elapsed="0.001001"/>
</kw>
<status status="PASS" start="2025-09-11T12:17:31.966038" elapsed="0.002617"/>
</kw>
<kw name="POST Endpoint /login" owner="login_keywords">
<kw name="POST On Session" owner="RequestsLibrary">
<msg time="2025-09-11T12:17:32.182838" level="INFO">POST Request : url=https://compassuol.serverest.dev/login 
 path_url=/login 
 headers={'User-Agent': 'python-requests/2.32.5', 'Accept-Encoding': 'gzip, deflate', 'Accept': '*/*', 'Connection': 'keep-alive', 'Content-Length': '56', 'Content-Type': 'application/json'} 
 body=b'{"email": "usuarioteste@teste.com", "password": "teste"}' 
 </msg>
<msg time="2025-09-11T12:17:32.183012" level="INFO">POST Response : url=https://compassuol.serverest.dev/login 
 status=200, reason=OK 
 headers={'access-control-allow-origin': '*', 'x-dns-prefetch-control': 'off', 'x-frame-options': 'SAMEORIGIN', 'strict-transport-security': 'max-age=15552000; includeSubDomains', 'x-download-options': 'noopen', 'x-content-type-options': 'nosniff', 'x-xss-protection': '1; mode=block', 'content-type': 'application/json; charset=utf-8', 'x-cloud-trace-context': '311dc0b68bc95e8cda188b71909265e0', 'date': 'Thu, 11 Sep 2025 15:17:31 GMT', 'server': 'Google Frontend', 'Content-Length': '277'} 
 body={
    "message": "Login realizado com sucesso",
    "authorization": "Bearer eyJhbGciOiJIUzI1NiIsInR5cCI6IkpXVCJ9.eyJlbWFpbCI6InVzdWFyaW90ZXN0ZUB0ZXN0ZS5jb20iLCJwYXNzd29yZCI6InRlc3RlIiwiaWF0IjoxNzU3NjAzODUxLCJleHAiOjE3NTc2MDQ0NTF9.dFTUoxKiwLegXIWar6MkuIb01an_sAeKpS5UDqut4_g"
} 
 </msg>
<msg time="2025-09-11T12:17:32.183125" level="INFO">C:\Users\Lívia\AppData\Local\Programs\Python\Python313\Lib\site-packages\urllib3\connectionpool.py:1097: InsecureRequestWarning: Unverified HTTPS request is being made to host 'compassuol.serverest.dev'. Adding certificate verification is strongly advised. See: https://urllib3.readthedocs.io/en/latest/advanced-usage.html#tls-warnings
  warnings.warn(</msg>
<msg time="2025-09-11T12:17:32.184068" level="INFO">${response} = &lt;Response [200]&gt;</msg>
<var>${response}</var>
<arg>serverest</arg>
<arg>/login</arg>
<arg>json=${payload}</arg>
<arg>expected_status=any</arg>
<doc>Sends a POST request on a previously created HTTP Session.</doc>
<status status="PASS" start="2025-09-11T12:17:31.969541" elapsed="0.214677"/>
</kw>
<kw name="Evaluate" owner="BuiltIn">
<msg time="2025-09-11T12:17:32.185250" level="INFO">${authorization} = Bearer eyJhbGciOiJIUzI1NiIsInR5cCI6IkpXVCJ9.eyJlbWFpbCI6InVzdWFyaW90ZXN0ZUB0ZXN0ZS5jb20iLCJwYXNzd29yZCI6InRlc3RlIiwiaWF0IjoxNzU3NjAzODUxLCJleHAiOjE3NTc2MDQ0NTF9.dFTUoxKiwLegXIWar6MkuIb01an_sAeKpS5UDqu...</msg>
<var>${authorization}</var>
<arg>$response.json().get("authorization")</arg>
<doc>Evaluates the given expression in Python and returns the result.</doc>
<status status="PASS" start="2025-09-11T12:17:32.184648" elapsed="0.000657"/>
</kw>
<if>
<branch type="IF" condition="&quot;${authorization}&quot; != &quot;None&quot;">
<kw name="Set Global Variable" owner="BuiltIn">
<msg time="2025-09-11T12:17:32.186156" level="INFO">${TOKEN} = Bearer eyJhbGciOiJIUzI1NiIsInR5cCI6IkpXVCJ9.eyJlbWFpbCI6InVzdWFyaW90ZXN0ZUB0ZXN0ZS5jb20iLCJwYXNzd29yZCI6InRlc3RlIiwiaWF0IjoxNzU3NjAzODUxLCJleHAiOjE3NTc2MDQ0NTF9.dFTUoxKiwLegXIWar6MkuIb01an_sAeKpS5UDqu...</msg>
<arg>${TOKEN}</arg>
<arg>${authorization}</arg>
<doc>Makes a variable available globally in all tests and suites.</doc>
<status status="PASS" start="2025-09-11T12:17:32.185849" elapsed="0.000383"/>
</kw>
<status status="PASS" start="2025-09-11T12:17:32.185452" elapsed="0.000842"/>
</branch>
<status status="PASS" start="2025-09-11T12:17:32.185418" elapsed="0.000920"/>
</if>
<kw name="Set Global Variable" owner="BuiltIn">
<msg time="2025-09-11T12:17:32.186772" level="INFO">${response} = &lt;Response [200]&gt;</msg>
<arg>${response}</arg>
<doc>Makes a variable available globally in all tests and suites.</doc>
<status status="PASS" start="2025-09-11T12:17:32.186524" elapsed="0.000312"/>
</kw>
<status status="PASS" start="2025-09-11T12:17:31.969230" elapsed="0.217694"/>
</kw>
<kw name="Criar Dados Produto Valido" owner="dynamics">
<kw name="Word" owner="FakerLibrary">
<msg time="2025-09-11T12:17:32.188182" level="INFO">${nome} = front</msg>
<var>${nome}</var>
<doc>Generate a word.</doc>
<status status="PASS" start="2025-09-11T12:17:32.187947" elapsed="0.000271"/>
</kw>
<kw name="Random Int" owner="FakerLibrary">
<msg time="2025-09-11T12:17:32.188497" level="INFO">${preco} = 4413</msg>
<var>${preco}</var>
<doc>Generate a random integer between two integers ``min`` and ``max`` inclusive
while observing the provided ``step`` value.</doc>
<status status="PASS" start="2025-09-11T12:17:32.188347" elapsed="0.000177"/>
</kw>
<kw name="Text" owner="FakerLibrary">
<msg time="2025-09-11T12:17:32.188886" level="INFO">${descricao} = Some police city. Study always remember raise.
Important soldier change carry it bed. Air feeling light involve explain. Morning himself feeling hold decision.</msg>
<var>${descricao}</var>
<doc>Generate a text string.</doc>
<status status="PASS" start="2025-09-11T12:17:32.188631" elapsed="0.000285"/>
</kw>
<kw name="Random Int" owner="FakerLibrary">
<msg time="2025-09-11T12:17:32.189227" level="INFO">${quantidade} = 2150</msg>
<var>${quantidade}</var>
<doc>Generate a random integer between two integers ``min`` and ``max`` inclusive
while observing the provided ``step`` value.</doc>
<status status="PASS" start="2025-09-11T12:17:32.189039" elapsed="0.000212"/>
</kw>
<kw name="Create Dictionary" owner="BuiltIn">
<msg time="2025-09-11T12:17:32.189639" level="INFO">${payload} = {'nome': 'front', 'preco': 4413, 'descricao': 'Some police city. Study always remember raise.\nImportant soldier change carry it bed. Air feeling light involve explain. Morning himself feeling hold de...</msg>
<var>${payload}</var>
<arg>nome=${nome}</arg>
<arg>preco=${preco}</arg>
<arg>descricao=${descricao}</arg>
<arg>quantidade=${quantidade}</arg>
<doc>Creates and returns a dictionary based on the given ``items``.</doc>
<status status="PASS" start="2025-09-11T12:17:32.189371" elapsed="0.000291"/>
</kw>
<kw name="Set Global Variable" owner="BuiltIn">
<msg time="2025-09-11T12:17:32.189921" level="INFO">${payload} = {'nome': 'front', 'preco': 4413, 'descricao': 'Some police city. Study always remember raise.\nImportant soldier change carry it bed. Air feeling light involve explain. Morning himself feeling hold de...</msg>
<arg>${payload}</arg>
<doc>Makes a variable available globally in all tests and suites.</doc>
<status status="PASS" start="2025-09-11T12:17:32.189779" elapsed="0.000257"/>
</kw>
<status status="PASS" start="2025-09-11T12:17:32.187592" elapsed="0.002492"/>
</kw>
<kw name="PUT Endpoint /produtos/id" owner="produtos_keywords">
<kw name="Create Dictionary" owner="BuiltIn">
<msg time="2025-09-11T12:17:32.190941" level="INFO">&amp;{header} = { Content-Type=application/json | Accept=application/json | Authorization=Bearer eyJhbGciOiJIUzI1NiIsInR5cCI6IkpXVCJ9.eyJlbWFpbCI6InVzdWFyaW90ZXN0ZUB0ZXN0ZS5jb20iLCJwYXNzd29yZCI6InRlc3RlIiwiaWF0IjoxNz...</msg>
<var>&amp;{header}</var>
<arg>Content-Type=application/json</arg>
<arg>Accept=application/json</arg>
<arg>Authorization=${token}</arg>
<doc>Creates and returns a dictionary based on the given ``items``.</doc>
<status status="PASS" start="2025-09-11T12:17:32.190764" elapsed="0.000197"/>
</kw>
<kw name="PUT On Session" owner="RequestsLibrary">
<msg time="2025-09-11T12:17:32.402862" level="INFO">PUT Request : url=https://compassuol.serverest.dev/produtos/KLmoCHkbuXsUH39r 
 path_url=/produtos/KLmoCHkbuXsUH39r 
 headers={'User-Agent': 'python-requests/2.32.5', 'Accept-Encoding': 'gzip, deflate', 'Accept': 'application/json', 'Connection': 'keep-alive', 'Content-Type': 'application/json', 'Authorization': 'Bearer eyJhbGciOiJIUzI1NiIsInR5cCI6IkpXVCJ9.eyJlbWFpbCI6InVzdWFyaW90ZXN0ZUB0ZXN0ZS5jb20iLCJwYXNzd29yZCI6InRlc3RlIiwiaWF0IjoxNzU3NjAzODUxLCJleHAiOjE3NTc2MDQ0NTF9.dFTUoxKiwLegXIWar6MkuIb01an_sAeKpS5UDqut4_g', 'Content-Length': '229'} 
 body=b'{"nome": "front", "preco": 4413, "descricao": "Some police city. Study always remember raise.\\nImportant soldier change carry it bed. Air feeling light involve explain. Morning himself feeling hold decision.", "quantidade": 2150}' 
 </msg>
<msg time="2025-09-11T12:17:32.403039" level="INFO">PUT Response : url=https://compassuol.serverest.dev/produtos/KLmoCHkbuXsUH39r 
 status=403, reason=Forbidden 
 headers={'access-control-allow-origin': '*', 'x-dns-prefetch-control': 'off', 'x-frame-options': 'SAMEORIGIN', 'strict-transport-security': 'max-age=15552000; includeSubDomains', 'x-download-options': 'noopen', 'x-content-type-options': 'nosniff', 'x-xss-protection': '1; mode=block', 'content-type': 'application/json; charset=utf-8', 'x-cloud-trace-context': 'b7e2987ec88b2ae0da188b7190926732', 'date': 'Thu, 11 Sep 2025 15:17:31 GMT', 'server': 'Google Frontend', 'Content-Length': '56'} 
 body={
    "message": "Rota exclusiva para administradores"
} 
 </msg>
<msg time="2025-09-11T12:17:32.403159" level="INFO">C:\Users\Lívia\AppData\Local\Programs\Python\Python313\Lib\site-packages\urllib3\connectionpool.py:1097: InsecureRequestWarning: Unverified HTTPS request is being made to host 'compassuol.serverest.dev'. Adding certificate verification is strongly advised. See: https://urllib3.readthedocs.io/en/latest/advanced-usage.html#tls-warnings
  warnings.warn(</msg>
<msg time="2025-09-11T12:17:32.404060" level="INFO">${response} = &lt;Response [403]&gt;</msg>
<var>${response}</var>
<arg>serverest</arg>
<arg>/produtos/${id_produto}</arg>
<arg>json=${payload}</arg>
<arg>headers=${header}</arg>
<arg>expected_status=any</arg>
<doc>Sends a PUT request on a previously created HTTP Session.</doc>
<status status="PASS" start="2025-09-11T12:17:32.191045" elapsed="0.213105"/>
</kw>
<kw name="Set Global Variable" owner="BuiltIn">
<msg time="2025-09-11T12:17:32.405114" level="INFO">${response} = &lt;Response [403]&gt;</msg>
<arg>${response}</arg>
<doc>Makes a variable available globally in all tests and suites.</doc>
<status status="PASS" start="2025-09-11T12:17:32.404697" elapsed="0.000517"/>
</kw>
<arg>${TOKEN}</arg>
<arg>${ID_PRODUTO}</arg>
<status status="PASS" start="2025-09-11T12:17:32.190509" elapsed="0.214820"/>
</kw>
<kw name="Validar Status Code" owner="common">
<kw name="Should Be True" owner="BuiltIn">
<arg>${response.status_code}==${status_code}</arg>
<doc>Fails if the given condition is not true.</doc>
<status status="PASS" start="2025-09-11T12:17:32.406668" elapsed="0.000991"/>
</kw>
<arg>status_code=403</arg>
<status status="PASS" start="2025-09-11T12:17:32.406191" elapsed="0.001545"/>
</kw>
<kw name="Validar se a Resposta Contem a Mensagem &quot;Rota exclusiva para administradores&quot;" owner="common" source_name="Validar se a Resposta Contem a Mensagem &quot;${mensagem}&quot;">
<kw name="Should Contain" owner="BuiltIn">
<arg>${response.json()["message"]}</arg>
<arg>${mensagem}</arg>
<doc>Fails if ``container`` does not contain ``item`` one or more times.</doc>
<status status="PASS" start="2025-09-11T12:17:32.408523" elapsed="0.000420"/>
</kw>
<status status="PASS" start="2025-09-11T12:17:32.408231" elapsed="0.000770"/>
</kw>
<status status="PASS" start="2025-09-11T12:17:31.964670" elapsed="0.444729"/>
</test>
<test id="s1-t7" name="CT052: Exclusão de produto com parâmetro de _id válido" line="57">
<kw name="Pegar Dados Login Estatico Usuario Administrador Valido" owner="login_keywords">
<kw name="Importar JSON" owner="common">
<kw name="Load Json From File" owner="JSONLibrary">
<msg time="2025-09-11T12:17:32.411718" level="INFO">${data} = {'usuario_comum': {'email': 'usuarioteste@teste.com', 'password': 'teste'}, 'usuario_adm': {'email': 'usuarioadm@teste.com', 'password': 'teste'}}</msg>
<var>${data}</var>
<arg>${EXECDIR}/Documentos/Sprint 06/Semana 12/Challenge 03/Testes Automatizados/support/fixtures/static/${nome_arquivo}</arg>
<doc>Load JSON from file.</doc>
<status status="PASS" start="2025-09-11T12:17:32.411256" elapsed="0.000486"/>
</kw>
<return>
<value>${data}</value>
<status status="PASS" start="2025-09-11T12:17:32.411786" elapsed="0.000044"/>
</return>
<msg time="2025-09-11T12:17:32.411908" level="INFO">${json} = {'usuario_comum': {'email': 'usuarioteste@teste.com', 'password': 'teste'}, 'usuario_adm': {'email': 'usuarioadm@teste.com', 'password': 'teste'}}</msg>
<var>${json}</var>
<arg>usuarios_validos.json</arg>
<status status="PASS" start="2025-09-11T12:17:32.411102" elapsed="0.000820"/>
</kw>
<kw name="Set Global Variable" owner="BuiltIn">
<msg time="2025-09-11T12:17:32.412277" level="INFO">${payload} = {'email': 'usuarioadm@teste.com', 'password': 'teste'}</msg>
<arg>${payload}</arg>
<arg>${json["usuario_adm"]}</arg>
<doc>Makes a variable available globally in all tests and suites.</doc>
<status status="PASS" start="2025-09-11T12:17:32.412002" elapsed="0.000299"/>
</kw>
<status status="PASS" start="2025-09-11T12:17:32.410913" elapsed="0.001418"/>
</kw>
<kw name="POST Endpoint /login" owner="login_keywords">
<kw name="POST On Session" owner="RequestsLibrary">
<msg time="2025-09-11T12:17:32.616079" level="INFO">POST Request : url=https://compassuol.serverest.dev/login 
 path_url=/login 
 headers={'User-Agent': 'python-requests/2.32.5', 'Accept-Encoding': 'gzip, deflate', 'Accept': '*/*', 'Connection': 'keep-alive', 'Content-Length': '54', 'Content-Type': 'application/json'} 
 body=b'{"email": "usuarioadm@teste.com", "password": "teste"}' 
 </msg>
<msg time="2025-09-11T12:17:32.616241" level="INFO">POST Response : url=https://compassuol.serverest.dev/login 
 status=200, reason=OK 
 headers={'access-control-allow-origin': '*', 'x-dns-prefetch-control': 'off', 'x-frame-options': 'SAMEORIGIN', 'strict-transport-security': 'max-age=15552000; includeSubDomains', 'x-download-options': 'noopen', 'x-content-type-options': 'nosniff', 'x-xss-protection': '1; mode=block', 'content-type': 'application/json; charset=utf-8', 'x-cloud-trace-context': 'ea3b6e52b73d41d4da188b7190926cd3', 'date': 'Thu, 11 Sep 2025 15:17:31 GMT', 'server': 'Google Frontend', 'Content-Length': '275'} 
 body={
    "message": "Login realizado com sucesso",
    "authorization": "Bearer eyJhbGciOiJIUzI1NiIsInR5cCI6IkpXVCJ9.eyJlbWFpbCI6InVzdWFyaW9hZG1AdGVzdGUuY29tIiwicGFzc3dvcmQiOiJ0ZXN0ZSIsImlhdCI6MTc1NzYwMzg1MSwiZXhwIjoxNzU3NjA0NDUxfQ.ZI5SMHWqWpI5WY3xeOjKqJh_AcC6KtKtfVbmOu4j-xg"
} 
 </msg>
<msg time="2025-09-11T12:17:32.616354" level="INFO">C:\Users\Lívia\AppData\Local\Programs\Python\Python313\Lib\site-packages\urllib3\connectionpool.py:1097: InsecureRequestWarning: Unverified HTTPS request is being made to host 'compassuol.serverest.dev'. Adding certificate verification is strongly advised. See: https://urllib3.readthedocs.io/en/latest/advanced-usage.html#tls-warnings
  warnings.warn(</msg>
<msg time="2025-09-11T12:17:32.617440" level="INFO">${response} = &lt;Response [200]&gt;</msg>
<var>${response}</var>
<arg>serverest</arg>
<arg>/login</arg>
<arg>json=${payload}</arg>
<arg>expected_status=any</arg>
<doc>Sends a POST request on a previously created HTTP Session.</doc>
<status status="PASS" start="2025-09-11T12:17:32.413021" elapsed="0.204533"/>
</kw>
<kw name="Evaluate" owner="BuiltIn">
<msg time="2025-09-11T12:17:32.618426" level="INFO">${authorization} = Bearer eyJhbGciOiJIUzI1NiIsInR5cCI6IkpXVCJ9.eyJlbWFpbCI6InVzdWFyaW9hZG1AdGVzdGUuY29tIiwicGFzc3dvcmQiOiJ0ZXN0ZSIsImlhdCI6MTc1NzYwMzg1MSwiZXhwIjoxNzU3NjA0NDUxfQ.ZI5SMHWqWpI5WY3xeOjKqJh_AcC6KtKtfVbmOu4j-...</msg>
<var>${authorization}</var>
<arg>$response.json().get("authorization")</arg>
<doc>Evaluates the given expression in Python and returns the result.</doc>
<status status="PASS" start="2025-09-11T12:17:32.617888" elapsed="0.000590"/>
</kw>
<if>
<branch type="IF" condition="&quot;${authorization}&quot; != &quot;None&quot;">
<kw name="Set Global Variable" owner="BuiltIn">
<msg time="2025-09-11T12:17:32.619348" level="INFO">${TOKEN} = Bearer eyJhbGciOiJIUzI1NiIsInR5cCI6IkpXVCJ9.eyJlbWFpbCI6InVzdWFyaW9hZG1AdGVzdGUuY29tIiwicGFzc3dvcmQiOiJ0ZXN0ZSIsImlhdCI6MTc1NzYwMzg1MSwiZXhwIjoxNzU3NjA0NDUxfQ.ZI5SMHWqWpI5WY3xeOjKqJh_AcC6KtKtfVbmOu4j-...</msg>
<arg>${TOKEN}</arg>
<arg>${authorization}</arg>
<doc>Makes a variable available globally in all tests and suites.</doc>
<status status="PASS" start="2025-09-11T12:17:32.618967" elapsed="0.000457"/>
</kw>
<status status="PASS" start="2025-09-11T12:17:32.618621" elapsed="0.000865"/>
</branch>
<status status="PASS" start="2025-09-11T12:17:32.618589" elapsed="0.000936"/>
</if>
<kw name="Set Global Variable" owner="BuiltIn">
<msg time="2025-09-11T12:17:32.619946" level="INFO">${response} = &lt;Response [200]&gt;</msg>
<arg>${response}</arg>
<doc>Makes a variable available globally in all tests and suites.</doc>
<status status="PASS" start="2025-09-11T12:17:32.619707" elapsed="0.000296"/>
</kw>
<status status="PASS" start="2025-09-11T12:17:32.412847" elapsed="0.207235"/>
</kw>
<kw name="DELETE Endpoint /produtos/id" owner="produtos_keywords">
<kw name="Create Dictionary" owner="BuiltIn">
<msg time="2025-09-11T12:17:32.621567" level="INFO">&amp;{header} = { Content-Type=application/json | Accept=application/json | Authorization=Bearer eyJhbGciOiJIUzI1NiIsInR5cCI6IkpXVCJ9.eyJlbWFpbCI6InVzdWFyaW9hZG1AdGVzdGUuY29tIiwicGFzc3dvcmQiOiJ0ZXN0ZSIsImlhdCI6MTc1Nz...</msg>
<var>&amp;{header}</var>
<arg>Content-Type=application/json</arg>
<arg>Accept=application/json</arg>
<arg>Authorization=${token}</arg>
<doc>Creates and returns a dictionary based on the given ``items``.</doc>
<status status="PASS" start="2025-09-11T12:17:32.621230" elapsed="0.000382"/>
</kw>
<kw name="DELETE On Session" owner="RequestsLibrary">
<msg time="2025-09-11T12:17:32.835433" level="INFO">DELETE Request : url=https://compassuol.serverest.dev/produtos/KLmoCHkbuXsUH39r 
 path_url=/produtos/KLmoCHkbuXsUH39r 
 headers={'User-Agent': 'python-requests/2.32.5', 'Accept-Encoding': 'gzip, deflate', 'Accept': 'application/json', 'Connection': 'keep-alive', 'Content-Type': 'application/json', 'Authorization': 'Bearer eyJhbGciOiJIUzI1NiIsInR5cCI6IkpXVCJ9.eyJlbWFpbCI6InVzdWFyaW9hZG1AdGVzdGUuY29tIiwicGFzc3dvcmQiOiJ0ZXN0ZSIsImlhdCI6MTc1NzYwMzg1MSwiZXhwIjoxNzU3NjA0NDUxfQ.ZI5SMHWqWpI5WY3xeOjKqJh_AcC6KtKtfVbmOu4j-xg', 'Content-Length': '0'} 
 body=None 
 </msg>
<msg time="2025-09-11T12:17:32.835652" level="INFO">DELETE Response : url=https://compassuol.serverest.dev/produtos/KLmoCHkbuXsUH39r 
 status=200, reason=OK 
 headers={'access-control-allow-origin': '*', 'x-dns-prefetch-control': 'off', 'x-frame-options': 'SAMEORIGIN', 'strict-transport-security': 'max-age=15552000; includeSubDomains', 'x-download-options': 'noopen', 'x-content-type-options': 'nosniff', 'x-xss-protection': '1; mode=block', 'content-type': 'application/json; charset=utf-8', 'x-cloud-trace-context': '816d7b796ec6eebbda188b7190926601', 'date': 'Thu, 11 Sep 2025 15:17:31 GMT', 'server': 'Google Frontend', 'Content-Length': '51'} 
 body={
    "message": "Registro excluído com sucesso"
} 
 </msg>
<msg time="2025-09-11T12:17:32.835846" level="INFO">C:\Users\Lívia\AppData\Local\Programs\Python\Python313\Lib\site-packages\urllib3\connectionpool.py:1097: InsecureRequestWarning: Unverified HTTPS request is being made to host 'compassuol.serverest.dev'. Adding certificate verification is strongly advised. See: https://urllib3.readthedocs.io/en/latest/advanced-usage.html#tls-warnings
  warnings.warn(</msg>
<msg time="2025-09-11T12:17:32.836815" level="INFO">${response} = &lt;Response [200]&gt;</msg>
<var>${response}</var>
<arg>serverest</arg>
<arg>/produtos/${id_produto}</arg>
<arg>headers=${header}</arg>
<arg>expected_status=any</arg>
<doc>Sends a DELETE request on a previously created HTTP Session.</doc>
<status status="PASS" start="2025-09-11T12:17:32.621790" elapsed="0.215119"/>
</kw>
<kw name="Set Global Variable" owner="BuiltIn">
<msg time="2025-09-11T12:17:32.837714" level="INFO">${response} = &lt;Response [200]&gt;</msg>
<arg>${response}</arg>
<doc>Makes a variable available globally in all tests and suites.</doc>
<status status="PASS" start="2025-09-11T12:17:32.837324" elapsed="0.000475"/>
</kw>
<arg>${TOKEN}</arg>
<arg>${ID_PRODUTO}</arg>
<status status="PASS" start="2025-09-11T12:17:32.620677" elapsed="0.217234"/>
</kw>
<kw name="Validar Status Code" owner="common">
<kw name="Should Be True" owner="BuiltIn">
<arg>${response.status_code}==${status_code}</arg>
<doc>Fails if the given condition is not true.</doc>
<status status="PASS" start="2025-09-11T12:17:32.839442" elapsed="0.000487"/>
</kw>
<arg>status_code=200</arg>
<status status="PASS" start="2025-09-11T12:17:32.838824" elapsed="0.001151"/>
</kw>
<kw name="Validar se a Resposta Contem a Mensagem &quot;Registro excluído com sucesso&quot;" owner="common" source_name="Validar se a Resposta Contem a Mensagem &quot;${mensagem}&quot;">
<kw name="Should Contain" owner="BuiltIn">
<arg>${response.json()["message"]}</arg>
<arg>${mensagem}</arg>
<doc>Fails if ``container`` does not contain ``item`` one or more times.</doc>
<status status="PASS" start="2025-09-11T12:17:32.840496" elapsed="0.000622"/>
</kw>
<status status="PASS" start="2025-09-11T12:17:32.840268" elapsed="0.000933"/>
</kw>
<status status="PASS" start="2025-09-11T12:17:32.410499" elapsed="0.431130"/>
</test>
<test id="s1-t8" name="CT056: Exclusão de produto como usuário não autenticado" line="64">
<kw name="DELETE Endpoint /produtos/id" owner="produtos_keywords">
<kw name="Create Dictionary" owner="BuiltIn">
<msg time="2025-09-11T12:17:32.844280" level="INFO">&amp;{header} = { Content-Type=application/json | Accept=application/json | Authorization= }</msg>
<var>&amp;{header}</var>
<arg>Content-Type=application/json</arg>
<arg>Accept=application/json</arg>
<arg>Authorization=${token}</arg>
<doc>Creates and returns a dictionary based on the given ``items``.</doc>
<status status="PASS" start="2025-09-11T12:17:32.844070" elapsed="0.000240"/>
</kw>
<kw name="DELETE On Session" owner="RequestsLibrary">
<msg time="2025-09-11T12:17:33.045133" level="INFO">DELETE Request : url=https://compassuol.serverest.dev/produtos/KLmoCHkbuXsUH39r 
 path_url=/produtos/KLmoCHkbuXsUH39r 
 headers={'User-Agent': 'python-requests/2.32.5', 'Accept-Encoding': 'gzip, deflate', 'Accept': 'application/json', 'Connection': 'keep-alive', 'Content-Type': 'application/json', 'Authorization': '', 'Content-Length': '0'} 
 body=None 
 </msg>
<msg time="2025-09-11T12:17:33.045277" level="INFO">DELETE Response : url=https://compassuol.serverest.dev/produtos/KLmoCHkbuXsUH39r 
 status=401, reason=Unauthorized 
 headers={'access-control-allow-origin': '*', 'x-dns-prefetch-control': 'off', 'x-frame-options': 'SAMEORIGIN', 'strict-transport-security': 'max-age=15552000; includeSubDomains', 'x-download-options': 'noopen', 'x-content-type-options': 'nosniff', 'x-xss-protection': '1; mode=block', 'content-type': 'application/json; charset=utf-8', 'x-cloud-trace-context': '47cab1f47c4afa4ada188b7190926440', 'date': 'Thu, 11 Sep 2025 15:17:32 GMT', 'server': 'Google Frontend', 'Content-Length': '103'} 
 body={
    "message": "Token de acesso ausente, inválido, expirado ou usuário do token não existe mais"
} 
 </msg>
<msg time="2025-09-11T12:17:33.045488" level="INFO">C:\Users\Lívia\AppData\Local\Programs\Python\Python313\Lib\site-packages\urllib3\connectionpool.py:1097: InsecureRequestWarning: Unverified HTTPS request is being made to host 'compassuol.serverest.dev'. Adding certificate verification is strongly advised. See: https://urllib3.readthedocs.io/en/latest/advanced-usage.html#tls-warnings
  warnings.warn(</msg>
<msg time="2025-09-11T12:17:33.046211" level="INFO">${response} = &lt;Response [401]&gt;</msg>
<var>${response}</var>
<arg>serverest</arg>
<arg>/produtos/${id_produto}</arg>
<arg>headers=${header}</arg>
<arg>expected_status=any</arg>
<doc>Sends a DELETE request on a previously created HTTP Session.</doc>
<status status="PASS" start="2025-09-11T12:17:32.844414" elapsed="0.201883"/>
</kw>
<kw name="Set Global Variable" owner="BuiltIn">
<msg time="2025-09-11T12:17:33.047117" level="INFO">${response} = &lt;Response [401]&gt;</msg>
<arg>${response}</arg>
<doc>Makes a variable available globally in all tests and suites.</doc>
<status status="PASS" start="2025-09-11T12:17:33.046765" elapsed="0.000427"/>
</kw>
<arg>${EMPTY}</arg>
<arg>${ID_PRODUTO}</arg>
<status status="PASS" start="2025-09-11T12:17:32.843516" elapsed="0.203771"/>
</kw>
<kw name="Validar Status Code" owner="common">
<kw name="Should Be True" owner="BuiltIn">
<arg>${response.status_code}==${status_code}</arg>
<doc>Fails if the given condition is not true.</doc>
<status status="PASS" start="2025-09-11T12:17:33.048519" elapsed="0.001161"/>
</kw>
<arg>status_code=401</arg>
<status status="PASS" start="2025-09-11T12:17:33.047956" elapsed="0.001840"/>
</kw>
<kw name="Validar se a Resposta Contem a Mensagem &quot;Token de acesso ausente, inválido, expirado ou usuário do token não existe mais&quot;" owner="common" source_name="Validar se a Resposta Contem a Mensagem &quot;${mensagem}&quot;">
<kw name="Should Contain" owner="BuiltIn">
<arg>${response.json()["message"]}</arg>
<arg>${mensagem}</arg>
<doc>Fails if ``container`` does not contain ``item`` one or more times.</doc>
<status status="PASS" start="2025-09-11T12:17:33.050861" elapsed="0.000447"/>
</kw>
<status status="PASS" start="2025-09-11T12:17:33.050542" elapsed="0.000834"/>
</kw>
<status status="PASS" start="2025-09-11T12:17:32.842963" elapsed="0.208800"/>
</test>
<test id="s1-t9" name="CT057: Exclusão de produto como usuário não autenticado" line="69">
<kw name="Pegar Dados Login Estatico Usuario Comum Valido" owner="login_keywords">
<kw name="Importar JSON" owner="common">
<kw name="Load Json From File" owner="JSONLibrary">
<msg time="2025-09-11T12:17:33.054361" level="INFO">${data} = {'usuario_comum': {'email': 'usuarioteste@teste.com', 'password': 'teste'}, 'usuario_adm': {'email': 'usuarioadm@teste.com', 'password': 'teste'}}</msg>
<var>${data}</var>
<arg>${EXECDIR}/Documentos/Sprint 06/Semana 12/Challenge 03/Testes Automatizados/support/fixtures/static/${nome_arquivo}</arg>
<doc>Load JSON from file.</doc>
<status status="PASS" start="2025-09-11T12:17:33.053759" elapsed="0.000639"/>
</kw>
<return>
<value>${data}</value>
<status status="PASS" start="2025-09-11T12:17:33.054453" elapsed="0.000045"/>
</return>
<msg time="2025-09-11T12:17:33.054602" level="INFO">${json} = {'usuario_comum': {'email': 'usuarioteste@teste.com', 'password': 'teste'}, 'usuario_adm': {'email': 'usuarioadm@teste.com', 'password': 'teste'}}</msg>
<var>${json}</var>
<arg>usuarios_validos.json</arg>
<status status="PASS" start="2025-09-11T12:17:33.053575" elapsed="0.001041"/>
</kw>
<kw name="Set Global Variable" owner="BuiltIn">
<msg time="2025-09-11T12:17:33.055079" level="INFO">${payload} = {'email': 'usuarioteste@teste.com', 'password': 'teste'}</msg>
<arg>${payload}</arg>
<arg>${json["usuario_comum"]}</arg>
<doc>Makes a variable available globally in all tests and suites.</doc>
<status status="PASS" start="2025-09-11T12:17:33.054719" elapsed="0.000447"/>
</kw>
<status status="PASS" start="2025-09-11T12:17:33.053361" elapsed="0.001903"/>
</kw>
<kw name="POST Endpoint /login" owner="login_keywords">
<kw name="POST On Session" owner="RequestsLibrary">
<msg time="2025-09-11T12:17:33.271031" level="INFO">POST Request : url=https://compassuol.serverest.dev/login 
 path_url=/login 
 headers={'User-Agent': 'python-requests/2.32.5', 'Accept-Encoding': 'gzip, deflate', 'Accept': '*/*', 'Connection': 'keep-alive', 'Content-Length': '56', 'Content-Type': 'application/json'} 
 body=b'{"email": "usuarioteste@teste.com", "password": "teste"}' 
 </msg>
<msg time="2025-09-11T12:17:33.271208" level="INFO">POST Response : url=https://compassuol.serverest.dev/login 
 status=200, reason=OK 
 headers={'access-control-allow-origin': '*', 'x-dns-prefetch-control': 'off', 'x-frame-options': 'SAMEORIGIN', 'strict-transport-security': 'max-age=15552000; includeSubDomains', 'x-download-options': 'noopen', 'x-content-type-options': 'nosniff', 'x-xss-protection': '1; mode=block', 'content-type': 'application/json; charset=utf-8', 'x-cloud-trace-context': '798147c23e2c46b1da188b7190926aa3', 'date': 'Thu, 11 Sep 2025 15:17:32 GMT', 'server': 'Google Frontend', 'Content-Length': '277'} 
 body={
    "message": "Login realizado com sucesso",
    "authorization": "Bearer eyJhbGciOiJIUzI1NiIsInR5cCI6IkpXVCJ9.eyJlbWFpbCI6InVzdWFyaW90ZXN0ZUB0ZXN0ZS5jb20iLCJwYXNzd29yZCI6InRlc3RlIiwiaWF0IjoxNzU3NjAzODUyLCJleHAiOjE3NTc2MDQ0NTJ9.4lZGKXQmSw5WT1EUSTSwolRGNS1ojV1AEulA-AH1gcs"
} 
 </msg>
<msg time="2025-09-11T12:17:33.271333" level="INFO">C:\Users\Lívia\AppData\Local\Programs\Python\Python313\Lib\site-packages\urllib3\connectionpool.py:1097: InsecureRequestWarning: Unverified HTTPS request is being made to host 'compassuol.serverest.dev'. Adding certificate verification is strongly advised. See: https://urllib3.readthedocs.io/en/latest/advanced-usage.html#tls-warnings
  warnings.warn(</msg>
<msg time="2025-09-11T12:17:33.272363" level="INFO">${response} = &lt;Response [200]&gt;</msg>
<var>${response}</var>
<arg>serverest</arg>
<arg>/login</arg>
<arg>json=${payload}</arg>
<arg>expected_status=any</arg>
<doc>Sends a POST request on a previously created HTTP Session.</doc>
<status status="PASS" start="2025-09-11T12:17:33.055915" elapsed="0.216527"/>
</kw>
<kw name="Evaluate" owner="BuiltIn">
<msg time="2025-09-11T12:17:33.273321" level="INFO">${authorization} = Bearer eyJhbGciOiJIUzI1NiIsInR5cCI6IkpXVCJ9.eyJlbWFpbCI6InVzdWFyaW90ZXN0ZUB0ZXN0ZS5jb20iLCJwYXNzd29yZCI6InRlc3RlIiwiaWF0IjoxNzU3NjAzODUyLCJleHAiOjE3NTc2MDQ0NTJ9.4lZGKXQmSw5WT1EUSTSwolRGNS1ojV1AEulA-AH...</msg>
<var>${authorization}</var>
<arg>$response.json().get("authorization")</arg>
<doc>Evaluates the given expression in Python and returns the result.</doc>
<status status="PASS" start="2025-09-11T12:17:33.272798" elapsed="0.000574"/>
</kw>
<if>
<branch type="IF" condition="&quot;${authorization}&quot; != &quot;None&quot;">
<kw name="Set Global Variable" owner="BuiltIn">
<msg time="2025-09-11T12:17:33.274130" level="INFO">${TOKEN} = Bearer eyJhbGciOiJIUzI1NiIsInR5cCI6IkpXVCJ9.eyJlbWFpbCI6InVzdWFyaW90ZXN0ZUB0ZXN0ZS5jb20iLCJwYXNzd29yZCI6InRlc3RlIiwiaWF0IjoxNzU3NjAzODUyLCJleHAiOjE3NTc2MDQ0NTJ9.4lZGKXQmSw5WT1EUSTSwolRGNS1ojV1AEulA-AH...</msg>
<arg>${TOKEN}</arg>
<arg>${authorization}</arg>
<doc>Makes a variable available globally in all tests and suites.</doc>
<status status="PASS" start="2025-09-11T12:17:33.273846" elapsed="0.000344"/>
</kw>
<status status="PASS" start="2025-09-11T12:17:33.273507" elapsed="0.000734"/>
</branch>
<status status="PASS" start="2025-09-11T12:17:33.273474" elapsed="0.000803"/>
</if>
<kw name="Set Global Variable" owner="BuiltIn">
<msg time="2025-09-11T12:17:33.274619" level="INFO">${response} = &lt;Response [200]&gt;</msg>
<arg>${response}</arg>
<doc>Makes a variable available globally in all tests and suites.</doc>
<status status="PASS" start="2025-09-11T12:17:33.274426" elapsed="0.000243"/>
</kw>
<status status="PASS" start="2025-09-11T12:17:33.055746" elapsed="0.218995"/>
</kw>
<kw name="DELETE Endpoint /produtos/id" owner="produtos_keywords">
<kw name="Create Dictionary" owner="BuiltIn">
<msg time="2025-09-11T12:17:33.276012" level="INFO">&amp;{header} = { Content-Type=application/json | Accept=application/json | Authorization=Bearer eyJhbGciOiJIUzI1NiIsInR5cCI6IkpXVCJ9.eyJlbWFpbCI6InVzdWFyaW90ZXN0ZUB0ZXN0ZS5jb20iLCJwYXNzd29yZCI6InRlc3RlIiwiaWF0IjoxNz...</msg>
<var>&amp;{header}</var>
<arg>Content-Type=application/json</arg>
<arg>Accept=application/json</arg>
<arg>Authorization=${token}</arg>
<doc>Creates and returns a dictionary based on the given ``items``.</doc>
<status status="PASS" start="2025-09-11T12:17:33.275684" elapsed="0.000358"/>
</kw>
<kw name="DELETE On Session" owner="RequestsLibrary">
<msg time="2025-09-11T12:17:33.489477" level="INFO">DELETE Request : url=https://compassuol.serverest.dev/produtos/KLmoCHkbuXsUH39r 
 path_url=/produtos/KLmoCHkbuXsUH39r 
 headers={'User-Agent': 'python-requests/2.32.5', 'Accept-Encoding': 'gzip, deflate', 'Accept': 'application/json', 'Connection': 'keep-alive', 'Content-Type': 'application/json', 'Authorization': 'Bearer eyJhbGciOiJIUzI1NiIsInR5cCI6IkpXVCJ9.eyJlbWFpbCI6InVzdWFyaW90ZXN0ZUB0ZXN0ZS5jb20iLCJwYXNzd29yZCI6InRlc3RlIiwiaWF0IjoxNzU3NjAzODUyLCJleHAiOjE3NTc2MDQ0NTJ9.4lZGKXQmSw5WT1EUSTSwolRGNS1ojV1AEulA-AH1gcs', 'Content-Length': '0'} 
 body=None 
 </msg>
<msg time="2025-09-11T12:17:33.489639" level="INFO">DELETE Response : url=https://compassuol.serverest.dev/produtos/KLmoCHkbuXsUH39r 
 status=403, reason=Forbidden 
 headers={'access-control-allow-origin': '*', 'x-dns-prefetch-control': 'off', 'x-frame-options': 'SAMEORIGIN', 'strict-transport-security': 'max-age=15552000; includeSubDomains', 'x-download-options': 'noopen', 'x-content-type-options': 'nosniff', 'x-xss-protection': '1; mode=block', 'content-type': 'application/json; charset=utf-8', 'x-cloud-trace-context': '858f729b494cd254da188b719092659d', 'date': 'Thu, 11 Sep 2025 15:17:32 GMT', 'server': 'Google Frontend', 'Content-Length': '56'} 
 body={
    "message": "Rota exclusiva para administradores"
} 
 </msg>
<msg time="2025-09-11T12:17:33.489748" level="INFO">C:\Users\Lívia\AppData\Local\Programs\Python\Python313\Lib\site-packages\urllib3\connectionpool.py:1097: InsecureRequestWarning: Unverified HTTPS request is being made to host 'compassuol.serverest.dev'. Adding certificate verification is strongly advised. See: https://urllib3.readthedocs.io/en/latest/advanced-usage.html#tls-warnings
  warnings.warn(</msg>
<msg time="2025-09-11T12:17:33.490558" level="INFO">${response} = &lt;Response [403]&gt;</msg>
<var>${response}</var>
<arg>serverest</arg>
<arg>/produtos/${id_produto}</arg>
<arg>headers=${header}</arg>
<arg>expected_status=any</arg>
<doc>Sends a DELETE request on a previously created HTTP Session.</doc>
<status status="PASS" start="2025-09-11T12:17:33.276169" elapsed="0.214623"/>
</kw>
<kw name="Set Global Variable" owner="BuiltIn">
<msg time="2025-09-11T12:17:33.491625" level="INFO">${response} = &lt;Response [403]&gt;</msg>
<arg>${response}</arg>
<doc>Makes a variable available globally in all tests and suites.</doc>
<status status="PASS" start="2025-09-11T12:17:33.491269" elapsed="0.000438"/>
</kw>
<arg>${TOKEN}</arg>
<arg>${ID_PRODUTO}</arg>
<status status="PASS" start="2025-09-11T12:17:33.275307" elapsed="0.216500"/>
</kw>
<kw name="Validar Status Code" owner="common">
<kw name="Should Be True" owner="BuiltIn">
<arg>${response.status_code}==${status_code}</arg>
<doc>Fails if the given condition is not true.</doc>
<status status="PASS" start="2025-09-11T12:17:33.493006" elapsed="0.001239"/>
</kw>
<arg>status_code=403</arg>
<status status="PASS" start="2025-09-11T12:17:33.492503" elapsed="0.001844"/>
</kw>
<kw name="Validar se a Resposta Contem a Mensagem &quot;Rota exclusiva para administradores&quot;" owner="common" source_name="Validar se a Resposta Contem a Mensagem &quot;${mensagem}&quot;">
<kw name="Should Contain" owner="BuiltIn">
<arg>${response.json()["message"]}</arg>
<arg>${mensagem}</arg>
<doc>Fails if ``container`` does not contain ``item`` one or more times.</doc>
<status status="PASS" start="2025-09-11T12:17:33.495399" elapsed="0.000549"/>
</kw>
<status status="PASS" start="2025-09-11T12:17:33.495014" elapsed="0.001008"/>
</kw>
<status status="PASS" start="2025-09-11T12:17:33.052832" elapsed="0.443640"/>
</test>
<doc>Execução dos casos de teste do endpoint /produtos</doc>
<status status="PASS" start="2025-09-11T12:17:29.275612" elapsed="4.222487"/>
</suite>
<statistics>
<total>
<stat pass="9" fail="0" skip="0">All Tests</stat>
</total>
<tag>
</tag>
<suite>
<stat name="Produtos Tests" id="s1" pass="9" fail="0" skip="0">Produtos Tests</stat>
</suite>
</statistics>
<errors>
</errors>
</robot>
