<?xml version="1.0" encoding="UTF-8"?>
<robot generator="Robot 7.3.2 (Python 3.13.3 on win32)" generated="2025-09-02T16:35:13.582161" rpa="false" schemaversion="5">
<suite id="s1" name="Booking Tests" source="C:\Users\Lívia\pb-compass-quality-engineering\Documentos\Sprint 06\Semana 11\Teste da API restful-booker com Robot Refatorado\tests\booking_tests.robot">
<kw name="Criar Sessao" owner="common" type="SETUP">
<kw name="Create Session" owner="RequestsLibrary">
<msg time="2025-09-02T16:35:14.078247" level="INFO">Creating Session using : alias=restful-booker, url=https://restful-booker.herokuapp.com, headers={},                     cookies={}, auth=None, timeout=None, proxies=None, verify=False,                     debug=0 </msg>
<arg>restful-booker</arg>
<arg>${URL_BASE}</arg>
<doc>Create Session: create a HTTP session to a server</doc>
<status status="PASS" start="2025-09-02T16:35:14.078082" elapsed="0.000337"/>
</kw>
<status status="PASS" start="2025-09-02T16:35:14.077477" elapsed="0.001011"/>
</kw>
<test id="s1-t1" name="Cenario 01: Criar reserva com sucesso" line="8">
<kw name="Pegar Dados Reserva Dinamica Valida" owner="booking_keywords">
<kw name="Criar Dados Reserva Valida" owner="dynamics">
<kw name="First Name" owner="FakerLibrary">
<msg time="2025-09-02T16:35:14.079608" level="INFO">${firstname} = Jessica</msg>
<var>${firstname}</var>
<status status="PASS" start="2025-09-02T16:35:14.079403" elapsed="0.000227"/>
</kw>
<kw name="Last Name" owner="FakerLibrary">
<msg time="2025-09-02T16:35:14.079891" level="INFO">${lastname} = Quinn</msg>
<var>${lastname}</var>
<status status="PASS" start="2025-09-02T16:35:14.079700" elapsed="0.000207"/>
</kw>
<kw name="Random Int" owner="FakerLibrary">
<msg time="2025-09-02T16:35:14.080053" level="INFO">${totalprice} = 8992</msg>
<var>${totalprice}</var>
<doc>Generate a random integer between two integers ``min`` and ``max`` inclusive
while observing the provided ``step`` value.</doc>
<status status="PASS" start="2025-09-02T16:35:14.079968" elapsed="0.000099"/>
</kw>
<kw name="Boolean" owner="FakerLibrary">
<msg time="2025-09-02T16:35:14.080197" level="INFO">${depositpaid} = True</msg>
<var>${depositpaid}</var>
<doc>Generate a random boolean value based on ``chance_of_getting_true``.</doc>
<status status="PASS" start="2025-09-02T16:35:14.080124" elapsed="0.000087"/>
</kw>
<kw name="Date" owner="FakerLibrary">
<msg time="2025-09-02T16:35:14.080430" level="INFO">${checkin} = 2008-01-12</msg>
<var>${checkin}</var>
<arg>pattern=%Y-%m-%d</arg>
<doc>Get a date string between January 1, 1970 and now.</doc>
<status status="PASS" start="2025-09-02T16:35:14.080265" elapsed="0.000179"/>
</kw>
<kw name="Date" owner="FakerLibrary">
<msg time="2025-09-02T16:35:14.080629" level="INFO">${checkout} = 1983-05-10</msg>
<var>${checkout}</var>
<arg>pattern=%Y-%m-%d</arg>
<doc>Get a date string between January 1, 1970 and now.</doc>
<status status="PASS" start="2025-09-02T16:35:14.080501" elapsed="0.000156"/>
</kw>
<kw name="Word" owner="FakerLibrary">
<msg time="2025-09-02T16:35:14.080831" level="INFO">${additionalneeds} = dog</msg>
<var>${additionalneeds}</var>
<doc>Generate a word.</doc>
<status status="PASS" start="2025-09-02T16:35:14.080724" elapsed="0.000121"/>
</kw>
<kw name="Create Dictionary" owner="BuiltIn">
<msg time="2025-09-02T16:35:14.081149" level="INFO">&amp;{bookingdates} = { checkin=2008-01-12 | checkout=1983-05-10 }</msg>
<var>&amp;{bookingdates}</var>
<arg>checkin=${checkin}</arg>
<arg>checkout=${checkout}</arg>
<doc>Creates and returns a dictionary based on the given ``items``.</doc>
<status status="PASS" start="2025-09-02T16:35:14.080925" elapsed="0.000240"/>
</kw>
<kw name="Create Dictionary" owner="BuiltIn">
<msg time="2025-09-02T16:35:14.081482" level="INFO">${payload} = {'firstname': 'Jessica', 'lastname': 'Quinn', 'totalprice': 8992, 'depositpaid': True, 'bookingdates': {'checkin': '2008-01-12', 'checkout': '1983-05-10'}, 'additionalneeds': 'dog'}</msg>
<var>${payload}</var>
<arg>firstname=${firstname}</arg>
<arg>lastname=${lastname}</arg>
<arg>totalprice=${totalprice}</arg>
<arg>depositpaid=${depositpaid}</arg>
<arg>bookingdates=${bookingdates}</arg>
<arg>additionalneeds=${additionalneeds}</arg>
<doc>Creates and returns a dictionary based on the given ``items``.</doc>
<status status="PASS" start="2025-09-02T16:35:14.081244" elapsed="0.000254"/>
</kw>
<kw name="Set Global Variable" owner="BuiltIn">
<msg time="2025-09-02T16:35:14.081690" level="INFO">${payload} = {'firstname': 'Jessica', 'lastname': 'Quinn', 'totalprice': 8992, 'depositpaid': True, 'bookingdates': {'checkin': '2008-01-12', 'checkout': '1983-05-10'}, 'additionalneeds': 'dog'}</msg>
<arg>${payload}</arg>
<doc>Makes a variable available globally in all tests and suites.</doc>
<status status="PASS" start="2025-09-02T16:35:14.081574" elapsed="0.000139"/>
</kw>
<msg time="2025-09-02T16:35:14.081766" level="INFO">${payload} = None</msg>
<var>${payload}</var>
<status status="PASS" start="2025-09-02T16:35:14.079262" elapsed="0.002517"/>
</kw>
<kw name="Set Global Variable" owner="BuiltIn">
<msg time="2025-09-02T16:35:14.081944" level="INFO">${payload} = None</msg>
<arg>${payload}</arg>
<doc>Makes a variable available globally in all tests and suites.</doc>
<status status="PASS" start="2025-09-02T16:35:14.081847" elapsed="0.000121"/>
</kw>
<status status="PASS" start="2025-09-02T16:35:14.079062" elapsed="0.002936"/>
</kw>
<kw name="POST Endpoint /booking" owner="booking_keywords">
<kw name="Create Dictionary" owner="BuiltIn">
<msg time="2025-09-02T16:35:14.082980" level="INFO">&amp;{header} = { Content-Type=application/json | Accept=application/json }</msg>
<var>&amp;{header}</var>
<arg>Content-Type=application/json</arg>
<arg>Accept=application/json</arg>
<doc>Creates and returns a dictionary based on the given ``items``.</doc>
<status status="PASS" start="2025-09-02T16:35:14.082814" elapsed="0.000191"/>
</kw>
<kw name="POST On Session" owner="RequestsLibrary">
<msg time="2025-09-02T16:35:14.882934" level="INFO">POST Request : url=https://restful-booker.herokuapp.com/booking 
 path_url=/booking 
 headers={'User-Agent': 'python-requests/2.32.5', 'Accept-Encoding': 'gzip, deflate', 'Accept': '*/*', 'Connection': 'keep-alive', 'Content-Length': '0'} 
 body=None 
 </msg>
<msg time="2025-09-02T16:35:14.883077" level="INFO">POST Response : url=https://restful-booker.herokuapp.com/booking 
 status=500, reason=Internal Server Error 
 headers={'Content-Length': '21', 'Content-Type': 'text/plain; charset=utf-8', 'Date': 'Tue, 02 Sep 2025 19:35:15 GMT', 'Etag': 'W/"15-/6VXivhc2MKdLfIkLcUE47K6aH0"', 'Nel': '{"report_to":"heroku-nel","response_headers":["Via"],"max_age":3600,"success_fraction":0.01,"failure_fraction":0.1}', 'Report-To': '{"group":"heroku-nel","endpoints":[{"url":"https://nel.heroku.com/reports?s=ZWSrQRLa%2BTypqdAUFjYQSnRAwbkIflU4gahBqgx523Q%3D\\u0026sid=c46efe9b-d3d2-4a0c-8c76-bfafa16c5add\\u0026ts=1756841715"}],"max_age":3600}', 'Reporting-Endpoints': 'heroku-nel="https://nel.heroku.com/reports?s=ZWSrQRLa%2BTypqdAUFjYQSnRAwbkIflU4gahBqgx523Q%3D&amp;sid=c46efe9b-d3d2-4a0c-8c76-bfafa16c5add&amp;ts=1756841715"', 'Server': 'Heroku', 'Via': '1.1 heroku-router', 'X-Powered-By': 'Express'} 
 body=Internal Server Error 
 </msg>
<msg time="2025-09-02T16:35:14.883152" level="INFO">C:\Users\Lívia\AppData\Local\Programs\Python\Python313\Lib\site-packages\urllib3\connectionpool.py:1097: InsecureRequestWarning: Unverified HTTPS request is being made to host 'restful-booker.herokuapp.com'. Adding certificate verification is strongly advised. See: https://urllib3.readthedocs.io/en/latest/advanced-usage.html#tls-warnings
  warnings.warn(</msg>
<msg time="2025-09-02T16:35:14.883691" level="INFO">${response} = &lt;Response [500]&gt;</msg>
<var>${response}</var>
<arg>restful-booker</arg>
<arg>/booking</arg>
<arg>json=${payload}</arg>
<arg>expected_status=any</arg>
<doc>Sends a POST request on a previously created HTTP Session.</doc>
<status status="PASS" start="2025-09-02T16:35:14.083085" elapsed="0.800685"/>
</kw>
<kw name="Set Global Variable" owner="BuiltIn">
<msg time="2025-09-02T16:35:14.885282" level="FAIL">Resolving variable '${response.json()["bookingid"]}' failed: JSONDecodeError: Expecting value: line 1 column 1 (char 0)</msg>
<arg>${ID_RESERVA}</arg>
<arg>${response.json()["bookingid"]}</arg>
<doc>Makes a variable available globally in all tests and suites.</doc>
<status status="FAIL" start="2025-09-02T16:35:14.884090" elapsed="0.001234">Resolving variable '${response.json()["bookingid"]}' failed: JSONDecodeError: Expecting value: line 1 column 1 (char 0)</status>
</kw>
<kw name="Set Global Variable" owner="BuiltIn">
<arg>${response}</arg>
<doc>Makes a variable available globally in all tests and suites.</doc>
<status status="NOT RUN" start="2025-09-02T16:35:14.885467" elapsed="0.000018"/>
</kw>
<status status="FAIL" start="2025-09-02T16:35:14.082575" elapsed="0.802990">Resolving variable '${response.json()["bookingid"]}' failed: JSONDecodeError: Expecting value: line 1 column 1 (char 0)</status>
</kw>
<kw name="Validar Status Code" owner="common">
<arg>status_code=200</arg>
<status status="NOT RUN" start="2025-09-02T16:35:14.885978" elapsed="0.000022"/>
</kw>
<kw name="Validar se a Resposta Contem &quot;bookingid&quot;" owner="common" source_name="Validar se a Resposta Contem &quot;${palavra}&quot;">
<status status="NOT RUN" start="2025-09-02T16:35:14.886292" elapsed="0.000023"/>
</kw>
<tag>POST</tag>
<status status="FAIL" start="2025-09-02T16:35:14.078549" elapsed="0.807919">Resolving variable '${response.json()["bookingid"]}' failed: JSONDecodeError: Expecting value: line 1 column 1 (char 0)</status>
</test>
<test id="s1-t2" name="Cenario 02: Editar reserva com sucesso" line="15">
<kw name="Pegar Dados Reserva Dinamica Valida" owner="booking_keywords">
<kw name="Criar Dados Reserva Valida" owner="dynamics">
<kw name="First Name" owner="FakerLibrary">
<msg time="2025-09-02T16:35:14.888573" level="INFO">${firstname} = Carol</msg>
<var>${firstname}</var>
<status status="PASS" start="2025-09-02T16:35:14.888302" elapsed="0.000302"/>
</kw>
<kw name="Last Name" owner="FakerLibrary">
<msg time="2025-09-02T16:35:14.888919" level="INFO">${lastname} = Buckley</msg>
<var>${lastname}</var>
<status status="PASS" start="2025-09-02T16:35:14.888680" elapsed="0.000265"/>
</kw>
<kw name="Random Int" owner="FakerLibrary">
<msg time="2025-09-02T16:35:14.889187" level="INFO">${totalprice} = 4073</msg>
<var>${totalprice}</var>
<doc>Generate a random integer between two integers ``min`` and ``max`` inclusive
while observing the provided ``step`` value.</doc>
<status status="PASS" start="2025-09-02T16:35:14.889050" elapsed="0.000156"/>
</kw>
<kw name="Boolean" owner="FakerLibrary">
<msg time="2025-09-02T16:35:14.889431" level="INFO">${depositpaid} = False</msg>
<var>${depositpaid}</var>
<doc>Generate a random boolean value based on ``chance_of_getting_true``.</doc>
<status status="PASS" start="2025-09-02T16:35:14.889294" elapsed="0.000167"/>
</kw>
<kw name="Date" owner="FakerLibrary">
<msg time="2025-09-02T16:35:14.890091" level="INFO">${checkin} = 2020-12-02</msg>
<var>${checkin}</var>
<arg>pattern=%Y-%m-%d</arg>
<doc>Get a date string between January 1, 1970 and now.</doc>
<status status="PASS" start="2025-09-02T16:35:14.889556" elapsed="0.000567"/>
</kw>
<kw name="Date" owner="FakerLibrary">
<msg time="2025-09-02T16:35:14.890619" level="INFO">${checkout} = 1971-01-21</msg>
<var>${checkout}</var>
<arg>pattern=%Y-%m-%d</arg>
<doc>Get a date string between January 1, 1970 and now.</doc>
<status status="PASS" start="2025-09-02T16:35:14.890286" elapsed="0.000356"/>
</kw>
<kw name="Word" owner="FakerLibrary">
<msg time="2025-09-02T16:35:14.891011" level="INFO">${additionalneeds} = floor</msg>
<var>${additionalneeds}</var>
<doc>Generate a word.</doc>
<status status="PASS" start="2025-09-02T16:35:14.890748" elapsed="0.000285"/>
</kw>
<kw name="Create Dictionary" owner="BuiltIn">
<msg time="2025-09-02T16:35:14.891346" level="INFO">&amp;{bookingdates} = { checkin=2020-12-02 | checkout=1971-01-21 }</msg>
<var>&amp;{bookingdates}</var>
<arg>checkin=${checkin}</arg>
<arg>checkout=${checkout}</arg>
<doc>Creates and returns a dictionary based on the given ``items``.</doc>
<status status="PASS" start="2025-09-02T16:35:14.891139" elapsed="0.000223"/>
</kw>
<kw name="Create Dictionary" owner="BuiltIn">
<msg time="2025-09-02T16:35:14.891718" level="INFO">${payload} = {'firstname': 'Carol', 'lastname': 'Buckley', 'totalprice': 4073, 'depositpaid': False, 'bookingdates': {'checkin': '2020-12-02', 'checkout': '1971-01-21'}, 'additionalneeds': 'floor'}</msg>
<var>${payload}</var>
<arg>firstname=${firstname}</arg>
<arg>lastname=${lastname}</arg>
<arg>totalprice=${totalprice}</arg>
<arg>depositpaid=${depositpaid}</arg>
<arg>bookingdates=${bookingdates}</arg>
<arg>additionalneeds=${additionalneeds}</arg>
<doc>Creates and returns a dictionary based on the given ``items``.</doc>
<status status="PASS" start="2025-09-02T16:35:14.891448" elapsed="0.000291"/>
</kw>
<kw name="Set Global Variable" owner="BuiltIn">
<msg time="2025-09-02T16:35:14.892014" level="INFO">${payload} = {'firstname': 'Carol', 'lastname': 'Buckley', 'totalprice': 4073, 'depositpaid': False, 'bookingdates': {'checkin': '2020-12-02', 'checkout': '1971-01-21'}, 'additionalneeds': 'floor'}</msg>
<arg>${payload}</arg>
<doc>Makes a variable available globally in all tests and suites.</doc>
<status status="PASS" start="2025-09-02T16:35:14.891846" elapsed="0.000205"/>
</kw>
<msg time="2025-09-02T16:35:14.892119" level="INFO">${payload} = None</msg>
<var>${payload}</var>
<status status="PASS" start="2025-09-02T16:35:14.888183" elapsed="0.003954"/>
</kw>
<kw name="Set Global Variable" owner="BuiltIn">
<msg time="2025-09-02T16:35:14.892367" level="INFO">${payload} = None</msg>
<arg>${payload}</arg>
<doc>Makes a variable available globally in all tests and suites.</doc>
<status status="PASS" start="2025-09-02T16:35:14.892210" elapsed="0.000185"/>
</kw>
<status status="PASS" start="2025-09-02T16:35:14.887984" elapsed="0.004451"/>
</kw>
<kw name="Pegar Dados Reserva Dinamica Valida" owner="booking_keywords">
<kw name="Criar Dados Reserva Valida" owner="dynamics">
<kw name="First Name" owner="FakerLibrary">
<msg time="2025-09-02T16:35:14.893836" level="INFO">${firstname} = Michael</msg>
<var>${firstname}</var>
<status status="PASS" start="2025-09-02T16:35:14.893536" elapsed="0.000342"/>
</kw>
<kw name="Last Name" owner="FakerLibrary">
<msg time="2025-09-02T16:35:14.894261" level="INFO">${lastname} = Scott</msg>
<var>${lastname}</var>
<status status="PASS" start="2025-09-02T16:35:14.893993" elapsed="0.000294"/>
</kw>
<kw name="Random Int" owner="FakerLibrary">
<msg time="2025-09-02T16:35:14.894479" level="INFO">${totalprice} = 6176</msg>
<var>${totalprice}</var>
<doc>Generate a random integer between two integers ``min`` and ``max`` inclusive
while observing the provided ``step`` value.</doc>
<status status="PASS" start="2025-09-02T16:35:14.894371" elapsed="0.000125"/>
</kw>
<kw name="Boolean" owner="FakerLibrary">
<msg time="2025-09-02T16:35:14.894672" level="INFO">${depositpaid} = True</msg>
<var>${depositpaid}</var>
<doc>Generate a random boolean value based on ``chance_of_getting_true``.</doc>
<status status="PASS" start="2025-09-02T16:35:14.894586" elapsed="0.000103"/>
</kw>
<kw name="Date" owner="FakerLibrary">
<msg time="2025-09-02T16:35:14.894929" level="INFO">${checkin} = 2021-11-28</msg>
<var>${checkin}</var>
<arg>pattern=%Y-%m-%d</arg>
<doc>Get a date string between January 1, 1970 and now.</doc>
<status status="PASS" start="2025-09-02T16:35:14.894752" elapsed="0.000193"/>
</kw>
<kw name="Date" owner="FakerLibrary">
<msg time="2025-09-02T16:35:14.895133" level="INFO">${checkout} = 1973-07-23</msg>
<var>${checkout}</var>
<arg>pattern=%Y-%m-%d</arg>
<doc>Get a date string between January 1, 1970 and now.</doc>
<status status="PASS" start="2025-09-02T16:35:14.895018" elapsed="0.000128"/>
</kw>
<kw name="Word" owner="FakerLibrary">
<msg time="2025-09-02T16:35:14.895292" level="INFO">${additionalneeds} = force</msg>
<var>${additionalneeds}</var>
<doc>Generate a word.</doc>
<status status="PASS" start="2025-09-02T16:35:14.895200" elapsed="0.000105"/>
</kw>
<kw name="Create Dictionary" owner="BuiltIn">
<msg time="2025-09-02T16:35:14.895694" level="INFO">&amp;{bookingdates} = { checkin=2021-11-28 | checkout=1973-07-23 }</msg>
<var>&amp;{bookingdates}</var>
<arg>checkin=${checkin}</arg>
<arg>checkout=${checkout}</arg>
<doc>Creates and returns a dictionary based on the given ``items``.</doc>
<status status="PASS" start="2025-09-02T16:35:14.895510" elapsed="0.000201"/>
</kw>
<kw name="Create Dictionary" owner="BuiltIn">
<msg time="2025-09-02T16:35:14.895988" level="INFO">${payload} = {'firstname': 'Michael', 'lastname': 'Scott', 'totalprice': 6176, 'depositpaid': True, 'bookingdates': {'checkin': '2021-11-28', 'checkout': '1973-07-23'}, 'additionalneeds': 'force'}</msg>
<var>${payload}</var>
<arg>firstname=${firstname}</arg>
<arg>lastname=${lastname}</arg>
<arg>totalprice=${totalprice}</arg>
<arg>depositpaid=${depositpaid}</arg>
<arg>bookingdates=${bookingdates}</arg>
<arg>additionalneeds=${additionalneeds}</arg>
<doc>Creates and returns a dictionary based on the given ``items``.</doc>
<status status="PASS" start="2025-09-02T16:35:14.895789" elapsed="0.000215"/>
</kw>
<kw name="Set Global Variable" owner="BuiltIn">
<msg time="2025-09-02T16:35:14.896190" level="INFO">${payload} = {'firstname': 'Michael', 'lastname': 'Scott', 'totalprice': 6176, 'depositpaid': True, 'bookingdates': {'checkin': '2021-11-28', 'checkout': '1973-07-23'}, 'additionalneeds': 'force'}</msg>
<arg>${payload}</arg>
<doc>Makes a variable available globally in all tests and suites.</doc>
<status status="PASS" start="2025-09-02T16:35:14.896080" elapsed="0.000133"/>
</kw>
<msg time="2025-09-02T16:35:14.896263" level="INFO">${payload} = None</msg>
<var>${payload}</var>
<status status="PASS" start="2025-09-02T16:35:14.893291" elapsed="0.002984"/>
</kw>
<kw name="Set Global Variable" owner="BuiltIn">
<msg time="2025-09-02T16:35:14.896419" level="INFO">${payload} = None</msg>
<arg>${payload}</arg>
<doc>Makes a variable available globally in all tests and suites.</doc>
<status status="PASS" start="2025-09-02T16:35:14.896334" elapsed="0.000105"/>
</kw>
<status status="PASS" start="2025-09-02T16:35:14.892962" elapsed="0.003505"/>
</kw>
<kw name="PUT Endpoint /booking/id" owner="booking_keywords">
<msg time="2025-09-02T16:35:14.897300" level="FAIL">Variable '${ID_RESERVA}' not found.</msg>
<arg>${ID_RESERVA}</arg>
<arg>${TOKEN}</arg>
<status status="FAIL" start="2025-09-02T16:35:14.896914" elapsed="0.000416">Variable '${ID_RESERVA}' not found.</status>
</kw>
<kw name="Validar Status Code" owner="common">
<arg>status_code=200</arg>
<status status="NOT RUN" start="2025-09-02T16:35:14.897898" elapsed="0.000032"/>
</kw>
<tag>PUT</tag>
<status status="FAIL" start="2025-09-02T16:35:14.887469" elapsed="0.011004">Variable '${ID_RESERVA}' not found.</status>
</test>
<test id="s1-t3" name="Cenario 03: Editar parcialmente reserva com sucesso" line="22">
<kw name="Pegar Dados Reserva Dinamica Valida" owner="booking_keywords">
<kw name="Criar Dados Reserva Valida" owner="dynamics">
<kw name="First Name" owner="FakerLibrary">
<msg time="2025-09-02T16:35:14.901692" level="INFO">${firstname} = Anthony</msg>
<var>${firstname}</var>
<status status="PASS" start="2025-09-02T16:35:14.901380" elapsed="0.000357"/>
</kw>
<kw name="Last Name" owner="FakerLibrary">
<msg time="2025-09-02T16:35:14.902217" level="INFO">${lastname} = Moses</msg>
<var>${lastname}</var>
<status status="PASS" start="2025-09-02T16:35:14.901879" elapsed="0.000367"/>
</kw>
<kw name="Random Int" owner="FakerLibrary">
<msg time="2025-09-02T16:35:14.902502" level="INFO">${totalprice} = 5615</msg>
<var>${totalprice}</var>
<doc>Generate a random integer between two integers ``min`` and ``max`` inclusive
while observing the provided ``step`` value.</doc>
<status status="PASS" start="2025-09-02T16:35:14.902363" elapsed="0.000169"/>
</kw>
<kw name="Boolean" owner="FakerLibrary">
<msg time="2025-09-02T16:35:14.902774" level="INFO">${depositpaid} = True</msg>
<var>${depositpaid}</var>
<doc>Generate a random boolean value based on ``chance_of_getting_true``.</doc>
<status status="PASS" start="2025-09-02T16:35:14.902637" elapsed="0.000165"/>
</kw>
<kw name="Date" owner="FakerLibrary">
<msg time="2025-09-02T16:35:14.903201" level="INFO">${checkin} = 2007-08-04</msg>
<var>${checkin}</var>
<arg>pattern=%Y-%m-%d</arg>
<doc>Get a date string between January 1, 1970 and now.</doc>
<status status="PASS" start="2025-09-02T16:35:14.902921" elapsed="0.000308"/>
</kw>
<kw name="Date" owner="FakerLibrary">
<msg time="2025-09-02T16:35:14.903534" level="INFO">${checkout} = 2010-05-03</msg>
<var>${checkout}</var>
<arg>pattern=%Y-%m-%d</arg>
<doc>Get a date string between January 1, 1970 and now.</doc>
<status status="PASS" start="2025-09-02T16:35:14.903336" elapsed="0.000225"/>
</kw>
<kw name="Word" owner="FakerLibrary">
<msg time="2025-09-02T16:35:14.903851" level="INFO">${additionalneeds} = politics</msg>
<var>${additionalneeds}</var>
<doc>Generate a word.</doc>
<status status="PASS" start="2025-09-02T16:35:14.903692" elapsed="0.000181"/>
</kw>
<kw name="Create Dictionary" owner="BuiltIn">
<msg time="2025-09-02T16:35:14.904319" level="INFO">&amp;{bookingdates} = { checkin=2007-08-04 | checkout=2010-05-03 }</msg>
<var>&amp;{bookingdates}</var>
<arg>checkin=${checkin}</arg>
<arg>checkout=${checkout}</arg>
<doc>Creates and returns a dictionary based on the given ``items``.</doc>
<status status="PASS" start="2025-09-02T16:35:14.904013" elapsed="0.000334"/>
</kw>
<kw name="Create Dictionary" owner="BuiltIn">
<msg time="2025-09-02T16:35:14.904858" level="INFO">${payload} = {'firstname': 'Anthony', 'lastname': 'Moses', 'totalprice': 5615, 'depositpaid': True, 'bookingdates': {'checkin': '2007-08-04', 'checkout': '2010-05-03'}, 'additionalneeds': 'politics'}</msg>
<var>${payload}</var>
<arg>firstname=${firstname}</arg>
<arg>lastname=${lastname}</arg>
<arg>totalprice=${totalprice}</arg>
<arg>depositpaid=${depositpaid}</arg>
<arg>bookingdates=${bookingdates}</arg>
<arg>additionalneeds=${additionalneeds}</arg>
<doc>Creates and returns a dictionary based on the given ``items``.</doc>
<status status="PASS" start="2025-09-02T16:35:14.904480" elapsed="0.000412"/>
</kw>
<kw name="Set Global Variable" owner="BuiltIn">
<msg time="2025-09-02T16:35:14.905339" level="INFO">${payload} = {'firstname': 'Anthony', 'lastname': 'Moses', 'totalprice': 5615, 'depositpaid': True, 'bookingdates': {'checkin': '2007-08-04', 'checkout': '2010-05-03'}, 'additionalneeds': 'politics'}</msg>
<arg>${payload}</arg>
<doc>Makes a variable available globally in all tests and suites.</doc>
<status status="PASS" start="2025-09-02T16:35:14.905054" elapsed="0.000336"/>
</kw>
<msg time="2025-09-02T16:35:14.905476" level="INFO">${payload} = None</msg>
<var>${payload}</var>
<status status="PASS" start="2025-09-02T16:35:14.901119" elapsed="0.004375"/>
</kw>
<kw name="Set Global Variable" owner="BuiltIn">
<msg time="2025-09-02T16:35:14.905782" level="INFO">${payload} = None</msg>
<arg>${payload}</arg>
<doc>Makes a variable available globally in all tests and suites.</doc>
<status status="PASS" start="2025-09-02T16:35:14.905605" elapsed="0.000213"/>
</kw>
<status status="PASS" start="2025-09-02T16:35:14.900687" elapsed="0.005188"/>
</kw>
<kw name="PATCH Endpoint /booking/id" owner="booking_keywords">
<msg time="2025-09-02T16:35:14.906984" level="FAIL">Variable '${ID_RESERVA}' not found.</msg>
<arg>${ID_RESERVA}</arg>
<arg>${TOKEN}</arg>
<arg>preco_reserva=7000</arg>
<arg>deposito_pago=true</arg>
<status status="FAIL" start="2025-09-02T16:35:14.906346" elapsed="0.000740">Variable '${ID_RESERVA}' not found.</status>
</kw>
<kw name="Validar Status Code" owner="common">
<arg>status_code=200</arg>
<status status="NOT RUN" start="2025-09-02T16:35:14.907937" elapsed="0.000036"/>
</kw>
<tag>PATCH</tag>
<status status="FAIL" start="2025-09-02T16:35:14.900103" elapsed="0.008264">Variable '${ID_RESERVA}' not found.</status>
</test>
<test id="s1-t4" name="Cenario 04: Buscar ids de reservas com sucesso" line="28">
<kw name="GET Endpoint /booking" owner="booking_keywords">
<kw name="GET On Session" owner="RequestsLibrary">
<msg time="2025-09-02T16:35:15.237541" level="INFO">GET Request : url=https://restful-booker.herokuapp.com/booking 
 path_url=/booking 
 headers={'User-Agent': 'python-requests/2.32.5', 'Accept-Encoding': 'gzip, deflate', 'Accept': '*/*', 'Connection': 'keep-alive'} 
 body=None 
 </msg>
<msg time="2025-09-02T16:35:15.237637" level="INFO">GET Response : url=https://restful-booker.herokuapp.com/booking 
 status=200, reason=OK 
 headers={'Content-Length': '27436', 'Content-Type': 'application/json; charset=utf-8', 'Date': 'Tue, 02 Sep 2025 19:35:15 GMT', 'Etag': 'W/"6b2c-yIBeiUYXxDPnqWGfEdKN0TZddcA"', 'Nel': '{"report_to":"heroku-nel","response_headers":["Via"],"max_age":3600,"success_fraction":0.01,"failure_fraction":0.1}', 'Report-To': '{"group":"heroku-nel","endpoints":[{"url":"https://nel.heroku.com/reports?s=ZWSrQRLa%2BTypqdAUFjYQSnRAwbkIflU4gahBqgx523Q%3D\\u0026sid=c46efe9b-d3d2-4a0c-8c76-bfafa16c5add\\u0026ts=1756841715"}],"max_age":3600}', 'Reporting-Endpoints': 'heroku-nel="https://nel.heroku.com/reports?s=ZWSrQRLa%2BTypqdAUFjYQSnRAwbkIflU4gahBqgx523Q%3D&amp;sid=c46efe9b-d3d2-4a0c-8c76-bfafa16c5add&amp;ts=1756841715"', 'Server': 'Heroku', 'Via': '1.1 heroku-router', 'X-Powered-By': 'Express'} 
 body=[{"bookingid":28},{"bookingid":1536},{"bookingid":1347},{"bookingid":711},{"bookingid":1905},{"bookingid":73},{"bookingid":564},{"bookingid":1084},{"bookingid":1220},{"bookingid":545},{"bookingid":1927},{"bookingid":501},{"bookingid":1427},{"bookingid":358},{"bookingid":10},{"bookingid":41},{"bookingid":1764},{"bookingid":1415},{"bookingid":1564},{"bookingid":1687},{"bookingid":653},{"bookingid":1231},{"bookingid":1291},{"bookingid":1094},{"bookingid":2024},{"bookingid":485},{"bookingid":284},{"bookingid":297},{"bookingid":356},{"bookingid":1704},{"bookingid":190},{"bookingid":750},{"bookingid":1510},{"bookingid":698},{"bookingid":726},{"bookingid":2132},{"bookingid":338},{"bookingid":199},{"bookingid":1044},{"bookingid":307},{"bookingid":1213},{"bookingid":1025},{"bookingid":57},{"bookingid":1277},{"bookingid":2075},{"bookingid":964},{"bookingid":1372},{"bookingid":1330},{"bookingid":1981},{"bookingid":872},{"bookingid":187},{"bookingid":835},{"bookingid":366},{"bookingid":732},{"bookingid":716},{"bookingid":149},{"bookingid":436},{"bookingid":1628},{"bookingid":113},{"bookingid":119},{"bookingid":1256},{"bookingid":1925},{"bookingid":551},{"bookingid":1050},{"bookingid":1047},{"bookingid":633},{"bookingid":404},{"bookingid":1479},{"bookingid":1114},{"bookingid":2072},{"bookingid":27},{"bookingid":232},{"bookingid":1745},{"bookingid":1532},{"bookingid":1870},{"bookingid":38},{"bookingid":926},{"bookingid":75},{"bookingid":914},{"bookingid":709},{"bookingid":579},{"bookingid":993},{"bookingid":942},{"bookingid":1850},{"bookingid":938},{"bookingid":717},{"bookingid":1209},{"bookingid":2007},{"bookingid":1710},{"bookingid":291},{"bookingid":572},{"bookingid":2069},{"bookingid":1702},{"bookingid":1327},{"bookingid":1473},{"bookingid":276},{"bookingid":1467},{"bookingid":1708},{"bookingid":2027},{"bookingid":1722},{"bookingid":1042},{"bookingid":1609},{"bookingid":655},{"bookingid":403},{"bookingid":2133},{"bookingid":488},{"bookingid":703},{"bookingid":2130},{"bookingid":1386},{"bookingid":1561},{"bookingid":1312},{"bookingid":1815},{"bookingid":548},{"bookingid":1485},{"bookingid":1110},{"bookingid":100},{"bookingid":361},{"bookingid":1931},{"bookingid":392},{"bookingid":1585},{"bookingid":258},{"bookingid":63},{"bookingid":795},{"bookingid":111},{"bookingid":1549},{"bookingid":121},{"bookingid":1997},{"bookingid":1657},{"bookingid":1150},{"bookingid":1554},{"bookingid":1880},{"bookingid":1105},{"bookingid":1053},{"bookingid":1464},{"bookingid":951},{"bookingid":770},{"bookingid":980},{"bookingid":1177},{"bookingid":1844},{"bookingid":1866},{"bookingid":1843},{"bookingid":138},{"bookingid":274},{"bookingid":1884},{"bookingid":71},{"bookingid":1221},{"bookingid":760},{"bookingid":1163},{"bookingid":2081},{"bookingid":1276},{"bookingid":2042},{"bookingid":1935},{"bookingid":1801},{"bookingid":599},{"bookingid":1953},{"bookingid":820},{"bookingid":225},{"bookingid":1299},{"bookingid":736},{"bookingid":4},{"bookingid":1204},{"bookingid":1119},{"bookingid":1219},{"bookingid":1336},{"bookingid":1647},{"bookingid":1676},{"bookingid":839},{"bookingid":1476},{"bookingid":830},{"bookingid":1174},{"bookingid":46},{"bookingid":253},{"bookingid":1691},{"bookingid":1060},{"bookingid":245},{"bookingid":213},{"bookingid":341},{"bookingid":82},{"bookingid":1003},{"bookingid":989},{"bookingid":1802},{"bookingid":312},{"bookingid":1703},{"bookingid":415},{"bookingid":856},{"bookingid":569},{"bookingid":1455},{"bookingid":79},{"bookingid":1325},{"bookingid":42},{"bookingid":1062},{"bookingid":86},{"bookingid":865},{"bookingid":1608},{"bookingid":1501},{"bookingid":1632},{"bookingid":764},{"bookingid":1283},{"bookingid":67},{"bookingid":1734},{"bookingid":605},{"bookingid":692},{"bookingid":134},{"bookingid":475},{"bookingid":1731},{"bookingid":236},{"bookingid":1416},{"bookingid":1665},{"bookingid":1067},{"bookingid":1345},{"bookingid":1168},{"bookingid":1588},{"bookingid":178},{"bookingid":781},{"bookingid":1917},{"bookingid":1228},{"bookingid":1158},{"bookingid":330},{"bookingid":913},{"bookingid":741},{"bookingid":1151},{"bookingid":626},{"bookingid":1668},{"bookingid":99},{"bookingid":1946},{"bookingid":2110},{"bookingid":1626},{"bookingid":630},{"bookingid":1767},{"bookingid":6},{"bookingid":1191},{"bookingid":1007},{"bookingid":500},{"bookingid":882},{"bookingid":632},{"bookingid":1747},{"bookingid":1861},{"bookingid":1280},{"bookingid":145},{"bookingid":333},{"bookingid":1300},{"bookingid":478},{"bookingid":1787},{"bookingid":1056},{"bookingid":368},{"bookingid":427},{"bookingid":1322},{"bookingid":985},{"bookingid":471},{"bookingid":535},{"bookingid":1539},{"bookingid":1456},{"bookingid":2014},{"bookingid":399},{"bookingid":1410},{"bookingid":491},{"bookingid":271},{"bookingid":565},{"bookingid":831},{"bookingid":1361},{"bookingid":240},{"bookingid":566},{"bookingid":1295},{"bookingid":25},{"bookingid":440},{"bookingid":1751},{"bookingid":2126},{"bookingid":1440},{"bookingid":953},{"bookingid":1624},{"bookingid":944},{"bookingid":829},{"bookingid":207},{"bookingid":50},{"bookingid":666},{"bookingid":1524},{"bookingid":668},{"bookingid":51},{"bookingid":1278},{"bookingid":465},{"bookingid":1452},{"bookingid":388},{"bookingid":1078},{"bookingid":644},{"bookingid":1845},{"bookingid":22},{"bookingid":1495},{"bookingid":91},{"bookingid":424},{"bookingid":81},{"bookingid":1059},{"bookingid":1666},{"bookingid":1493},{"bookingid":153},{"bookingid":1862},{"bookingid":1804},{"bookingid":1399},{"bookingid":1696},{"bookingid":1698},{"bookingid":340},{"bookingid":1017},{"bookingid":774},{"bookingid":1921},{"bookingid":1644},{"bookingid":927},{"bookingid":1301},{"bookingid":1546},{"bookingid":1940},{"bookingid":1543},{"bookingid":1224},{"bookingid":657},{"bookingid":1338},{"bookingid":688},{"bookingid":1137},{"bookingid":714},{"bookingid":800},{"bookingid":216},{"bookingid":238},{"bookingid":383},{"bookingid":246},{"bookingid":1195},{"bookingid":1956},{"bookingid":745},{"bookingid":1758},{"bookingid":1156},{"bookingid":529},{"bookingid":1634},{"bookingid":1899},{"bookingid":1521},{"bookingid":1556},{"bookingid":497},{"bookingid":555},{"bookingid":12},{"bookingid":317},{"bookingid":90},{"bookingid":662},{"bookingid":825},{"bookingid":62},{"bookingid":1882},{"bookingid":2054},{"bookingid":1351},{"bookingid":864},{"bookingid":2047},{"bookingid":173},{"bookingid":758},{"bookingid":1080},{"bookingid":281},{"bookingid":2015},{"bookingid":606},{"bookingid":841},{"bookingid":2004},{"bookingid":1285},{"bookingid":1656},{"bookingid":299},{"bookingid":1774},{"bookingid":875},{"bookingid":2151},{"bookingid":2008},{"bookingid":386},{"bookingid":520},{"bookingid":1933},{"bookingid":372},{"bookingid":797},{"bookingid":321},{"bookingid":44},{"bookingid":319},{"bookingid":1837},{"bookingid":671},{"bookingid":1719},{"bookingid":1113},{"bookingid":735},{"bookingid":1237},{"bookingid":580},{"bookingid":1638},{"bookingid":1603},{"bookingid":346},{"bookingid":542},{"bookingid":1458},{"bookingid":1124},{"bookingid":2050},{"bookingid":541},{"bookingid":1120},{"bookingid":1725},{"bookingid":594},{"bookingid":1358},{"bookingid":1669},{"bookingid":694},{"bookingid":377},{"bookingid":1357},{"bookingid":1024},{"bookingid":1527},{"bookingid":620},{"bookingid":1186},{"bookingid":1164},{"bookingid":598},{"bookingid":1800},{"bookingid":870},{"bookingid":2021},{"bookingid":486},{"bookingid":1752},{"bookingid":1778},{"bookingid":2068},{"bookingid":344},{"bookingid":1068},{"bookingid":1418},{"bookingid":943},{"bookingid":1091},{"bookingid":1836},{"bookingid":1268},{"bookingid":1354},{"bookingid":1531},{"bookingid":775},{"bookingid":1499},{"bookingid":637},{"bookingid":432},{"bookingid":2078},{"bookingid":1153},{"bookingid":354},{"bookingid":1828},{"bookingid":950},{"bookingid":2127},{"bookingid":1260},{"bookingid":1083},{"bookingid":651},{"bookingid":1249},{"bookingid":815},{"bookingid":369},{"bookingid":1248},{"bookingid":581},{"bookingid":1460},{"bookingid":31},{"bookingid":708},{"bookingid":1227},{"bookingid":1482},{"bookingid":900},{"bookingid":64},{"bookingid":95},{"bookingid":45},{"bookingid":1471},{"bookingid":2039},{"bookingid":1947},{"bookingid":923},{"bookingid":1938},{"bookingid":1236},{"bookingid":448},{"bookingid":2089},{"bookingid":1102},{"bookingid":536},{"bookingid":1089},{"bookingid":930},{"bookingid":60},{"bookingid":936},{"bookingid":1286},{"bookingid":1619},{"bookingid":1648},{"bookingid":80},{"bookingid":616},{"bookingid":1011},{"bookingid":1131},{"bookingid":860},{"bookingid":2076},{"bookingid":2114},{"bookingid":806},{"bookingid":380},{"bookingid":780},{"bookingid":1488},{"bookingid":567},{"bookingid":52},{"bookingid":1162},{"bookingid":527},{"bookingid":177},{"bookingid":429},{"bookingid":1160},{"bookingid":2092},{"bookingid":1957},{"bookingid":349},{"bookingid":286},{"bookingid":277},{"bookingid":1014},{"bookingid":498},{"bookingid":264},{"bookingid":1058},{"bookingid":702},{"bookingid":1724},{"bookingid":242},{"bookingid":1514},{"bookingid":1294},{"bookingid":200},{"bookingid":680},{"bookingid":1741},{"bookingid":407},{"bookingid":749},{"bookingid":696},{"bookingid":1193},{"bookingid":1074},{"bookingid":590},{"bookingid":1678},{"bookingid":607},{"bookingid":576},{"bookingid":428},{"bookingid":1088},{"bookingid":1360},{"bookingid":466},{"bookingid":587},{"bookingid":1910},{"bookingid":97},{"bookingid":978},{"bookingid":72},{"bookingid":1355},{"bookingid":218},{"bookingid":162},{"bookingid":1786},{"bookingid":2010},{"bookingid":140},{"bookingid":1625},{"bookingid":170},{"bookingid":547},{"bookingid":1627},{"bookingid":519},{"bookingid":108},{"bookingid":193},{"bookingid":1682},{"bookingid":43},{"bookingid":1853},{"bookingid":1857},{"bookingid":1551},{"bookingid":2108},{"bookingid":292},{"bookingid":1712},{"bookingid":518},{"bookingid":350},{"bookingid":1389},{"bookingid":2034},{"bookingid":1728},{"bookingid":385},{"bookingid":1773},{"bookingid":1851},{"bookingid":1273},{"bookingid":850},{"bookingid":984},{"bookingid":49},{"bookingid":554},{"booking... (set the log level to DEBUG or TRACE to see the full content) 
 </msg>
<msg time="2025-09-02T16:35:15.237869" level="INFO">C:\Users\Lívia\AppData\Local\Programs\Python\Python313\Lib\site-packages\urllib3\connectionpool.py:1097: InsecureRequestWarning: Unverified HTTPS request is being made to host 'restful-booker.herokuapp.com'. Adding certificate verification is strongly advised. See: https://urllib3.readthedocs.io/en/latest/advanced-usage.html#tls-warnings
  warnings.warn(</msg>
<msg time="2025-09-02T16:35:15.238374" level="INFO">${response} = &lt;Response [200]&gt;</msg>
<var>${response}</var>
<arg>restful-booker</arg>
<arg>/booking</arg>
<doc>Sends a GET request on a previously created HTTP Session.</doc>
<status status="PASS" start="2025-09-02T16:35:14.909721" elapsed="0.328727"/>
</kw>
<kw name="Set Global Variable" owner="BuiltIn">
<msg time="2025-09-02T16:35:15.238778" level="INFO">${response} = &lt;Response [200]&gt;</msg>
<arg>${response}</arg>
<doc>Makes a variable available globally in all tests and suites.</doc>
<status status="PASS" start="2025-09-02T16:35:15.238619" elapsed="0.000193"/>
</kw>
<status status="PASS" start="2025-09-02T16:35:14.909513" elapsed="0.329346"/>
</kw>
<kw name="Validar Status Code" owner="common">
<kw name="Should Be True" owner="BuiltIn">
<arg>${response.status_code}==${status_code}</arg>
<doc>Fails if the given condition is not true.</doc>
<status status="PASS" start="2025-09-02T16:35:15.239330" elapsed="0.000519"/>
</kw>
<arg>status_code=200</arg>
<status status="PASS" start="2025-09-02T16:35:15.239125" elapsed="0.000768"/>
</kw>
<tag>GET</tag>
<status status="PASS" start="2025-09-02T16:35:14.909027" elapsed="0.331158"/>
</test>
<test id="s1-t5" name="Cenario 05: Buscar reserva com sucesso" line="33">
<kw name="Pegar Dados Login Estatico Valido" owner="login_keywords">
<kw name="Importar JSON" owner="common">
<kw name="Load Json From File" owner="JSONLibrary">
<msg time="2025-09-02T16:35:15.241747" level="INFO">${data} = {'usuario_valido': {'username': 'admin', 'password': 'password123'}, 'usuario_com_username_vazio': {'username': '', 'password': 'password123'}, 'usuario_com_senha_vazia': {'username': 'admin', 'passwo...</msg>
<var>${data}</var>
<arg>${EXECDIR}/Documentos/Sprint 06/Semana 11/Teste da API restful-booker com Robot Refatorado/support/fixtures/static/${nome_arquivo}</arg>
<doc>Load JSON from file.</doc>
<status status="PASS" start="2025-09-02T16:35:15.241302" elapsed="0.000473"/>
</kw>
<return>
<value>${data}</value>
<status status="PASS" start="2025-09-02T16:35:15.241823" elapsed="0.000042"/>
</return>
<msg time="2025-09-02T16:35:15.241959" level="INFO">${json} = {'usuario_valido': {'username': 'admin', 'password': 'password123'}, 'usuario_com_username_vazio': {'username': '', 'password': 'password123'}, 'usuario_com_senha_vazia': {'username': 'admin', 'passwo...</msg>
<var>${json}</var>
<arg>credenciais_login.json</arg>
<status status="PASS" start="2025-09-02T16:35:15.241150" elapsed="0.000824"/>
</kw>
<kw name="Set Global Variable" owner="BuiltIn">
<msg time="2025-09-02T16:35:15.242349" level="INFO">${payload} = {'username': 'admin', 'password': 'password123'}</msg>
<arg>${payload}</arg>
<arg>${json["usuario_valido"]}</arg>
<doc>Makes a variable available globally in all tests and suites.</doc>
<status status="PASS" start="2025-09-02T16:35:15.242058" elapsed="0.000320"/>
</kw>
<status status="PASS" start="2025-09-02T16:35:15.240966" elapsed="0.001450"/>
</kw>
<kw name="POST Endpoint /auth" owner="login_keywords">
<kw name="POST On Session" owner="RequestsLibrary">
<msg time="2025-09-02T16:35:15.398011" level="INFO">POST Request : url=https://restful-booker.herokuapp.com/auth 
 path_url=/auth 
 headers={'User-Agent': 'python-requests/2.32.5', 'Accept-Encoding': 'gzip, deflate', 'Accept': '*/*', 'Connection': 'keep-alive', 'Content-Length': '48', 'Content-Type': 'application/json'} 
 body=b'{"username": "admin", "password": "password123"}' 
 </msg>
<msg time="2025-09-02T16:35:15.398080" level="INFO">POST Response : url=https://restful-booker.herokuapp.com/auth 
 status=200, reason=OK 
 headers={'Content-Length': '27', 'Content-Type': 'application/json; charset=utf-8', 'Date': 'Tue, 02 Sep 2025 19:35:15 GMT', 'Etag': 'W/"1b-gJL5RVfgM+ceCLyvUm/0sLrEmoA"', 'Nel': '{"report_to":"heroku-nel","response_headers":["Via"],"max_age":3600,"success_fraction":0.01,"failure_fraction":0.1}', 'Report-To': '{"group":"heroku-nel","endpoints":[{"url":"https://nel.heroku.com/reports?s=ZWSrQRLa%2BTypqdAUFjYQSnRAwbkIflU4gahBqgx523Q%3D\\u0026sid=c46efe9b-d3d2-4a0c-8c76-bfafa16c5add\\u0026ts=1756841715"}],"max_age":3600}', 'Reporting-Endpoints': 'heroku-nel="https://nel.heroku.com/reports?s=ZWSrQRLa%2BTypqdAUFjYQSnRAwbkIflU4gahBqgx523Q%3D&amp;sid=c46efe9b-d3d2-4a0c-8c76-bfafa16c5add&amp;ts=1756841715"', 'Server': 'Heroku', 'Via': '1.1 heroku-router', 'X-Powered-By': 'Express'} 
 body={"token":"daffc4e3d48be09"} 
 </msg>
<msg time="2025-09-02T16:35:15.398127" level="INFO">C:\Users\Lívia\AppData\Local\Programs\Python\Python313\Lib\site-packages\urllib3\connectionpool.py:1097: InsecureRequestWarning: Unverified HTTPS request is being made to host 'restful-booker.herokuapp.com'. Adding certificate verification is strongly advised. See: https://urllib3.readthedocs.io/en/latest/advanced-usage.html#tls-warnings
  warnings.warn(</msg>
<msg time="2025-09-02T16:35:15.398663" level="INFO">${response} = &lt;Response [200]&gt;</msg>
<var>${response}</var>
<arg>restful-booker</arg>
<arg>/auth</arg>
<arg>json=${payload}</arg>
<arg>expected_status=any</arg>
<doc>Sends a POST request on a previously created HTTP Session.</doc>
<status status="PASS" start="2025-09-02T16:35:15.242767" elapsed="0.155941"/>
</kw>
<kw name="Evaluate" owner="BuiltIn">
<msg time="2025-09-02T16:35:15.399372" level="INFO">${token} = daffc4e3d48be09</msg>
<var>${token}</var>
<arg>$response.json().get("token")</arg>
<doc>Evaluates the given expression in Python and returns the result.</doc>
<status status="PASS" start="2025-09-02T16:35:15.399133" elapsed="0.000257"/>
</kw>
<if>
<branch type="IF" condition="&quot;${token}&quot; != &quot;None&quot;">
<kw name="Set Global Variable" owner="BuiltIn">
<msg time="2025-09-02T16:35:15.399753" level="INFO">${TOKEN} = daffc4e3d48be09</msg>
<arg>${TOKEN}</arg>
<arg>${token}</arg>
<doc>Makes a variable available globally in all tests and suites.</doc>
<status status="PASS" start="2025-09-02T16:35:15.399636" elapsed="0.000141"/>
</kw>
<status status="PASS" start="2025-09-02T16:35:15.399471" elapsed="0.000327"/>
</branch>
<status status="PASS" start="2025-09-02T16:35:15.399448" elapsed="0.000369"/>
</if>
<kw name="Set Global Variable" owner="BuiltIn">
<msg time="2025-09-02T16:35:15.399972" level="INFO">${response} = &lt;Response [200]&gt;</msg>
<arg>${response}</arg>
<doc>Makes a variable available globally in all tests and suites.</doc>
<status status="PASS" start="2025-09-02T16:35:15.399881" elapsed="0.000113"/>
</kw>
<status status="PASS" start="2025-09-02T16:35:15.242619" elapsed="0.157412"/>
</kw>
<kw name="GET Endpoint /booking/id" owner="booking_keywords">
<msg time="2025-09-02T16:35:15.400862" level="FAIL">Variable '${ID_RESERVA}' not found.</msg>
<arg>${ID_RESERVA}</arg>
<status status="FAIL" start="2025-09-02T16:35:15.400548" elapsed="0.000340">Variable '${ID_RESERVA}' not found.</status>
</kw>
<kw name="Validar Status Code" owner="common">
<arg>status_code=200</arg>
<status status="NOT RUN" start="2025-09-02T16:35:15.401326" elapsed="0.000018"/>
</kw>
<tag>GET</tag>
<status status="FAIL" start="2025-09-02T16:35:15.240601" elapsed="0.161046">Variable '${ID_RESERVA}' not found.</status>
</test>
<test id="s1-t6" name="Cenario 06: Excluir reserva com sucesso" line="40">
<kw name="Pegar Dados Login Estatico Valido" owner="login_keywords">
<kw name="Importar JSON" owner="common">
<kw name="Load Json From File" owner="JSONLibrary">
<msg time="2025-09-02T16:35:15.404062" level="INFO">${data} = {'usuario_valido': {'username': 'admin', 'password': 'password123'}, 'usuario_com_username_vazio': {'username': '', 'password': 'password123'}, 'usuario_com_senha_vazia': {'username': 'admin', 'passwo...</msg>
<var>${data}</var>
<arg>${EXECDIR}/Documentos/Sprint 06/Semana 11/Teste da API restful-booker com Robot Refatorado/support/fixtures/static/${nome_arquivo}</arg>
<doc>Load JSON from file.</doc>
<status status="PASS" start="2025-09-02T16:35:15.403654" elapsed="0.000466"/>
</kw>
<return>
<value>${data}</value>
<status status="PASS" start="2025-09-02T16:35:15.404229" elapsed="0.000032"/>
</return>
<msg time="2025-09-02T16:35:15.404352" level="INFO">${json} = {'usuario_valido': {'username': 'admin', 'password': 'password123'}, 'usuario_com_username_vazio': {'username': '', 'password': 'password123'}, 'usuario_com_senha_vazia': {'username': 'admin', 'passwo...</msg>
<var>${json}</var>
<arg>credenciais_login.json</arg>
<status status="PASS" start="2025-09-02T16:35:15.403523" elapsed="0.000847"/>
</kw>
<kw name="Set Global Variable" owner="BuiltIn">
<msg time="2025-09-02T16:35:15.404760" level="INFO">${payload} = {'username': 'admin', 'password': 'password123'}</msg>
<arg>${payload}</arg>
<arg>${json["usuario_valido"]}</arg>
<doc>Makes a variable available globally in all tests and suites.</doc>
<status status="PASS" start="2025-09-02T16:35:15.404459" elapsed="0.000335"/>
</kw>
<status status="PASS" start="2025-09-02T16:35:15.403357" elapsed="0.001483"/>
</kw>
<kw name="POST Endpoint /auth" owner="login_keywords">
<kw name="POST On Session" owner="RequestsLibrary">
<msg time="2025-09-02T16:35:15.563458" level="INFO">POST Request : url=https://restful-booker.herokuapp.com/auth 
 path_url=/auth 
 headers={'User-Agent': 'python-requests/2.32.5', 'Accept-Encoding': 'gzip, deflate', 'Accept': '*/*', 'Connection': 'keep-alive', 'Content-Length': '48', 'Content-Type': 'application/json'} 
 body=b'{"username": "admin", "password": "password123"}' 
 </msg>
<msg time="2025-09-02T16:35:15.563529" level="INFO">POST Response : url=https://restful-booker.herokuapp.com/auth 
 status=200, reason=OK 
 headers={'Content-Length': '27', 'Content-Type': 'application/json; charset=utf-8', 'Date': 'Tue, 02 Sep 2025 19:35:15 GMT', 'Etag': 'W/"1b-SNAWTGI5UtvxUZ3t60O2wWGzEbs"', 'Nel': '{"report_to":"heroku-nel","response_headers":["Via"],"max_age":3600,"success_fraction":0.01,"failure_fraction":0.1}', 'Report-To': '{"group":"heroku-nel","endpoints":[{"url":"https://nel.heroku.com/reports?s=ZWSrQRLa%2BTypqdAUFjYQSnRAwbkIflU4gahBqgx523Q%3D\\u0026sid=c46efe9b-d3d2-4a0c-8c76-bfafa16c5add\\u0026ts=1756841715"}],"max_age":3600}', 'Reporting-Endpoints': 'heroku-nel="https://nel.heroku.com/reports?s=ZWSrQRLa%2BTypqdAUFjYQSnRAwbkIflU4gahBqgx523Q%3D&amp;sid=c46efe9b-d3d2-4a0c-8c76-bfafa16c5add&amp;ts=1756841715"', 'Server': 'Heroku', 'Via': '1.1 heroku-router', 'X-Powered-By': 'Express'} 
 body={"token":"a19f2e13b1d449b"} 
 </msg>
<msg time="2025-09-02T16:35:15.563581" level="INFO">C:\Users\Lívia\AppData\Local\Programs\Python\Python313\Lib\site-packages\urllib3\connectionpool.py:1097: InsecureRequestWarning: Unverified HTTPS request is being made to host 'restful-booker.herokuapp.com'. Adding certificate verification is strongly advised. See: https://urllib3.readthedocs.io/en/latest/advanced-usage.html#tls-warnings
  warnings.warn(</msg>
<msg time="2025-09-02T16:35:15.564169" level="INFO">${response} = &lt;Response [200]&gt;</msg>
<var>${response}</var>
<arg>restful-booker</arg>
<arg>/auth</arg>
<arg>json=${payload}</arg>
<arg>expected_status=any</arg>
<doc>Sends a POST request on a previously created HTTP Session.</doc>
<status status="PASS" start="2025-09-02T16:35:15.405454" elapsed="0.158758"/>
</kw>
<kw name="Evaluate" owner="BuiltIn">
<msg time="2025-09-02T16:35:15.564764" level="INFO">${token} = a19f2e13b1d449b</msg>
<var>${token}</var>
<arg>$response.json().get("token")</arg>
<doc>Evaluates the given expression in Python and returns the result.</doc>
<status status="PASS" start="2025-09-02T16:35:15.564468" elapsed="0.000323"/>
</kw>
<if>
<branch type="IF" condition="&quot;${token}&quot; != &quot;None&quot;">
<kw name="Set Global Variable" owner="BuiltIn">
<msg time="2025-09-02T16:35:15.565146" level="INFO">${TOKEN} = a19f2e13b1d449b</msg>
<arg>${TOKEN}</arg>
<arg>${token}</arg>
<doc>Makes a variable available globally in all tests and suites.</doc>
<status status="PASS" start="2025-09-02T16:35:15.565030" elapsed="0.000140"/>
</kw>
<status status="PASS" start="2025-09-02T16:35:15.564874" elapsed="0.000317"/>
</branch>
<status status="PASS" start="2025-09-02T16:35:15.564851" elapsed="0.000358"/>
</if>
<kw name="Set Global Variable" owner="BuiltIn">
<msg time="2025-09-02T16:35:15.565374" level="INFO">${response} = &lt;Response [200]&gt;</msg>
<arg>${response}</arg>
<doc>Makes a variable available globally in all tests and suites.</doc>
<status status="PASS" start="2025-09-02T16:35:15.565272" elapsed="0.000124"/>
</kw>
<status status="PASS" start="2025-09-02T16:35:15.405308" elapsed="0.160123"/>
</kw>
<kw name="DELETE Endpoint /booking/id" owner="booking_keywords">
<msg time="2025-09-02T16:35:15.566133" level="FAIL">Variable '${ID_RESERVA}' not found.</msg>
<arg>${ID_RESERVA}</arg>
<arg>${TOKEN}</arg>
<status status="FAIL" start="2025-09-02T16:35:15.565832" elapsed="0.000323">Variable '${ID_RESERVA}' not found.</status>
</kw>
<kw name="Validar Status Code" owner="common">
<arg>status_code=201</arg>
<status status="NOT RUN" start="2025-09-02T16:35:15.566526" elapsed="0.000017"/>
</kw>
<tag>DELETE</tag>
<status status="FAIL" start="2025-09-02T16:35:15.402892" elapsed="0.163889">Variable '${ID_RESERVA}' not found.</status>
</test>
<test id="s1-t7" name="Cenario 07: Criar reserva com campos nulos" line="47">
<kw name="Pegar Dados Reserva Estatica com Campos Nulos" owner="booking_keywords">
<kw name="Importar JSON" owner="common">
<kw name="Load Json From File" owner="JSONLibrary">
<msg time="2025-09-02T16:35:15.570074" level="INFO">${data} = {'reserva_com_campos_faltando': {'firstname': '', 'lastname': '', 'totalprice': 620, 'depositpaid': '', 'bookingdates': {'checkin': '2020-01-01', 'checkout': '2022-03-24'}, 'additionalneeds': 'CafÃ©'}...</msg>
<var>${data}</var>
<arg>${EXECDIR}/Documentos/Sprint 06/Semana 11/Teste da API restful-booker com Robot Refatorado/support/fixtures/static/${nome_arquivo}</arg>
<doc>Load JSON from file.</doc>
<status status="PASS" start="2025-09-02T16:35:15.569385" elapsed="0.000726"/>
</kw>
<return>
<value>${data}</value>
<status status="PASS" start="2025-09-02T16:35:15.570148" elapsed="0.000028"/>
</return>
<msg time="2025-09-02T16:35:15.570269" level="INFO">${json} = {'reserva_com_campos_faltando': {'firstname': '', 'lastname': '', 'totalprice': 620, 'depositpaid': '', 'bookingdates': {'checkin': '2020-01-01', 'checkout': '2022-03-24'}, 'additionalneeds': 'CafÃ©'}...</msg>
<var>${json}</var>
<arg>reservas_invalidas.json</arg>
<status status="PASS" start="2025-09-02T16:35:15.569168" elapsed="0.001114"/>
</kw>
<kw name="Set Global Variable" owner="BuiltIn">
<msg time="2025-09-02T16:35:15.570613" level="INFO">${payload} = {'firstname': '', 'lastname': '', 'totalprice': 620, 'depositpaid': '', 'bookingdates': {'checkin': '2020-01-01', 'checkout': '2022-03-24'}, 'additionalneeds': 'CafÃ©'}</msg>
<arg>${payload}</arg>
<arg>${json["reserva_com_campos_faltando"]}</arg>
<doc>Makes a variable available globally in all tests and suites.</doc>
<status status="PASS" start="2025-09-02T16:35:15.570353" elapsed="0.000287"/>
</kw>
<status status="PASS" start="2025-09-02T16:35:15.568913" elapsed="0.001760"/>
</kw>
<kw name="POST Endpoint /booking" owner="booking_keywords">
<kw name="Create Dictionary" owner="BuiltIn">
<msg time="2025-09-02T16:35:15.571300" level="INFO">&amp;{header} = { Content-Type=application/json | Accept=application/json }</msg>
<var>&amp;{header}</var>
<arg>Content-Type=application/json</arg>
<arg>Accept=application/json</arg>
<doc>Creates and returns a dictionary based on the given ``items``.</doc>
<status status="PASS" start="2025-09-02T16:35:15.571179" elapsed="0.000138"/>
</kw>
<kw name="POST On Session" owner="RequestsLibrary">
<msg time="2025-09-02T16:35:15.733626" level="INFO">POST Request : url=https://restful-booker.herokuapp.com/booking 
 path_url=/booking 
 headers={'User-Agent': 'python-requests/2.32.5', 'Accept-Encoding': 'gzip, deflate', 'Accept': '*/*', 'Connection': 'keep-alive', 'Content-Length': '178', 'Content-Type': 'application/json'} 
 body=b'{"firstname": "", "lastname": "", "totalprice": 620, "depositpaid": "", "bookingdates": {"checkin": "2020-01-01", "checkout": "2022-03-24"}, "additionalneeds": "Caf\\u00c3\\u00a9"}' 
 </msg>
<msg time="2025-09-02T16:35:15.734012" level="INFO">POST Response : url=https://restful-booker.herokuapp.com/booking 
 status=200, reason=OK 
 headers={'Content-Length': '188', 'Content-Type': 'application/json; charset=utf-8', 'Date': 'Tue, 02 Sep 2025 19:35:15 GMT', 'Etag': 'W/"bc-kEQ6LhXz3dYPSm729qzH5MJUr6Q"', 'Nel': '{"report_to":"heroku-nel","response_headers":["Via"],"max_age":3600,"success_fraction":0.01,"failure_fraction":0.1}', 'Report-To': '{"group":"heroku-nel","endpoints":[{"url":"https://nel.heroku.com/reports?s=ZWSrQRLa%2BTypqdAUFjYQSnRAwbkIflU4gahBqgx523Q%3D\\u0026sid=c46efe9b-d3d2-4a0c-8c76-bfafa16c5add\\u0026ts=1756841715"}],"max_age":3600}', 'Reporting-Endpoints': 'heroku-nel="https://nel.heroku.com/reports?s=ZWSrQRLa%2BTypqdAUFjYQSnRAwbkIflU4gahBqgx523Q%3D&amp;sid=c46efe9b-d3d2-4a0c-8c76-bfafa16c5add&amp;ts=1756841715"', 'Server': 'Heroku', 'Via': '1.1 heroku-router', 'X-Powered-By': 'Express'} 
 body={"bookingid":2156,"booking":{"firstname":"","lastname":"","totalprice":620,"depositpaid":false,"bookingdates":{"checkin":"2020-01-01","checkout":"2022-03-24"},"additionalneeds":"CafÃ©"}} 
 </msg>
<msg time="2025-09-02T16:35:15.734277" level="INFO">C:\Users\Lívia\AppData\Local\Programs\Python\Python313\Lib\site-packages\urllib3\connectionpool.py:1097: InsecureRequestWarning: Unverified HTTPS request is being made to host 'restful-booker.herokuapp.com'. Adding certificate verification is strongly advised. See: https://urllib3.readthedocs.io/en/latest/advanced-usage.html#tls-warnings
  warnings.warn(</msg>
<msg time="2025-09-02T16:35:15.735015" level="INFO">${response} = &lt;Response [200]&gt;</msg>
<var>${response}</var>
<arg>restful-booker</arg>
<arg>/booking</arg>
<arg>json=${payload}</arg>
<arg>expected_status=any</arg>
<doc>Sends a POST request on a previously created HTTP Session.</doc>
<status status="PASS" start="2025-09-02T16:35:15.571385" elapsed="0.163830"/>
</kw>
<kw name="Set Global Variable" owner="BuiltIn">
<msg time="2025-09-02T16:35:15.737155" level="INFO">${ID_RESERVA} = 2156</msg>
<arg>${ID_RESERVA}</arg>
<arg>${response.json()["bookingid"]}</arg>
<doc>Makes a variable available globally in all tests and suites.</doc>
<status status="PASS" start="2025-09-02T16:35:15.735562" elapsed="0.001686"/>
</kw>
<kw name="Set Global Variable" owner="BuiltIn">
<msg time="2025-09-02T16:35:15.737781" level="INFO">${response} = &lt;Response [200]&gt;</msg>
<arg>${response}</arg>
<doc>Makes a variable available globally in all tests and suites.</doc>
<status status="PASS" start="2025-09-02T16:35:15.737503" elapsed="0.000342"/>
</kw>
<status status="PASS" start="2025-09-02T16:35:15.571026" elapsed="0.166908"/>
</kw>
<kw name="Validar Status Code" owner="common">
<kw name="Should Be True" owner="BuiltIn">
<msg time="2025-09-02T16:35:15.739505" level="FAIL">'200==400' should be true.</msg>
<arg>${response.status_code}==${status_code}</arg>
<doc>Fails if the given condition is not true.</doc>
<status status="FAIL" start="2025-09-02T16:35:15.738805" elapsed="0.001029">'200==400' should be true.</status>
</kw>
<arg>status_code=400</arg>
<status status="FAIL" start="2025-09-02T16:35:15.738543" elapsed="0.001540">'200==400' should be true.</status>
</kw>
<tag>POST</tag>
<status status="FAIL" start="2025-09-02T16:35:15.568372" elapsed="0.172432">'200==400' should be true.</status>
</test>
<test id="s1-t8" name="Cenario 08: Criar reserva com campos com tipagem errada" line="53">
<kw name="Pegar Dados Reserva Estatica com Tipagem Incorreta" owner="booking_keywords">
<kw name="Importar JSON" owner="common">
<kw name="Load Json From File" owner="JSONLibrary">
<msg time="2025-09-02T16:35:15.744963" level="INFO">${data} = {'reserva_com_campos_faltando': {'firstname': '', 'lastname': '', 'totalprice': 620, 'depositpaid': '', 'bookingdates': {'checkin': '2020-01-01', 'checkout': '2022-03-24'}, 'additionalneeds': 'CafÃ©'}...</msg>
<var>${data}</var>
<arg>${EXECDIR}/Documentos/Sprint 06/Semana 11/Teste da API restful-booker com Robot Refatorado/support/fixtures/static/${nome_arquivo}</arg>
<doc>Load JSON from file.</doc>
<status status="PASS" start="2025-09-02T16:35:15.744236" elapsed="0.000765"/>
</kw>
<return>
<value>${data}</value>
<status status="PASS" start="2025-09-02T16:35:15.745067" elapsed="0.000042"/>
</return>
<msg time="2025-09-02T16:35:15.745288" level="INFO">${json} = {'reserva_com_campos_faltando': {'firstname': '', 'lastname': '', 'totalprice': 620, 'depositpaid': '', 'bookingdates': {'checkin': '2020-01-01', 'checkout': '2022-03-24'}, 'additionalneeds': 'CafÃ©'}...</msg>
<var>${json}</var>
<arg>reservas_invalidas.json</arg>
<status status="PASS" start="2025-09-02T16:35:15.743994" elapsed="0.001318"/>
</kw>
<kw name="Set Global Variable" owner="BuiltIn">
<msg time="2025-09-02T16:35:15.745929" level="INFO">${payload} = {'firstname': 12345, 'lastname': 'Jhonsons', 'totalprice': True, 'depositpaid': '65626', 'bookingdates': {'checkin': '2015-12-26', 'checkout': '2025-09-30'}, 'additionalneeds': 'Lanche'}</msg>
<arg>${payload}</arg>
<arg>${json["reserva_com_tipagem_incorreta"]}</arg>
<doc>Makes a variable available globally in all tests and suites.</doc>
<status status="PASS" start="2025-09-02T16:35:15.745441" elapsed="0.000585"/>
</kw>
<status status="PASS" start="2025-09-02T16:35:15.743650" elapsed="0.002490"/>
</kw>
<kw name="POST Endpoint /booking" owner="booking_keywords">
<kw name="Create Dictionary" owner="BuiltIn">
<msg time="2025-09-02T16:35:15.747914" level="INFO">&amp;{header} = { Content-Type=application/json | Accept=application/json }</msg>
<var>&amp;{header}</var>
<arg>Content-Type=application/json</arg>
<arg>Accept=application/json</arg>
<doc>Creates and returns a dictionary based on the given ``items``.</doc>
<status status="PASS" start="2025-09-02T16:35:15.747643" elapsed="0.000294"/>
</kw>
<kw name="POST On Session" owner="RequestsLibrary">
<msg time="2025-09-02T16:35:15.907596" level="INFO">POST Request : url=https://restful-booker.herokuapp.com/booking 
 path_url=/booking 
 headers={'User-Agent': 'python-requests/2.32.5', 'Accept-Encoding': 'gzip, deflate', 'Accept': '*/*', 'Connection': 'keep-alive', 'Content-Length': '186', 'Content-Type': 'application/json'} 
 body=b'{"firstname": 12345, "lastname": "Jhonsons", "totalprice": true, "depositpaid": "65626", "bookingdates": {"checkin": "2015-12-26", "checkout": "2025-09-30"}, "additionalneeds": "Lanche"}' 
 </msg>
<msg time="2025-09-02T16:35:15.907717" level="INFO">POST Response : url=https://restful-booker.herokuapp.com/booking 
 status=500, reason=Internal Server Error 
 headers={'Content-Length': '21', 'Content-Type': 'text/plain; charset=utf-8', 'Date': 'Tue, 02 Sep 2025 19:35:16 GMT', 'Etag': 'W/"15-/6VXivhc2MKdLfIkLcUE47K6aH0"', 'Nel': '{"report_to":"heroku-nel","response_headers":["Via"],"max_age":3600,"success_fraction":0.01,"failure_fraction":0.1}', 'Report-To': '{"group":"heroku-nel","endpoints":[{"url":"https://nel.heroku.com/reports?s=U7SQmIGDPi%2FyzCCyzxhKKFeKz%2FYJvCGQD%2FPl968UYBw%3D\\u0026sid=c46efe9b-d3d2-4a0c-8c76-bfafa16c5add\\u0026ts=1756841716"}],"max_age":3600}', 'Reporting-Endpoints': 'heroku-nel="https://nel.heroku.com/reports?s=U7SQmIGDPi%2FyzCCyzxhKKFeKz%2FYJvCGQD%2FPl968UYBw%3D&amp;sid=c46efe9b-d3d2-4a0c-8c76-bfafa16c5add&amp;ts=1756841716"', 'Server': 'Heroku', 'Via': '1.1 heroku-router', 'X-Powered-By': 'Express'} 
 body=Internal Server Error 
 </msg>
<msg time="2025-09-02T16:35:15.907807" level="INFO">C:\Users\Lívia\AppData\Local\Programs\Python\Python313\Lib\site-packages\urllib3\connectionpool.py:1097: InsecureRequestWarning: Unverified HTTPS request is being made to host 'restful-booker.herokuapp.com'. Adding certificate verification is strongly advised. See: https://urllib3.readthedocs.io/en/latest/advanced-usage.html#tls-warnings
  warnings.warn(</msg>
<msg time="2025-09-02T16:35:15.908532" level="INFO">${response} = &lt;Response [500]&gt;</msg>
<var>${response}</var>
<arg>restful-booker</arg>
<arg>/booking</arg>
<arg>json=${payload}</arg>
<arg>expected_status=any</arg>
<doc>Sends a POST request on a previously created HTTP Session.</doc>
<status status="PASS" start="2025-09-02T16:35:15.748030" elapsed="0.160664"/>
</kw>
<kw name="Set Global Variable" owner="BuiltIn">
<msg time="2025-09-02T16:35:15.910080" level="FAIL">Resolving variable '${response.json()["bookingid"]}' failed: JSONDecodeError: Expecting value: line 1 column 1 (char 0)</msg>
<arg>${ID_RESERVA}</arg>
<arg>${response.json()["bookingid"]}</arg>
<doc>Makes a variable available globally in all tests and suites.</doc>
<status status="FAIL" start="2025-09-02T16:35:15.909284" elapsed="0.000847">Resolving variable '${response.json()["bookingid"]}' failed: JSONDecodeError: Expecting value: line 1 column 1 (char 0)</status>
</kw>
<kw name="Set Global Variable" owner="BuiltIn">
<arg>${response}</arg>
<doc>Makes a variable available globally in all tests and suites.</doc>
<status status="NOT RUN" start="2025-09-02T16:35:15.910296" elapsed="0.000048"/>
</kw>
<status status="FAIL" start="2025-09-02T16:35:15.746922" elapsed="0.163536">Resolving variable '${response.json()["bookingid"]}' failed: JSONDecodeError: Expecting value: line 1 column 1 (char 0)</status>
</kw>
<kw name="Validar Status Code" owner="common">
<arg>status_code=400</arg>
<status status="NOT RUN" start="2025-09-02T16:35:15.910955" elapsed="0.000035"/>
</kw>
<tag>POST</tag>
<status status="FAIL" start="2025-09-02T16:35:15.742888" elapsed="0.168527">Resolving variable '${response.json()["bookingid"]}' failed: JSONDecodeError: Expecting value: line 1 column 1 (char 0)</status>
</test>
<test id="s1-t9" name="Cenario 09: Criar reserva com campos com valores numéricos inválidos" line="59">
<kw name="Pegar Dados Reserva Estatica com Valor Numerico Invalido" owner="booking_keywords">
<kw name="Importar JSON" owner="common">
<kw name="Load Json From File" owner="JSONLibrary">
<msg time="2025-09-02T16:35:15.915062" level="INFO">${data} = {'reserva_com_campos_faltando': {'firstname': '', 'lastname': '', 'totalprice': 620, 'depositpaid': '', 'bookingdates': {'checkin': '2020-01-01', 'checkout': '2022-03-24'}, 'additionalneeds': 'CafÃ©'}...</msg>
<var>${data}</var>
<arg>${EXECDIR}/Documentos/Sprint 06/Semana 11/Teste da API restful-booker com Robot Refatorado/support/fixtures/static/${nome_arquivo}</arg>
<doc>Load JSON from file.</doc>
<status status="PASS" start="2025-09-02T16:35:15.914416" elapsed="0.000680"/>
</kw>
<return>
<value>${data}</value>
<status status="PASS" start="2025-09-02T16:35:15.915152" elapsed="0.000037"/>
</return>
<msg time="2025-09-02T16:35:15.915326" level="INFO">${json} = {'reserva_com_campos_faltando': {'firstname': '', 'lastname': '', 'totalprice': 620, 'depositpaid': '', 'bookingdates': {'checkin': '2020-01-01', 'checkout': '2022-03-24'}, 'additionalneeds': 'CafÃ©'}...</msg>
<var>${json}</var>
<arg>reservas_invalidas.json</arg>
<status status="PASS" start="2025-09-02T16:35:15.914215" elapsed="0.001133"/>
</kw>
<kw name="Set Global Variable" owner="BuiltIn">
<msg time="2025-09-02T16:35:15.915851" level="INFO">${payload} = {'firstname': 'Ana', 'lastname': 'Fernandes', 'totalprice': -450, 'depositpaid': False, 'bookingdates': {'checkin': '2017-10-12', 'checkout': '2017-10-17'}, 'additionalneeds': 'ChÃ¡'}</msg>
<arg>${payload}</arg>
<arg>${json["reserva_com_valor_numerico_invalido"]}</arg>
<doc>Makes a variable available globally in all tests and suites.</doc>
<status status="PASS" start="2025-09-02T16:35:15.915471" elapsed="0.000418"/>
</kw>
<status status="PASS" start="2025-09-02T16:35:15.913944" elapsed="0.001990"/>
</kw>
<kw name="POST Endpoint /booking" owner="booking_keywords">
<kw name="Create Dictionary" owner="BuiltIn">
<msg time="2025-09-02T16:35:15.916685" level="INFO">&amp;{header} = { Content-Type=application/json | Accept=application/json }</msg>
<var>&amp;{header}</var>
<arg>Content-Type=application/json</arg>
<arg>Accept=application/json</arg>
<doc>Creates and returns a dictionary based on the given ``items``.</doc>
<status status="PASS" start="2025-09-02T16:35:15.916544" elapsed="0.000161"/>
</kw>
<kw name="POST On Session" owner="RequestsLibrary">
<msg time="2025-09-02T16:35:16.075238" level="INFO">POST Request : url=https://restful-booker.herokuapp.com/booking 
 path_url=/booking 
 headers={'User-Agent': 'python-requests/2.32.5', 'Accept-Encoding': 'gzip, deflate', 'Accept': '*/*', 'Connection': 'keep-alive', 'Content-Length': '193', 'Content-Type': 'application/json'} 
 body=b'{"firstname": "Ana", "lastname": "Fernandes", "totalprice": -450, "depositpaid": false, "bookingdates": {"checkin": "2017-10-12", "checkout": "2017-10-17"}, "additionalneeds": "Ch\\u00c3\\u00a1"}' 
 </msg>
<msg time="2025-09-02T16:35:16.075320" level="INFO">POST Response : url=https://restful-booker.herokuapp.com/booking 
 status=200, reason=OK 
 headers={'Content-Length': '200', 'Content-Type': 'application/json; charset=utf-8', 'Date': 'Tue, 02 Sep 2025 19:35:16 GMT', 'Etag': 'W/"c8-djl8g/BoBKWLi5BPKNV9L9HTQ1A"', 'Nel': '{"report_to":"heroku-nel","response_headers":["Via"],"max_age":3600,"success_fraction":0.01,"failure_fraction":0.1}', 'Report-To': '{"group":"heroku-nel","endpoints":[{"url":"https://nel.heroku.com/reports?s=U7SQmIGDPi%2FyzCCyzxhKKFeKz%2FYJvCGQD%2FPl968UYBw%3D\\u0026sid=c46efe9b-d3d2-4a0c-8c76-bfafa16c5add\\u0026ts=1756841716"}],"max_age":3600}', 'Reporting-Endpoints': 'heroku-nel="https://nel.heroku.com/reports?s=U7SQmIGDPi%2FyzCCyzxhKKFeKz%2FYJvCGQD%2FPl968UYBw%3D&amp;sid=c46efe9b-d3d2-4a0c-8c76-bfafa16c5add&amp;ts=1756841716"', 'Server': 'Heroku', 'Via': '1.1 heroku-router', 'X-Powered-By': 'Express'} 
 body={"bookingid":2159,"booking":{"firstname":"Ana","lastname":"Fernandes","totalprice":-450,"depositpaid":false,"bookingdates":{"checkin":"2017-10-12","checkout":"2017-10-17"},"additionalneeds":"ChÃ¡"}} 
 </msg>
<msg time="2025-09-02T16:35:16.075370" level="INFO">C:\Users\Lívia\AppData\Local\Programs\Python\Python313\Lib\site-packages\urllib3\connectionpool.py:1097: InsecureRequestWarning: Unverified HTTPS request is being made to host 'restful-booker.herokuapp.com'. Adding certificate verification is strongly advised. See: https://urllib3.readthedocs.io/en/latest/advanced-usage.html#tls-warnings
  warnings.warn(</msg>
<msg time="2025-09-02T16:35:16.075846" level="INFO">${response} = &lt;Response [200]&gt;</msg>
<var>${response}</var>
<arg>restful-booker</arg>
<arg>/booking</arg>
<arg>json=${payload}</arg>
<arg>expected_status=any</arg>
<doc>Sends a POST request on a previously created HTTP Session.</doc>
<status status="PASS" start="2025-09-02T16:35:15.916786" elapsed="0.159108"/>
</kw>
<kw name="Set Global Variable" owner="BuiltIn">
<msg time="2025-09-02T16:35:16.076546" level="INFO">${ID_RESERVA} = 2159</msg>
<arg>${ID_RESERVA}</arg>
<arg>${response.json()["bookingid"]}</arg>
<doc>Makes a variable available globally in all tests and suites.</doc>
<status status="PASS" start="2025-09-02T16:35:16.076108" elapsed="0.000469"/>
</kw>
<kw name="Set Global Variable" owner="BuiltIn">
<msg time="2025-09-02T16:35:16.076781" level="INFO">${response} = &lt;Response [200]&gt;</msg>
<arg>${response}</arg>
<doc>Makes a variable available globally in all tests and suites.</doc>
<status status="PASS" start="2025-09-02T16:35:16.076682" elapsed="0.000122"/>
</kw>
<status status="PASS" start="2025-09-02T16:35:15.916355" elapsed="0.160488"/>
</kw>
<kw name="Validar Status Code" owner="common">
<kw name="Should Be True" owner="BuiltIn">
<msg time="2025-09-02T16:35:16.077832" level="FAIL">'200==400' should be true.</msg>
<arg>${response.status_code}==${status_code}</arg>
<doc>Fails if the given condition is not true.</doc>
<status status="FAIL" start="2025-09-02T16:35:16.077366" elapsed="0.000527">'200==400' should be true.</status>
</kw>
<arg>status_code=400</arg>
<status status="FAIL" start="2025-09-02T16:35:16.077180" elapsed="0.000779">'200==400' should be true.</status>
</kw>
<tag>POST</tag>
<status status="FAIL" start="2025-09-02T16:35:15.913055" elapsed="0.165253">'200==400' should be true.</status>
</test>
<test id="s1-t10" name="Cenario 10: Editar reserva com campos nulos" line="65">
<kw name="Pegar Dados Login Estatico Valido" owner="login_keywords">
<kw name="Importar JSON" owner="common">
<kw name="Load Json From File" owner="JSONLibrary">
<msg time="2025-09-02T16:35:16.081626" level="INFO">${data} = {'usuario_valido': {'username': 'admin', 'password': 'password123'}, 'usuario_com_username_vazio': {'username': '', 'password': 'password123'}, 'usuario_com_senha_vazia': {'username': 'admin', 'passwo...</msg>
<var>${data}</var>
<arg>${EXECDIR}/Documentos/Sprint 06/Semana 11/Teste da API restful-booker com Robot Refatorado/support/fixtures/static/${nome_arquivo}</arg>
<doc>Load JSON from file.</doc>
<status status="PASS" start="2025-09-02T16:35:16.081250" elapsed="0.000401"/>
</kw>
<return>
<value>${data}</value>
<status status="PASS" start="2025-09-02T16:35:16.081694" elapsed="0.000032"/>
</return>
<msg time="2025-09-02T16:35:16.081822" level="INFO">${json} = {'usuario_valido': {'username': 'admin', 'password': 'password123'}, 'usuario_com_username_vazio': {'username': '', 'password': 'password123'}, 'usuario_com_senha_vazia': {'username': 'admin', 'passwo...</msg>
<var>${json}</var>
<arg>credenciais_login.json</arg>
<status status="PASS" start="2025-09-02T16:35:16.081079" elapsed="0.000758"/>
</kw>
<kw name="Set Global Variable" owner="BuiltIn">
<msg time="2025-09-02T16:35:16.082243" level="INFO">${payload} = {'username': 'admin', 'password': 'password123'}</msg>
<arg>${payload}</arg>
<arg>${json["usuario_valido"]}</arg>
<doc>Makes a variable available globally in all tests and suites.</doc>
<status status="PASS" start="2025-09-02T16:35:16.081930" elapsed="0.000344"/>
</kw>
<status status="PASS" start="2025-09-02T16:35:16.080814" elapsed="0.001500"/>
</kw>
<kw name="POST Endpoint /auth" owner="login_keywords">
<kw name="POST On Session" owner="RequestsLibrary">
<msg time="2025-09-02T16:35:16.243245" level="INFO">POST Request : url=https://restful-booker.herokuapp.com/auth 
 path_url=/auth 
 headers={'User-Agent': 'python-requests/2.32.5', 'Accept-Encoding': 'gzip, deflate', 'Accept': '*/*', 'Connection': 'keep-alive', 'Content-Length': '48', 'Content-Type': 'application/json'} 
 body=b'{"username": "admin", "password": "password123"}' 
 </msg>
<msg time="2025-09-02T16:35:16.243366" level="INFO">POST Response : url=https://restful-booker.herokuapp.com/auth 
 status=200, reason=OK 
 headers={'Content-Length': '27', 'Content-Type': 'application/json; charset=utf-8', 'Date': 'Tue, 02 Sep 2025 19:35:16 GMT', 'Etag': 'W/"1b-98ZXL+GWZbdmzLV2wlgY+3hSI/w"', 'Nel': '{"report_to":"heroku-nel","response_headers":["Via"],"max_age":3600,"success_fraction":0.01,"failure_fraction":0.1}', 'Report-To': '{"group":"heroku-nel","endpoints":[{"url":"https://nel.heroku.com/reports?s=U7SQmIGDPi%2FyzCCyzxhKKFeKz%2FYJvCGQD%2FPl968UYBw%3D\\u0026sid=c46efe9b-d3d2-4a0c-8c76-bfafa16c5add\\u0026ts=1756841716"}],"max_age":3600}', 'Reporting-Endpoints': 'heroku-nel="https://nel.heroku.com/reports?s=U7SQmIGDPi%2FyzCCyzxhKKFeKz%2FYJvCGQD%2FPl968UYBw%3D&amp;sid=c46efe9b-d3d2-4a0c-8c76-bfafa16c5add&amp;ts=1756841716"', 'Server': 'Heroku', 'Via': '1.1 heroku-router', 'X-Powered-By': 'Express'} 
 body={"token":"a36a201a8ad1565"} 
 </msg>
<msg time="2025-09-02T16:35:16.243451" level="INFO">C:\Users\Lívia\AppData\Local\Programs\Python\Python313\Lib\site-packages\urllib3\connectionpool.py:1097: InsecureRequestWarning: Unverified HTTPS request is being made to host 'restful-booker.herokuapp.com'. Adding certificate verification is strongly advised. See: https://urllib3.readthedocs.io/en/latest/advanced-usage.html#tls-warnings
  warnings.warn(</msg>
<msg time="2025-09-02T16:35:16.244151" level="INFO">${response} = &lt;Response [200]&gt;</msg>
<var>${response}</var>
<arg>restful-booker</arg>
<arg>/auth</arg>
<arg>json=${payload}</arg>
<arg>expected_status=any</arg>
<doc>Sends a POST request on a previously created HTTP Session.</doc>
<status status="PASS" start="2025-09-02T16:35:16.082874" elapsed="0.161360"/>
</kw>
<kw name="Evaluate" owner="BuiltIn">
<msg time="2025-09-02T16:35:16.244902" level="INFO">${token} = a36a201a8ad1565</msg>
<var>${token}</var>
<arg>$response.json().get("token")</arg>
<doc>Evaluates the given expression in Python and returns the result.</doc>
<status status="PASS" start="2025-09-02T16:35:16.244494" elapsed="0.000451"/>
</kw>
<if>
<branch type="IF" condition="&quot;${token}&quot; != &quot;None&quot;">
<kw name="Set Global Variable" owner="BuiltIn">
<msg time="2025-09-02T16:35:16.245542" level="INFO">${TOKEN} = a36a201a8ad1565</msg>
<arg>${TOKEN}</arg>
<arg>${token}</arg>
<doc>Makes a variable available globally in all tests and suites.</doc>
<status status="PASS" start="2025-09-02T16:35:16.245355" elapsed="0.000234"/>
</kw>
<status status="PASS" start="2025-09-02T16:35:16.245079" elapsed="0.000548"/>
</branch>
<status status="PASS" start="2025-09-02T16:35:16.245041" elapsed="0.000616"/>
</if>
<kw name="Set Global Variable" owner="BuiltIn">
<msg time="2025-09-02T16:35:16.245912" level="INFO">${response} = &lt;Response [200]&gt;</msg>
<arg>${response}</arg>
<doc>Makes a variable available globally in all tests and suites.</doc>
<status status="PASS" start="2025-09-02T16:35:16.245769" elapsed="0.000177"/>
</kw>
<status status="PASS" start="2025-09-02T16:35:16.082716" elapsed="0.163283"/>
</kw>
<kw name="Pegar Dados Reserva Estatica com Campos Nulos" owner="booking_keywords">
<kw name="Importar JSON" owner="common">
<kw name="Load Json From File" owner="JSONLibrary">
<msg time="2025-09-02T16:35:16.247418" level="INFO">${data} = {'reserva_com_campos_faltando': {'firstname': '', 'lastname': '', 'totalprice': 620, 'depositpaid': '', 'bookingdates': {'checkin': '2020-01-01', 'checkout': '2022-03-24'}, 'additionalneeds': 'CafÃ©'}...</msg>
<var>${data}</var>
<arg>${EXECDIR}/Documentos/Sprint 06/Semana 11/Teste da API restful-booker com Robot Refatorado/support/fixtures/static/${nome_arquivo}</arg>
<doc>Load JSON from file.</doc>
<status status="PASS" start="2025-09-02T16:35:16.246840" elapsed="0.000606"/>
</kw>
<return>
<value>${data}</value>
<status status="PASS" start="2025-09-02T16:35:16.247491" elapsed="0.000034"/>
</return>
<msg time="2025-09-02T16:35:16.247648" level="INFO">${json} = {'reserva_com_campos_faltando': {'firstname': '', 'lastname': '', 'totalprice': 620, 'depositpaid': '', 'bookingdates': {'checkin': '2020-01-01', 'checkout': '2022-03-24'}, 'additionalneeds': 'CafÃ©'}...</msg>
<var>${json}</var>
<arg>reservas_invalidas.json</arg>
<status status="PASS" start="2025-09-02T16:35:16.246626" elapsed="0.001038"/>
</kw>
<kw name="Set Global Variable" owner="BuiltIn">
<msg time="2025-09-02T16:35:16.248053" level="INFO">${payload} = {'firstname': '', 'lastname': '', 'totalprice': 620, 'depositpaid': '', 'bookingdates': {'checkin': '2020-01-01', 'checkout': '2022-03-24'}, 'additionalneeds': 'CafÃ©'}</msg>
<arg>${payload}</arg>
<arg>${json["reserva_com_campos_faltando"]}</arg>
<doc>Makes a variable available globally in all tests and suites.</doc>
<status status="PASS" start="2025-09-02T16:35:16.247748" elapsed="0.000332"/>
</kw>
<status status="PASS" start="2025-09-02T16:35:16.246378" elapsed="0.001737"/>
</kw>
<kw name="PUT Endpoint /booking/id" owner="booking_keywords">
<kw name="Create Dictionary" owner="BuiltIn">
<msg time="2025-09-02T16:35:16.248711" level="INFO">&amp;{header} = { Content-Type=application/json | Accept=application/json | Cookie=token=a36a201a8ad1565 }</msg>
<var>&amp;{header}</var>
<arg>Content-Type=application/json</arg>
<arg>Accept=application/json</arg>
<arg>Cookie=token=${token}</arg>
<doc>Creates and returns a dictionary based on the given ``items``.</doc>
<status status="PASS" start="2025-09-02T16:35:16.248575" elapsed="0.000151"/>
</kw>
<kw name="PUT On Session" owner="RequestsLibrary">
<msg time="2025-09-02T16:35:16.417963" level="INFO">PUT Request : url=https://restful-booker.herokuapp.com/booking/2159 
 path_url=/booking/2159 
 headers={'User-Agent': 'python-requests/2.32.5', 'Accept-Encoding': 'gzip, deflate', 'Accept': 'application/json', 'Connection': 'keep-alive', 'Content-Type': 'application/json', 'Cookie': 'token=a36a201a8ad1565', 'Content-Length': '178'} 
 body=b'{"firstname": "", "lastname": "", "totalprice": 620, "depositpaid": "", "bookingdates": {"checkin": "2020-01-01", "checkout": "2022-03-24"}, "additionalneeds": "Caf\\u00c3\\u00a9"}' 
 </msg>
<msg time="2025-09-02T16:35:16.418166" level="INFO">PUT Response : url=https://restful-booker.herokuapp.com/booking/2159 
 status=200, reason=OK 
 headers={'Content-Length': '159', 'Content-Type': 'application/json; charset=utf-8', 'Date': 'Tue, 02 Sep 2025 19:35:16 GMT', 'Etag': 'W/"9f-OzJx6GcJbVmZWhgBWk5p6BpBLdA"', 'Nel': '{"report_to":"heroku-nel","response_headers":["Via"],"max_age":3600,"success_fraction":0.01,"failure_fraction":0.1}', 'Report-To': '{"group":"heroku-nel","endpoints":[{"url":"https://nel.heroku.com/reports?s=U7SQmIGDPi%2FyzCCyzxhKKFeKz%2FYJvCGQD%2FPl968UYBw%3D\\u0026sid=c46efe9b-d3d2-4a0c-8c76-bfafa16c5add\\u0026ts=1756841716"}],"max_age":3600}', 'Reporting-Endpoints': 'heroku-nel="https://nel.heroku.com/reports?s=U7SQmIGDPi%2FyzCCyzxhKKFeKz%2FYJvCGQD%2FPl968UYBw%3D&amp;sid=c46efe9b-d3d2-4a0c-8c76-bfafa16c5add&amp;ts=1756841716"', 'Server': 'Heroku', 'Via': '1.1 heroku-router', 'X-Powered-By': 'Express'} 
 body={"firstname":"","lastname":"","totalprice":620,"depositpaid":false,"bookingdates":{"checkin":"2020-01-01","checkout":"2022-03-24"},"additionalneeds":"CafÃ©"} 
 </msg>
<msg time="2025-09-02T16:35:16.418251" level="INFO">C:\Users\Lívia\AppData\Local\Programs\Python\Python313\Lib\site-packages\urllib3\connectionpool.py:1097: InsecureRequestWarning: Unverified HTTPS request is being made to host 'restful-booker.herokuapp.com'. Adding certificate verification is strongly advised. See: https://urllib3.readthedocs.io/en/latest/advanced-usage.html#tls-warnings
  warnings.warn(</msg>
<msg time="2025-09-02T16:35:16.418942" level="INFO">${response} = &lt;Response [200]&gt;</msg>
<var>${response}</var>
<arg>restful-booker</arg>
<arg>/booking/${id_reserva}</arg>
<arg>json=${payload}</arg>
<arg>headers=${header}</arg>
<arg>expected_status=any</arg>
<doc>Sends a PUT request on a previously created HTTP Session.</doc>
<status status="PASS" start="2025-09-02T16:35:16.248791" elapsed="0.170213"/>
</kw>
<kw name="Set Global Variable" owner="BuiltIn">
<msg time="2025-09-02T16:35:16.419433" level="INFO">${response} = &lt;Response [200]&gt;</msg>
<arg>${response}</arg>
<doc>Makes a variable available globally in all tests and suites.</doc>
<status status="PASS" start="2025-09-02T16:35:16.419224" elapsed="0.000252"/>
</kw>
<kw name="Log To Console" owner="BuiltIn">
<arg>${response.json()}</arg>
<doc>Logs the given message to the console.</doc>
<status status="PASS" start="2025-09-02T16:35:16.419724" elapsed="0.000853"/>
</kw>
<arg>${ID_RESERVA}</arg>
<arg>${TOKEN}</arg>
<status status="PASS" start="2025-09-02T16:35:16.248403" elapsed="0.172262"/>
</kw>
<kw name="Validar Status Code" owner="common">
<kw name="Should Be True" owner="BuiltIn">
<msg time="2025-09-02T16:35:16.421801" level="FAIL">'200==400' should be true.</msg>
<arg>${response.status_code}==${status_code}</arg>
<doc>Fails if the given condition is not true.</doc>
<status status="FAIL" start="2025-09-02T16:35:16.421255" elapsed="0.001091">'200==400' should be true.</status>
</kw>
<arg>status_code=400</arg>
<status status="FAIL" start="2025-09-02T16:35:16.421016" elapsed="0.001406">'200==400' should be true.</status>
</kw>
<tag>PUT</tag>
[...]
<msg time="2025-09-02T16:35:19.621752" level="INFO">${response} = &lt;Response [200]&gt;</msg>
<var>${response}</var>
<arg>restful-booker</arg>
<arg>/auth</arg>
<arg>json=${payload}</arg>
<arg>expected_status=any</arg>
<doc>Sends a POST request on a previously created HTTP Session.</doc>
<status status="PASS" start="2025-09-02T16:35:19.456932" elapsed="0.164886"/>
</kw>
<kw name="Evaluate" owner="BuiltIn">
<msg time="2025-09-02T16:35:19.623184" level="INFO">${token} = 3518e8ca57b558e</msg>
<var>${token}</var>
<arg>$response.json().get("token")</arg>
<doc>Evaluates the given expression in Python and returns the result.</doc>
<status status="PASS" start="2025-09-02T16:35:19.622230" elapsed="0.001033"/>
</kw>
<if>
<branch type="IF" condition="&quot;${token}&quot; != &quot;None&quot;">
<kw name="Set Global Variable" owner="BuiltIn">
<msg time="2025-09-02T16:35:19.624985" level="INFO">${TOKEN} = 3518e8ca57b558e</msg>
<arg>${TOKEN}</arg>
<arg>${token}</arg>
<doc>Makes a variable available globally in all tests and suites.</doc>
<status status="PASS" start="2025-09-02T16:35:19.624787" elapsed="0.000246"/>
</kw>
<status status="PASS" start="2025-09-02T16:35:19.623671" elapsed="0.001404"/>
</branch>
<status status="PASS" start="2025-09-02T16:35:19.623613" elapsed="0.001487"/>
</if>
<kw name="Set Global Variable" owner="BuiltIn">
<msg time="2025-09-02T16:35:19.625383" level="INFO">${response} = &lt;Response [200]&gt;</msg>
<arg>${response}</arg>
<doc>Makes a variable available globally in all tests and suites.</doc>
<status status="PASS" start="2025-09-02T16:35:19.625213" elapsed="0.000208"/>
</kw>
<status status="PASS" start="2025-09-02T16:35:19.456731" elapsed="0.168741"/>
</kw>
<kw name="Pegar Dados Reserva Dinamica Valida" owner="booking_keywords">
<kw name="Criar Dados Reserva Valida" owner="dynamics">
<kw name="First Name" owner="FakerLibrary">
<msg time="2025-09-02T16:35:19.626428" level="INFO">${firstname} = Erica</msg>
<var>${firstname}</var>
<status status="PASS" start="2025-09-02T16:35:19.626247" elapsed="0.000201"/>
</kw>
<kw name="Last Name" owner="FakerLibrary">
<msg time="2025-09-02T16:35:19.626685" level="INFO">${lastname} = Joseph</msg>
<var>${lastname}</var>
<status status="PASS" start="2025-09-02T16:35:19.626519" elapsed="0.000189"/>
</kw>
<kw name="Random Int" owner="FakerLibrary">
<msg time="2025-09-02T16:35:19.626857" level="INFO">${totalprice} = 8120</msg>
<var>${totalprice}</var>
<doc>Generate a random integer between two integers ``min`` and ``max`` inclusive
while observing the provided ``step`` value.</doc>
<status status="PASS" start="2025-09-02T16:35:19.626774" elapsed="0.000097"/>
</kw>
<kw name="Boolean" owner="FakerLibrary">
<msg time="2025-09-02T16:35:19.626997" level="INFO">${depositpaid} = False</msg>
<var>${depositpaid}</var>
<doc>Generate a random boolean value based on ``chance_of_getting_true``.</doc>
<status status="PASS" start="2025-09-02T16:35:19.626927" elapsed="0.000083"/>
</kw>
<kw name="Date" owner="FakerLibrary">
<msg time="2025-09-02T16:35:19.627199" level="INFO">${checkin} = 1974-09-22</msg>
<var>${checkin}</var>
<arg>pattern=%Y-%m-%d</arg>
<doc>Get a date string between January 1, 1970 and now.</doc>
<status status="PASS" start="2025-09-02T16:35:19.627065" elapsed="0.000148"/>
</kw>
<kw name="Date" owner="FakerLibrary">
<msg time="2025-09-02T16:35:19.627373" level="INFO">${checkout} = 1994-09-21</msg>
<var>${checkout}</var>
<arg>pattern=%Y-%m-%d</arg>
<doc>Get a date string between January 1, 1970 and now.</doc>
<status status="PASS" start="2025-09-02T16:35:19.627270" elapsed="0.000116"/>
</kw>
<kw name="Word" owner="FakerLibrary">
<msg time="2025-09-02T16:35:19.627529" level="INFO">${additionalneeds} = house</msg>
<var>${additionalneeds}</var>
<doc>Generate a word.</doc>
<status status="PASS" start="2025-09-02T16:35:19.627439" elapsed="0.000103"/>
</kw>
<kw name="Create Dictionary" owner="BuiltIn">
<msg time="2025-09-02T16:35:19.627745" level="INFO">&amp;{bookingdates} = { checkin=1974-09-22 | checkout=1994-09-21 }</msg>
<var>&amp;{bookingdates}</var>
<arg>checkin=${checkin}</arg>
<arg>checkout=${checkout}</arg>
<doc>Creates and returns a dictionary based on the given ``items``.</doc>
<status status="PASS" start="2025-09-02T16:35:19.627602" elapsed="0.000157"/>
</kw>
<kw name="Create Dictionary" owner="BuiltIn">
<msg time="2025-09-02T16:35:19.627990" level="INFO">${payload} = {'firstname': 'Erica', 'lastname': 'Joseph', 'totalprice': 8120, 'depositpaid': False, 'bookingdates': {'checkin': '1974-09-22', 'checkout': '1994-09-21'}, 'additionalneeds': 'house'}</msg>
<var>${payload}</var>
<arg>firstname=${firstname}</arg>
<arg>lastname=${lastname}</arg>
<arg>totalprice=${totalprice}</arg>
<arg>depositpaid=${depositpaid}</arg>
<arg>bookingdates=${bookingdates}</arg>
<arg>additionalneeds=${additionalneeds}</arg>
<doc>Creates and returns a dictionary based on the given ``items``.</doc>
<status status="PASS" start="2025-09-02T16:35:19.627818" elapsed="0.000185"/>
</kw>
<kw name="Set Global Variable" owner="BuiltIn">
<msg time="2025-09-02T16:35:19.628159" level="INFO">${payload} = {'firstname': 'Erica', 'lastname': 'Joseph', 'totalprice': 8120, 'depositpaid': False, 'bookingdates': {'checkin': '1974-09-22', 'checkout': '1994-09-21'}, 'additionalneeds': 'house'}</msg>
<arg>${payload}</arg>
<doc>Makes a variable available globally in all tests and suites.</doc>
<status status="PASS" start="2025-09-02T16:35:19.628069" elapsed="0.000110"/>
</kw>
<msg time="2025-09-02T16:35:19.628221" level="INFO">${payload} = None</msg>
<var>${payload}</var>
<status status="PASS" start="2025-09-02T16:35:19.626106" elapsed="0.002125"/>
</kw>
<kw name="Set Global Variable" owner="BuiltIn">
<msg time="2025-09-02T16:35:19.628360" level="INFO">${payload} = None</msg>
<arg>${payload}</arg>
<doc>Makes a variable available globally in all tests and suites.</doc>
<status status="PASS" start="2025-09-02T16:35:19.628282" elapsed="0.000098"/>
</kw>
<status status="PASS" start="2025-09-02T16:35:19.625872" elapsed="0.002536"/>
</kw>
<kw name="PUT Endpoint /booking/id" owner="booking_keywords">
<kw name="Create Dictionary" owner="BuiltIn">
<msg time="2025-09-02T16:35:19.629273" level="INFO">&amp;{header} = { Content-Type=application/json | Accept=application/json | Cookie=token=3518e8ca57b558e }</msg>
<var>&amp;{header}</var>
<arg>Content-Type=application/json</arg>
<arg>Accept=application/json</arg>
<arg>Cookie=token=${token}</arg>
<doc>Creates and returns a dictionary based on the given ``items``.</doc>
<status status="PASS" start="2025-09-02T16:35:19.629128" elapsed="0.000166"/>
</kw>
<kw name="PUT On Session" owner="RequestsLibrary">
<msg time="2025-09-02T16:35:19.790231" level="INFO">PUT Request : url=https://restful-booker.herokuapp.com/booking/99999 
 path_url=/booking/99999 
 headers={'User-Agent': 'python-requests/2.32.5', 'Accept-Encoding': 'gzip, deflate', 'Accept': 'application/json', 'Connection': 'keep-alive', 'Content-Type': 'application/json', 'Cookie': 'token=3518e8ca57b558e', 'Content-Length': '0'} 
 body=None 
 </msg>
<msg time="2025-09-02T16:35:19.790403" level="INFO">PUT Response : url=https://restful-booker.herokuapp.com/booking/99999 
 status=400, reason=Bad Request 
 headers={'Content-Length': '11', 'Content-Type': 'text/plain; charset=utf-8', 'Date': 'Tue, 02 Sep 2025 19:35:20 GMT', 'Etag': 'W/"b-EFiDB1U+dmqzx9Mo2UjcZ1SJPO8"', 'Nel': '{"report_to":"heroku-nel","response_headers":["Via"],"max_age":3600,"success_fraction":0.01,"failure_fraction":0.1}', 'Report-To': '{"group":"heroku-nel","endpoints":[{"url":"https://nel.heroku.com/reports?s=lxMc1FU1pEQMLQv3vr6DhYTkcBw4df3b1sK1Vikrtr4%3D\\u0026sid=c46efe9b-d3d2-4a0c-8c76-bfafa16c5add\\u0026ts=1756841720"}],"max_age":3600}', 'Reporting-Endpoints': 'heroku-nel="https://nel.heroku.com/reports?s=lxMc1FU1pEQMLQv3vr6DhYTkcBw4df3b1sK1Vikrtr4%3D&amp;sid=c46efe9b-d3d2-4a0c-8c76-bfafa16c5add&amp;ts=1756841720"', 'Server': 'Heroku', 'Via': '1.1 heroku-router', 'X-Powered-By': 'Express'} 
 body=Bad Request 
 </msg>
<msg time="2025-09-02T16:35:19.790651" level="INFO">C:\Users\Lívia\AppData\Local\Programs\Python\Python313\Lib\site-packages\urllib3\connectionpool.py:1097: InsecureRequestWarning: Unverified HTTPS request is being made to host 'restful-booker.herokuapp.com'. Adding certificate verification is strongly advised. See: https://urllib3.readthedocs.io/en/latest/advanced-usage.html#tls-warnings
  warnings.warn(</msg>
<msg time="2025-09-02T16:35:19.791576" level="INFO">${response} = &lt;Response [400]&gt;</msg>
<var>${response}</var>
<arg>restful-booker</arg>
<arg>/booking/${id_reserva}</arg>
<arg>json=${payload}</arg>
<arg>headers=${header}</arg>
<arg>expected_status=any</arg>
<doc>Sends a PUT request on a previously created HTTP Session.</doc>
<status status="PASS" start="2025-09-02T16:35:19.629381" elapsed="0.162338"/>
</kw>
<kw name="Set Global Variable" owner="BuiltIn">
<msg time="2025-09-02T16:35:19.792481" level="INFO">${response} = &lt;Response [400]&gt;</msg>
<arg>${response}</arg>
<doc>Makes a variable available globally in all tests and suites.</doc>
<status status="PASS" start="2025-09-02T16:35:19.792086" elapsed="0.000478"/>
</kw>
<kw name="Log To Console" owner="BuiltIn">
<msg time="2025-09-02T16:35:19.793510" level="FAIL">Resolving variable '${response.json()}' failed: JSONDecodeError: Expecting value: line 1 column 1 (char 0)</msg>
<arg>${response.json()}</arg>
<doc>Logs the given message to the console.</doc>
<status status="FAIL" start="2025-09-02T16:35:19.792771" elapsed="0.000803">Resolving variable '${response.json()}' failed: JSONDecodeError: Expecting value: line 1 column 1 (char 0)</status>
</kw>
<arg>99999</arg>
<arg>${TOKEN}</arg>
<status status="FAIL" start="2025-09-02T16:35:19.628909" elapsed="0.164826">Resolving variable '${response.json()}' failed: JSONDecodeError: Expecting value: line 1 column 1 (char 0)</status>
</kw>
<kw name="Validar Status Code" owner="common">
<arg>status_code=405</arg>
<status status="NOT RUN" start="2025-09-02T16:35:19.794403" elapsed="0.000047"/>
</kw>
<tag>PUT</tag>
<status status="FAIL" start="2025-09-02T16:35:19.454458" elapsed="0.340516">Resolving variable '${response.json()}' failed: JSONDecodeError: Expecting value: line 1 column 1 (char 0)</status>
</test>
<test id="s1-t26" name="Cenario 26: Excluir reserva inexistente" line="168">
<kw name="Pegar Dados Login Estatico Valido" owner="login_keywords">
<kw name="Importar JSON" owner="common">
<kw name="Load Json From File" owner="JSONLibrary">
<msg time="2025-09-02T16:35:19.798961" level="INFO">${data} = {'usuario_valido': {'username': 'admin', 'password': 'password123'}, 'usuario_com_username_vazio': {'username': '', 'password': 'password123'}, 'usuario_com_senha_vazia': {'username': 'admin', 'passwo...</msg>
<var>${data}</var>
<arg>${EXECDIR}/Documentos/Sprint 06/Semana 11/Teste da API restful-booker com Robot Refatorado/support/fixtures/static/${nome_arquivo}</arg>
<doc>Load JSON from file.</doc>
<status status="PASS" start="2025-09-02T16:35:19.798367" elapsed="0.000632"/>
</kw>
<return>
<value>${data}</value>
<status status="PASS" start="2025-09-02T16:35:19.799054" elapsed="0.000038"/>
</return>
<msg time="2025-09-02T16:35:19.799201" level="INFO">${json} = {'usuario_valido': {'username': 'admin', 'password': 'password123'}, 'usuario_com_username_vazio': {'username': '', 'password': 'password123'}, 'usuario_com_senha_vazia': {'username': 'admin', 'passwo...</msg>
<var>${json}</var>
<arg>credenciais_login.json</arg>
<status status="PASS" start="2025-09-02T16:35:19.798126" elapsed="0.001095"/>
</kw>
<kw name="Set Global Variable" owner="BuiltIn">
<msg time="2025-09-02T16:35:19.799768" level="INFO">${payload} = {'username': 'admin', 'password': 'password123'}</msg>
<arg>${payload}</arg>
<arg>${json["usuario_valido"]}</arg>
<doc>Makes a variable available globally in all tests and suites.</doc>
<status status="PASS" start="2025-09-02T16:35:19.799335" elapsed="0.000482"/>
</kw>
<status status="PASS" start="2025-09-02T16:35:19.797797" elapsed="0.002073"/>
</kw>
<kw name="POST Endpoint /auth" owner="login_keywords">
<kw name="POST On Session" owner="RequestsLibrary">
<msg time="2025-09-02T16:35:19.961055" level="INFO">POST Request : url=https://restful-booker.herokuapp.com/auth 
 path_url=/auth 
 headers={'User-Agent': 'python-requests/2.32.5', 'Accept-Encoding': 'gzip, deflate', 'Accept': '*/*', 'Connection': 'keep-alive', 'Content-Length': '48', 'Content-Type': 'application/json'} 
 body=b'{"username": "admin", "password": "password123"}' 
 </msg>
<msg time="2025-09-02T16:35:19.961159" level="INFO">POST Response : url=https://restful-booker.herokuapp.com/auth 
 status=200, reason=OK 
 headers={'Content-Length': '27', 'Content-Type': 'application/json; charset=utf-8', 'Date': 'Tue, 02 Sep 2025 19:35:20 GMT', 'Etag': 'W/"1b-Dwv94aaAzCj3FkHrCfEy8XQRvqI"', 'Nel': '{"report_to":"heroku-nel","response_headers":["Via"],"max_age":3600,"success_fraction":0.01,"failure_fraction":0.1}', 'Report-To': '{"group":"heroku-nel","endpoints":[{"url":"https://nel.heroku.com/reports?s=lxMc1FU1pEQMLQv3vr6DhYTkcBw4df3b1sK1Vikrtr4%3D\\u0026sid=c46efe9b-d3d2-4a0c-8c76-bfafa16c5add\\u0026ts=1756841720"}],"max_age":3600}', 'Reporting-Endpoints': 'heroku-nel="https://nel.heroku.com/reports?s=lxMc1FU1pEQMLQv3vr6DhYTkcBw4df3b1sK1Vikrtr4%3D&amp;sid=c46efe9b-d3d2-4a0c-8c76-bfafa16c5add&amp;ts=1756841720"', 'Server': 'Heroku', 'Via': '1.1 heroku-router', 'X-Powered-By': 'Express'} 
 body={"token":"71377e63d6a45f3"} 
 </msg>
<msg time="2025-09-02T16:35:19.961232" level="INFO">C:\Users\Lívia\AppData\Local\Programs\Python\Python313\Lib\site-packages\urllib3\connectionpool.py:1097: InsecureRequestWarning: Unverified HTTPS request is being made to host 'restful-booker.herokuapp.com'. Adding certificate verification is strongly advised. See: https://urllib3.readthedocs.io/en/latest/advanced-usage.html#tls-warnings
  warnings.warn(</msg>
<msg time="2025-09-02T16:35:19.961770" level="INFO">${response} = &lt;Response [200]&gt;</msg>
<var>${response}</var>
<arg>restful-booker</arg>
<arg>/auth</arg>
<arg>json=${payload}</arg>
<arg>expected_status=any</arg>
<doc>Sends a POST request on a previously created HTTP Session.</doc>
<status status="PASS" start="2025-09-02T16:35:19.800641" elapsed="0.161197"/>
</kw>
<kw name="Evaluate" owner="BuiltIn">
<msg time="2025-09-02T16:35:19.962546" level="INFO">${token} = 71377e63d6a45f3</msg>
<var>${token}</var>
<arg>$response.json().get("token")</arg>
<doc>Evaluates the given expression in Python and returns the result.</doc>
<status status="PASS" start="2025-09-02T16:35:19.962214" elapsed="0.000362"/>
</kw>
<if>
<branch type="IF" condition="&quot;${token}&quot; != &quot;None&quot;">
<kw name="Set Global Variable" owner="BuiltIn">
<msg time="2025-09-02T16:35:19.963067" level="INFO">${TOKEN} = 71377e63d6a45f3</msg>
<arg>${TOKEN}</arg>
<arg>${token}</arg>
<doc>Makes a variable available globally in all tests and suites.</doc>
<status status="PASS" start="2025-09-02T16:35:19.962891" elapsed="0.000215"/>
</kw>
<status status="PASS" start="2025-09-02T16:35:19.962665" elapsed="0.000475"/>
</branch>
<status status="PASS" start="2025-09-02T16:35:19.962642" elapsed="0.000524"/>
</if>
<kw name="Set Global Variable" owner="BuiltIn">
<msg time="2025-09-02T16:35:19.963415" level="INFO">${response} = &lt;Response [200]&gt;</msg>
<arg>${response}</arg>
<doc>Makes a variable available globally in all tests and suites.</doc>
<status status="PASS" start="2025-09-02T16:35:19.963271" elapsed="0.000182"/>
</kw>
<status status="PASS" start="2025-09-02T16:35:19.800437" elapsed="0.163075"/>
</kw>
<kw name="DELETE Endpoint /booking/id" owner="booking_keywords">
<kw name="Create Dictionary" owner="BuiltIn">
<msg time="2025-09-02T16:35:19.964692" level="INFO">&amp;{header} = { Content-Type=application/json | Accept=application/json | Cookie=token=71377e63d6a45f3 }</msg>
<var>&amp;{header}</var>
<arg>Content-Type=application/json</arg>
<arg>Accept=application/json</arg>
<arg>Cookie=token=${token}</arg>
<doc>Creates and returns a dictionary based on the given ``items``.</doc>
<status status="PASS" start="2025-09-02T16:35:19.964470" elapsed="0.000254"/>
</kw>
<kw name="DELETE On Session" owner="RequestsLibrary">
<msg time="2025-09-02T16:35:20.124061" level="INFO">DELETE Request : url=https://restful-booker.herokuapp.com/booking/99999 
 path_url=/booking/99999 
 headers={'User-Agent': 'python-requests/2.32.5', 'Accept-Encoding': 'gzip, deflate', 'Accept': 'application/json', 'Connection': 'keep-alive', 'Content-Type': 'application/json', 'Cookie': 'token=71377e63d6a45f3', 'Content-Length': '0'} 
 body=None 
 </msg>
<msg time="2025-09-02T16:35:20.124126" level="INFO">DELETE Response : url=https://restful-booker.herokuapp.com/booking/99999 
 status=405, reason=Method Not Allowed 
 headers={'Content-Length': '18', 'Content-Type': 'text/plain; charset=utf-8', 'Date': 'Tue, 02 Sep 2025 19:35:20 GMT', 'Etag': 'W/"12-UGJMK66P4abaBlq0vKHJaCKuGCA"', 'Nel': '{"report_to":"heroku-nel","response_headers":["Via"],"max_age":3600,"success_fraction":0.01,"failure_fraction":0.1}', 'Report-To': '{"group":"heroku-nel","endpoints":[{"url":"https://nel.heroku.com/reports?s=lxMc1FU1pEQMLQv3vr6DhYTkcBw4df3b1sK1Vikrtr4%3D\\u0026sid=c46efe9b-d3d2-4a0c-8c76-bfafa16c5add\\u0026ts=1756841720"}],"max_age":3600}', 'Reporting-Endpoints': 'heroku-nel="https://nel.heroku.com/reports?s=lxMc1FU1pEQMLQv3vr6DhYTkcBw4df3b1sK1Vikrtr4%3D&amp;sid=c46efe9b-d3d2-4a0c-8c76-bfafa16c5add&amp;ts=1756841720"', 'Server': 'Heroku', 'Via': '1.1 heroku-router', 'X-Powered-By': 'Express'} 
 body=Method Not Allowed 
 </msg>
<msg time="2025-09-02T16:35:20.124167" level="INFO">C:\Users\Lívia\AppData\Local\Programs\Python\Python313\Lib\site-packages\urllib3\connectionpool.py:1097: InsecureRequestWarning: Unverified HTTPS request is being made to host 'restful-booker.herokuapp.com'. Adding certificate verification is strongly advised. See: https://urllib3.readthedocs.io/en/latest/advanced-usage.html#tls-warnings
  warnings.warn(</msg>
<msg time="2025-09-02T16:35:20.124716" level="INFO">${response} = &lt;Response [405]&gt;</msg>
<var>${response}</var>
<arg>restful-booker</arg>
<arg>/booking/${id_reserva}</arg>
<arg>headers=${header}</arg>
<arg>expected_status=any</arg>
<doc>Sends a DELETE request on a previously created HTTP Session.</doc>
<status status="PASS" start="2025-09-02T16:35:19.964953" elapsed="0.159799"/>
</kw>
<kw name="Set Global Variable" owner="BuiltIn">
<msg time="2025-09-02T16:35:20.125168" level="INFO">${response} = &lt;Response [405]&gt;</msg>
<arg>${response}</arg>
<doc>Makes a variable available globally in all tests and suites.</doc>
<status status="PASS" start="2025-09-02T16:35:20.125000" elapsed="0.000202"/>
</kw>
<arg>99999</arg>
<arg>${TOKEN}</arg>
<status status="PASS" start="2025-09-02T16:35:19.964089" elapsed="0.161158"/>
</kw>
<kw name="Validar Status Code" owner="common">
<kw name="Should Be True" owner="BuiltIn">
<arg>${response.status_code}==${status_code}</arg>
<doc>Fails if the given condition is not true.</doc>
<status status="PASS" start="2025-09-02T16:35:20.125849" elapsed="0.000470"/>
</kw>
<arg>status_code=405</arg>
<status status="PASS" start="2025-09-02T16:35:20.125604" elapsed="0.000752"/>
</kw>
<tag>DELETE</tag>
<status status="PASS" start="2025-09-02T16:35:19.796934" elapsed="0.329688"/>
</test>
<doc>Execução dos casos de teste do endpoint /booking</doc>
<status status="FAIL" start="2025-09-02T16:35:13.583414" elapsed="6.543855"/>
</suite>
<statistics>
<total>
<stat pass="6" fail="20" skip="0">All Tests</stat>
</total>
<tag>
<stat pass="2" fail="1" skip="0">DELETE</stat>
<stat pass="1" fail="2" skip="0">GET</stat>
<stat pass="1" fail="3" skip="0">PATCH</stat>
<stat pass="2" fail="8" skip="0">POST</stat>
<stat pass="0" fail="6" skip="0">PUT</stat>
</tag>
<suite>
<stat name="Booking Tests" id="s1" pass="6" fail="20" skip="0">Booking Tests</stat>
</suite>
</statistics>
<errors>
</errors>
</robot>
